[35m[1mConsolidate compiler generated dependencies of target sport_mode_ctrl[0m
[ 10%] Built target read_low_state
[ 40%] Built target low_level_ctrl_hg
[ 40%] Built target low_level_ctrl
[ 50%] Built target read_wireless_controller
[ 60%] Built target read_motion_state
[ 70%] Built target read_low_state_hg
[ 85%] Built target g1_low_level_example
[ 90%] [32mBuilding CXX object CMakeFiles/sport_mode_ctrl.dir/src/sport_mode_ctrl.cpp.o[0m
[01m[K/home/ros_ws/ros_ws/b2_ws/src/b2_ctrl/src/sport_mode_ctrl.cpp:[m[K In member function â€˜[01m[Kvoid SportManager::key_loop()[m[Kâ€™:
[01m[K/home/ros_ws/ros_ws/b2_ws/src/b2_ctrl/src/sport_mode_ctrl.cpp:228:20:[m[K [01;31m[Kerror: [m[Kexpected unqualified-id before â€˜[01m[K=[m[Kâ€™ token
  228 |             double [01;31m[K=[m[K height;
      |                    [01;31m[K^[m[K
[01m[K/home/ros_ws/ros_ws/b2_ws/src/b2_ctrl/src/sport_mode_ctrl.cpp:229:13:[m[K [01;31m[Kerror: [m[Kâ€˜[01m[Kheight[m[Kâ€™ was not declared in this scope
  229 |             [01;31m[Kheight[m[K = getchar();
      |             [01;31m[K^~~~~~[m[K
gmake[2]: *** [CMakeFiles/sport_mode_ctrl.dir/build.make:76: CMakeFiles/sport_mode_ctrl.dir/src/sport_mode_ctrl.cpp.o] Error 1
gmake[1]: *** [CMakeFiles/Makefile2:333: CMakeFiles/sport_mode_ctrl.dir/all] Error 2
gmake: *** [Makefile:146: all] Error 2
