[01m[K/home/ros_ws/ros_ws/b2_ws/src/b2_ctrl/src/sport_mode_ctrl.cpp:[m[K In member function â€˜[01m[Kvoid KeyboardController::key_loop()[m[Kâ€™:
[01m[K/home/ros_ws/ros_ws/b2_ws/src/b2_ctrl/src/sport_mode_ctrl.cpp:99:19:[m[K [01;31m[Kerror: [m[Kâ€˜[01m[Kclass SportClient[m[Kâ€™ has no member named â€˜[01m[Kmove[m[Kâ€™; did you mean â€˜[01m[KMove[m[Kâ€™?
   99 |         sport_req.[01;31m[Kmove[m[K(request, path_point_tmp.vx, path_point_tmp.vy, path_point_tmp.vyaw);
      |                   [01;31m[K^~~~[m[K
      |                   [32m[KMove[m[K
gmake[2]: *** [CMakeFiles/sport_mode_ctrl.dir/build.make:76: CMakeFiles/sport_mode_ctrl.dir/src/sport_mode_ctrl.cpp.o] Error 1
gmake[1]: *** [CMakeFiles/Makefile2:333: CMakeFiles/sport_mode_ctrl.dir/all] Error 2
gmake: *** [Makefile:146: all] Error 2
