[0.042s] Invoking command in '/home/ros_ws/ros_ws/b2_ws/build/b2_ctrl': CMAKE_PREFIX_PATH=${CMAKE_PREFIX_PATH}:/unitree_sdk2:/home/ros_ws/ros_ws/b2_ws/install/b2_nodes:/opt/ros/humble: /usr/bin/cmake --build /home/ros_ws/ros_ws/b2_ws/build/b2_ctrl -- -j16 -l16
[0.332s] [35m[1mConsolidate compiler generated dependencies of target sport_mode_ctrl[0m
[0.332s] [ 15%] Built target low_level_ctrl_hg
[0.332s] [ 35%] Built target low_level_ctrl
[0.334s] [ 45%] Built target g1_low_level_example
[0.335s] [ 55%] Built target read_low_state_hg
[0.336s] [ 70%] [32mBuilding CXX object CMakeFiles/sport_mode_ctrl.dir/src/sport_mode_ctrl.cpp.o[0m
[0.336s] [ 70%] Built target read_wireless_controller
[0.336s] [ 80%] Built target read_motion_state
[0.336s] [ 90%] Built target read_low_state
[2.527s] [01m[K/home/ros_ws/ros_ws/b2_ws/src/b2_ctrl/src/sport_mode_ctrl.cpp:[m[K In member function â€˜[01m[Kvoid KeyboardController::key_loop()[m[Kâ€™:
[2.527s] [01m[K/home/ros_ws/ros_ws/b2_ws/src/b2_ctrl/src/sport_mode_ctrl.cpp:99:19:[m[K [01;31m[Kerror: [m[Kâ€˜[01m[Kclass SportClient[m[Kâ€™ has no member named â€˜[01m[Kmove[m[Kâ€™; did you mean â€˜[01m[KMove[m[Kâ€™?
[2.527s]    99 |         sport_req.[01;31m[Kmove[m[K(request, path_point_tmp.vx, path_point_tmp.vy, path_point_tmp.vyaw);
[2.527s]       |                   [01;31m[K^~~~[m[K
[2.527s]       |                   [32m[KMove[m[K
[3.871s] gmake[2]: *** [CMakeFiles/sport_mode_ctrl.dir/build.make:76: CMakeFiles/sport_mode_ctrl.dir/src/sport_mode_ctrl.cpp.o] Error 1
[3.871s] gmake[1]: *** [CMakeFiles/Makefile2:333: CMakeFiles/sport_mode_ctrl.dir/all] Error 2
[3.871s] gmake: *** [Makefile:146: all] Error 2
[3.873s] Invoked command in '/home/ros_ws/ros_ws/b2_ws/build/b2_ctrl' returned '2': CMAKE_PREFIX_PATH=${CMAKE_PREFIX_PATH}:/unitree_sdk2:/home/ros_ws/ros_ws/b2_ws/install/b2_nodes:/opt/ros/humble: /usr/bin/cmake --build /home/ros_ws/ros_ws/b2_ws/build/b2_ctrl -- -j16 -l16
