[01m[K/home/ros_ws/ros_ws/b2_ws/src/z1_nodes/src/z1_manager.cpp:[m[K In constructor â€˜[01m[KZ1ManagerNode::Z1ManagerNode()[m[Kâ€™:
[01m[K/home/ros_ws/ros_ws/b2_ws/src/z1_nodes/src/z1_manager.cpp:80:91:[m[K [01;31m[Kerror: [m[Kâ€˜[01m[K_1[m[Kâ€™ was not declared in this scope; did you mean â€˜[01m[Kstd::placeholders::_1[m[Kâ€™?
   80 |             "z1_cartesian_control", 10, std::bind(&Z1ManagerNode::control_callback, this, [01;31m[K_1[m[K));
      |                                                                                           [01;31m[K^~[m[K
      |                                                                                           [32m[Kstd::placeholders::_1[m[K
In file included from [01m[K/usr/include/eigen3/Eigen/Core:85[m[K,
                 from [01m[K/usr/include/eigen3/Eigen/Dense:1[m[K,
                 from [01m[K/home/ros_ws/ros_ws/b2_ws/src/z1_nodes/include/unitree_arm_sdk/math/mathTypes.h:4[m[K,
                 from [01m[K/home/ros_ws/ros_ws/b2_ws/src/z1_nodes/include/unitree_arm_sdk/message/LowlevelCmd.h:4[m[K,
                 from [01m[K/home/ros_ws/ros_ws/b2_ws/src/z1_nodes/include/unitree_arm_sdk/control/ctrlComponents.h:5[m[K,
                 from [01m[K/home/ros_ws/ros_ws/b2_ws/src/z1_nodes/include/unitree_arm_sdk/control/unitreeArm.h:4[m[K,
                 from [01m[K/home/ros_ws/ros_ws/b2_ws/src/z1_nodes/src/z1_manager.cpp:1[m[K:
[01m[K/usr/include/c++/11/functional:225:34:[m[K [01;36m[Knote: [m[Kâ€˜[01m[Kstd::placeholders::_1[m[Kâ€™ declared here
  225 |     extern const _Placeholder<1> [01;36m[K_1[m[K;
      |                                  [01;36m[K^~[m[K
gmake[2]: *** [CMakeFiles/z1_manager.dir/build.make:76: CMakeFiles/z1_manager.dir/src/z1_manager.cpp.o] Error 1
gmake[1]: *** [CMakeFiles/Makefile2:139: CMakeFiles/z1_manager.dir/all] Error 2
gmake: *** [Makefile:146: all] Error 2
