[35m[1mConsolidate compiler generated dependencies of target z1_manager[0m
[ 50%] Built target z1_parse_joint_state
[ 75%] [32mBuilding CXX object CMakeFiles/z1_manager.dir/src/z1_manager.cpp.o[0m
[01m[K/home/ros_ws/ros_ws/b2_ws/src/z1_nodes/src/z1_manager.cpp:[m[K In member function â€˜[01m[Kvoid arm_sdk_manager::startRecVConnection()[m[Kâ€™:
[01m[K/home/ros_ws/ros_ws/b2_ws/src/z1_nodes/src/z1_manager.cpp:45:9:[m[K [01;31m[Kerror: [m[Kexpected â€˜[01m[K;[m[Kâ€™ before â€˜[01m[Kif[m[Kâ€™
   45 |         [01;31m[Kif[m[K (result == 0)
      |         [01;31m[K^~[m[K
[01m[K/home/ros_ws/ros_ws/b2_ws/src/z1_nodes/src/z1_manager.cpp:49:9:[m[K [01;31m[Kerror: [m[Kâ€˜[01m[Kelse[m[Kâ€™ without a previous â€˜[01m[Kif[m[Kâ€™
   49 |         [01;31m[Kelse[m[K
      |         [01;31m[K^~~~[m[K
[01m[K/home/ros_ws/ros_ws/b2_ws/src/z1_nodes/src/z1_manager.cpp:[m[K In member function â€˜[01m[Kvoid arm_sdk_manager::setUDPConnection()[m[Kâ€™:
[01m[K/home/ros_ws/ros_ws/b2_ws/src/z1_nodes/src/z1_manager.cpp:59:9:[m[K [01;31m[Kerror: [m[Kâ€˜[01m[KresponseThread[m[Kâ€™ was not declared in this scope
   59 |         [01;31m[KresponseThread[m[K = std::thread(&arm_sdk_manager::startRecVConnection, this);
      |         [01;31m[K^~~~~~~~~~~~~~[m[K
[01m[K/home/ros_ws/ros_ws/b2_ws/src/z1_nodes/src/z1_manager.cpp:[m[K In destructor â€˜[01m[Karm_sdk_manager::~arm_sdk_manager()[m[Kâ€™:
[01m[K/home/ros_ws/ros_ws/b2_ws/src/z1_nodes/src/z1_manager.cpp:79:13:[m[K [01;31m[Kerror: [m[Kâ€˜[01m[KresponseThread[m[Kâ€™ was not declared in this scope
   79 |         if ([01;31m[KresponseThread[m[K.joinable())
      |             [01;31m[K^~~~~~~~~~~~~~[m[K
[01m[K/home/ros_ws/ros_ws/b2_ws/src/z1_nodes/src/z1_manager.cpp:[m[K In member function â€˜[01m[Kvoid Z1ManagerNode::back_to_start_callback(std::shared_ptr<z1_interfaces::srv::NoInputCommand_Request_<std::allocator<void> > >, std::shared_ptr<z1_interfaces::srv::NoInputCommand_Response_<std::allocator<void> > >)[m[Kâ€™:
[01m[K/home/ros_ws/ros_ws/b2_ws/src/z1_nodes/src/z1_manager.cpp:165:13:[m[K [01;35m[Kwarning: [m[Kstatement has no effect [[01;35m[K]8;;https://gcc.gnu.org/onlinedocs/gcc/Warning-Options.html#index-Wunused-value-Wunused-value]8;;[m[K]
  165 |             [01;35m[Krequest[m[K; //Aqui so para evitar avisos no console
      |             [01;35m[K^~~~~~~[m[K
[01m[K/home/ros_ws/ros_ws/b2_ws/src/z1_nodes/src/z1_manager.cpp:[m[K In member function â€˜[01m[Kvoid Z1ManagerNode::set_zero_callback(std::shared_ptr<z1_interfaces::srv::NoInputCommand_Request_<std::allocator<void> > >, std::shared_ptr<z1_interfaces::srv::NoInputCommand_Response_<std::allocator<void> > >)[m[Kâ€™:
[01m[K/home/ros_ws/ros_ws/b2_ws/src/z1_nodes/src/z1_manager.cpp:184:13:[m[K [01;35m[Kwarning: [m[Kstatement has no effect [[01;35m[K]8;;https://gcc.gnu.org/onlinedocs/gcc/Warning-Options.html#index-Wunused-value-Wunused-value]8;;[m[K]
  184 |             [01;35m[Krequest[m[K; //Aqui so para evitar avisos no console
      |             [01;35m[K^~~~~~~[m[K
[01m[K/home/ros_ws/ros_ws/b2_ws/src/z1_nodes/src/z1_manager.cpp:[m[K In member function â€˜[01m[Kvoid Z1ManagerNode::set_passive_callback(std::shared_ptr<z1_interfaces::srv::NoInputCommand_Request_<std::allocator<void> > >, std::shared_ptr<z1_interfaces::srv::NoInputCommand_Response_<std::allocator<void> > >)[m[Kâ€™:
[01m[K/home/ros_ws/ros_ws/b2_ws/src/z1_nodes/src/z1_manager.cpp:203:13:[m[K [01;35m[Kwarning: [m[Kstatement has no effect [[01;35m[K]8;;https://gcc.gnu.org/onlinedocs/gcc/Warning-Options.html#index-Wunused-value-Wunused-value]8;;[m[K]
  203 |             [01;35m[Krequest[m[K; //Aqui so para evitar avisos no console
      |             [01;35m[K^~~~~~~[m[K
gmake[2]: *** [CMakeFiles/z1_manager.dir/build.make:76: CMakeFiles/z1_manager.dir/src/z1_manager.cpp.o] Error 1
gmake[1]: *** [CMakeFiles/Makefile2:139: CMakeFiles/z1_manager.dir/all] Error 2
gmake: *** [Makefile:146: all] Error 2
