[0.076s] Invoking command in '/home/ros_ws/ros_ws/b2_ws/build/b2_ctrl': CMAKE_PREFIX_PATH=${CMAKE_PREFIX_PATH}:/unitree_sdk2:/home/ros_ws/ros_ws/b2_ws/install/b2_nodes:/opt/ros/humble: /usr/bin/cmake --build /home/ros_ws/ros_ws/b2_ws/build/b2_ctrl -- -j16 -l16
[0.654s] [35m[1mConsolidate compiler generated dependencies of target sport_mode_ctrl[0m
[0.654s] [ 25%] Built target low_level_ctrl
[0.654s] [ 25%] Built target read_low_state
[0.656s] [ 65%] Built target read_low_state_hg
[0.656s] [ 65%] Built target g1_low_level_example
[0.656s] [ 70%] Built target read_wireless_controller
[0.657s] [ 65%] Built target read_motion_state
[0.657s] [ 85%] Built target low_level_ctrl_hg
[0.658s] [ 90%] [32mBuilding CXX object CMakeFiles/sport_mode_ctrl.dir/src/sport_mode_ctrl.cpp.o[0m
[4.587s] [01m[K/home/ros_ws/ros_ws/b2_ws/src/b2_ctrl/src/sport_mode_ctrl.cpp:[m[K In member function â€˜[01m[Kvoid KeyboardController::key_loop()[m[Kâ€™:
[4.588s] [01m[K/home/ros_ws/ros_ws/b2_ws/src/b2_ctrl/src/sport_mode_ctrl.cpp:97:9:[m[K [01;31m[Kerror: [m[Kexpected â€˜[01m[K([m[Kâ€™ before â€˜[01m[K{[m[Kâ€™ token
[4.588s]    97 |         [01;31m[K{[m[K
[4.588s]       |         [01;31m[K^[m[K
[7.034s] gmake[2]: *** [CMakeFiles/sport_mode_ctrl.dir/build.make:76: CMakeFiles/sport_mode_ctrl.dir/src/sport_mode_ctrl.cpp.o] Error 1
[7.034s] gmake[1]: *** [CMakeFiles/Makefile2:333: CMakeFiles/sport_mode_ctrl.dir/all] Error 2
[7.035s] gmake: *** [Makefile:146: all] Error 2
[7.040s] Invoked command in '/home/ros_ws/ros_ws/b2_ws/build/b2_ctrl' returned '2': CMAKE_PREFIX_PATH=${CMAKE_PREFIX_PATH}:/unitree_sdk2:/home/ros_ws/ros_ws/b2_ws/install/b2_nodes:/opt/ros/humble: /usr/bin/cmake --build /home/ros_ws/ros_ws/b2_ws/build/b2_ctrl -- -j16 -l16
