[35m[1mConsolidate compiler generated dependencies of target b2_z1_control[0m
[  8%] Built target read_low_state
[ 21%] Built target low_level_ctrl_hg
[ 34%] Built target low_level_ctrl
[ 47%] Built target g1_low_level_example
[ 56%] Built target read_motion_state
[ 65%] Built target read_wireless_controller
[ 73%] Built target read_low_state_hg
[ 86%] Built target sport_mode_ctrl
[ 91%] [32mBuilding CXX object CMakeFiles/b2_z1_control.dir/src/b2_z1_control.cpp.o[0m
[01m[K/home/ros_ws/ros_ws/b2_ws/src/b2_ctrl/src/b2_z1_control.cpp:518:56:[m[K [01;31m[Kerror: [m[Kâ€˜[01m[Karm_command[m[Kâ€™ does not name a type
  518 |     z1_interfaces::msg::ArmControlCommand arm_command; [01;31m[Karm_command[m[K.cartesian = true;
      |                                                        [01;31m[K^~~~~~~~~~~[m[K
gmake[2]: *** [CMakeFiles/b2_z1_control.dir/build.make:76: CMakeFiles/b2_z1_control.dir/src/b2_z1_control.cpp.o] Error 1
gmake[1]: *** [CMakeFiles/Makefile2:361: CMakeFiles/b2_z1_control.dir/all] Error 2
gmake: *** [Makefile:146: all] Error 2
