[01m[K/home/ros_ws/ros_ws/b2_ws/src/b2_ctrl/src/b2_z1_control.cpp:435:29:[m[K [01;31m[Kerror: [m[Kempty character constant
  435 |             else if (key == [01;31m[K''[m[K') // J2 -
      |                             [01;31m[K^~[m[K
[01m[K/home/ros_ws/ros_ws/b2_ws/src/b2_ctrl/src/b2_z1_control.cpp:435:31:[m[K [01;35m[Kwarning: [m[Kmissing terminating ' character
  435 |             else if (key == ''[01;35m[K'[m[K) // J2 -
      |                               [01;35m[K^[m[K
[01m[K/home/ros_ws/ros_ws/b2_ws/src/b2_ctrl/src/b2_z1_control.cpp:435:31:[m[K [01;31m[Kerror: [m[Kmissing terminating ' character
  435 |             else if (key == ''[01;31m[K') // J2 -[m[K
      |                               [01;31m[K^~~~~~~~~~[m[K
[01m[K/home/ros_ws/ros_ws/b2_ws/src/b2_ctrl/src/b2_z1_control.cpp:540:2:[m[K [01;31m[Kerror: [m[Kexpected â€˜[01m[K}[m[Kâ€™ at end of input
  540 | }
      |  [01;31m[K^[m[K
[01m[K/home/ros_ws/ros_ws/b2_ws/src/b2_ctrl/src/b2_z1_control.cpp:51:1:[m[K [01;36m[Knote: [m[Kto match this â€˜[01m[K{[m[Kâ€™
   51 | [01;36m[K{[m[K
      | [01;36m[K^[m[K
[01m[K/home/ros_ws/ros_ws/b2_ws/src/b2_ctrl/src/b2_z1_control.cpp:[m[K In constructor â€˜[01m[KSportManager::SportManager()[m[Kâ€™:
[01m[K/home/ros_ws/ros_ws/b2_ws/src/b2_ctrl/src/b2_z1_control.cpp:56:9:[m[K [01;31m[Kerror: [m[Kâ€˜[01m[Kreq_publisher[m[Kâ€™ was not declared in this scope; did you mean â€˜[01m[Kcreate_publisher[m[Kâ€™?
   56 |         [01;31m[Kreq_publisher[m[K = this->create_publisher<unitree_api::msg::Request>("/api/sport/request", 10);
      |         [01;31m[K^~~~~~~~~~~~~[m[K
      |         [32m[Kcreate_publisher[m[K
[01m[K/home/ros_ws/ros_ws/b2_ws/src/b2_ctrl/src/b2_z1_control.cpp:59:9:[m[K [01;31m[Kerror: [m[Kâ€˜[01m[Karm_publisher[m[Kâ€™ was not declared in this scope; did you mean â€˜[01m[Krmw_publisher_t[m[Kâ€™?
   59 |         [01;31m[Karm_publisher[m[K = this->create_publisher<z1_interfaces::msg::ArmControlCommand>("z1_control", 10);
      |         [01;31m[K^~~~~~~~~~~~~[m[K
      |         [32m[Krmw_publisher_t[m[K
[01m[K/home/ros_ws/ros_ws/b2_ws/src/b2_ctrl/src/b2_z1_control.cpp:62:9:[m[K [01;31m[Kerror: [m[Kâ€˜[01m[Kstate_subscriber[m[Kâ€™ was not declared in this scope
   62 |         [01;31m[Kstate_subscriber[m[K = this->create_subscription<unitree_go::msg::SportModeState>(
      |         [01;31m[K^~~~~~~~~~~~~~~~[m[K
[01m[K/home/ros_ws/ros_ws/b2_ws/src/b2_ctrl/src/b2_z1_control.cpp:63:60:[m[K [01;31m[Kerror: [m[Kâ€˜[01m[Kstate_callback[m[Kâ€™ is not a member of â€˜[01m[KSportManager[m[Kâ€™
   63 |             "sportmodestate", 10, std::bind(&SportManager::[01;31m[Kstate_callback[m[K, this, _1));
      |                                                            [01;31m[K^~~~~~~~~~~~~~[m[K
[01m[K/home/ros_ws/ros_ws/b2_ws/src/b2_ctrl/src/b2_z1_control.cpp:66:9:[m[K [01;31m[Kerror: [m[Kâ€˜[01m[Ktimer_[m[Kâ€™ was not declared in this scope; did you mean â€˜[01m[Ktimer_t[m[Kâ€™?
   66 |         [01;31m[Ktimer_[m[K = this->create_wall_timer(
      |         [01;31m[K^~~~~~[m[K
      |         [32m[Ktimer_t[m[K
[01m[K/home/ros_ws/ros_ws/b2_ws/src/b2_ctrl/src/b2_z1_control.cpp:70:9:[m[K [01;31m[Kerror: [m[Kâ€˜[01m[Kkey_thread[m[Kâ€™ was not declared in this scope
   70 |         [01;31m[Kkey_thread[m[K = std::thread(get_key);
      |         [01;31m[K^~~~~~~~~~[m[K
[01m[K/home/ros_ws/ros_ws/b2_ws/src/b2_ctrl/src/b2_z1_control.cpp:[m[K In destructor â€˜[01m[Kvirtual SportManager::~SportManager()[m[Kâ€™:
[01m[K/home/ros_ws/ros_ws/b2_ws/src/b2_ctrl/src/b2_z1_control.cpp:78:13:[m[K [01;31m[Kerror: [m[Kâ€˜[01m[Kkey_thread[m[Kâ€™ was not declared in this scope
   78 |         if ([01;31m[Kkey_thread[m[K.joinable()) {
      |             [01;31m[K^~~~~~~~~~[m[K
[01m[K/home/ros_ws/ros_ws/b2_ws/src/b2_ctrl/src/b2_z1_control.cpp:[m[K In member function â€˜[01m[Kvoid SportManager::key_loop()[m[Kâ€™:
[01m[K/home/ros_ws/ros_ws/b2_ws/src/b2_ctrl/src/b2_z1_control.cpp:89:21:[m[K [01;31m[Kerror: [m[Kâ€˜[01m[Kmode_[m[Kâ€™ was not declared in this scope; did you mean â€˜[01m[Kmode_t[m[Kâ€™?
   89 |         uint mode = [01;31m[Kmode_[m[K;
      |                     [01;31m[K^~~~~[m[K
      |                     [32m[Kmode_t[m[K
[01m[K/home/ros_ws/ros_ws/b2_ws/src/b2_ctrl/src/b2_z1_control.cpp:103:17:[m[K [01;31m[Kerror: [m[Kâ€˜[01m[Ksport_req[m[Kâ€™ was not declared in this scope
  103 |                 [01;31m[Ksport_req[m[K.Move(request, path_point_tmp.vx, path_point_tmp.vy, path_point_tmp.vyaw);
      |                 [01;31m[K^~~~~~~~~[m[K
[01m[K/home/ros_ws/ros_ws/b2_ws/src/b2_ctrl/src/b2_z1_control.cpp:111:17:[m[K [01;31m[Kerror: [m[Kâ€˜[01m[Ksport_req[m[Kâ€™ was not declared in this scope
  111 |                 [01;31m[Ksport_req[m[K.Move(request, path_point_tmp.vx, path_point_tmp.vy, path_point_tmp.vyaw);
      |                 [01;31m[K^~~~~~~~~[m[K
[01m[K/home/ros_ws/ros_ws/b2_ws/src/b2_ctrl/src/b2_z1_control.cpp:119:17:[m[K [01;31m[Kerror: [m[Kâ€˜[01m[Ksport_req[m[Kâ€™ was not declared in this scope
  119 |                 [01;31m[Ksport_req[m[K.Move(request, path_point_tmp.vx, path_point_tmp.vy, path_point_tmp.vyaw);
      |                 [01;31m[K^~~~~~~~~[m[K
[01m[K/home/ros_ws/ros_ws/b2_ws/src/b2_ctrl/src/b2_z1_control.cpp:127:17:[m[K [01;31m[Kerror: [m[Kâ€˜[01m[Ksport_req[m[Kâ€™ was not declared in this scope
  127 |                 [01;31m[Ksport_req[m[K.Move(request, path_point_tmp.vx, path_point_tmp.vy, path_point_tmp.vyaw);
      |                 [01;31m[K^~~~~~~~~[m[K
[01m[K/home/ros_ws/ros_ws/b2_ws/src/b2_ctrl/src/b2_z1_control.cpp:135:17:[m[K [01;31m[Kerror: [m[Kâ€˜[01m[Ksport_req[m[Kâ€™ was not declared in this scope
  135 |                 [01;31m[Ksport_req[m[K.Move(request, path_point_tmp.vx, path_point_tmp.vy, path_point_tmp.vyaw);
      |                 [01;31m[K^~~~~~~~~[m[K
[01m[K/home/ros_ws/ros_ws/b2_ws/src/b2_ctrl/src/b2_z1_control.cpp:143:17:[m[K [01;31m[Kerror: [m[Kâ€˜[01m[Ksport_req[m[Kâ€™ was not declared in this scope
  143 |                 [01;31m[Ksport_req[m[K.Move(request, path_point_tmp.vx, path_point_tmp.vy, path_point_tmp.vyaw);
      |                 [01;31m[K^~~~~~~~~[m[K
[01m[K/home/ros_ws/ros_ws/b2_ws/src/b2_ctrl/src/b2_z1_control.cpp:149:17:[m[K [01;31m[Kerror: [m[Kâ€˜[01m[Ksport_req[m[Kâ€™ was not declared in this scope
  149 |                 [01;31m[Ksport_req[m[K.StopMove(request);
      |                 [01;31m[K^~~~~~~~~[m[K
[01m[K/home/ros_ws/ros_ws/b2_ws/src/b2_ctrl/src/b2_z1_control.cpp:156:17:[m[K [01;31m[Kerror: [m[Kâ€˜[01m[Ksport_req[m[Kâ€™ was not declared in this scope
  156 |                 [01;31m[Ksport_req[m[K.BodyHeight(request, 0);
      |                 [01;31m[K^~~~~~~~~[m[K
[01m[K/home/ros_ws/ros_ws/b2_ws/src/b2_ctrl/src/b2_z1_control.cpp:162:17:[m[K [01;31m[Kerror: [m[Kâ€˜[01m[Ksport_req[m[Kâ€™ was not declared in this scope
  162 |                 [01;31m[Ksport_req[m[K.BodyHeight(request, 0.2);
      |                 [01;31m[K^~~~~~~~~[m[K
[01m[K/home/ros_ws/ros_ws/b2_ws/src/b2_ctrl/src/b2_z1_control.cpp:168:17:[m[K [01;31m[Kerror: [m[Kâ€˜[01m[Ksport_req[m[Kâ€™ was not declared in this scope
  168 |                 [01;31m[Ksport_req[m[K.RecoveryStand(request);
      |                 [01;31m[K^~~~~~~~~[m[K
[01m[K/home/ros_ws/ros_ws/b2_ws/src/b2_ctrl/src/b2_z1_control.cpp:174:17:[m[K [01;31m[Kerror: [m[Kâ€˜[01m[Ksport_req[m[Kâ€™ was not declared in this scope
  174 |                 [01;31m[Ksport_req[m[K.StandDown(request);
      |                 [01;31m[K^~~~~~~~~[m[K
[01m[K/home/ros_ws/ros_ws/b2_ws/src/b2_ctrl/src/b2_z1_control.cpp:183:17:[m[K [01;31m[Kerror: [m[Kâ€˜[01m[Ksport_req[m[Kâ€™ was not declared in this scope
  183 |                 [01;31m[Ksport_req[m[K.StandDown(request);
      |                 [01;31m[K^~~~~~~~~[m[K
[01m[K/home/ros_ws/ros_ws/b2_ws/src/b2_ctrl/src/b2_z1_control.cpp:189:17:[m[K [01;31m[Kerror: [m[Kâ€˜[01m[Ksport_req[m[Kâ€™ was not declared in this scope
  189 |                 [01;31m[Ksport_req[m[K.BalanceStand(request);
      |                 [01;31m[K^~~~~~~~~[m[K
[01m[K/home/ros_ws/ros_ws/b2_ws/src/b2_ctrl/src/b2_z1_control.cpp:199:17:[m[K [01;31m[Kerror: [m[Kâ€˜[01m[Ksport_req[m[Kâ€™ was not declared in this scope
  199 |                 [01;31m[Ksport_req[m[K.StandUp(request);
      |                 [01;31m[K^~~~~~~~~[m[K
[01m[K/home/ros_ws/ros_ws/b2_ws/src/b2_ctrl/src/b2_z1_control.cpp:207:17:[m[K [01;31m[Kerror: [m[Kâ€˜[01m[Ksport_req[m[Kâ€™ was not declared in this scope
  207 |                 [01;31m[Ksport_req[m[K.Damp(request);
      |                 [01;31m[K^~~~~~~~~[m[K
[01m[K/home/ros_ws/ros_ws/b2_ws/src/b2_ctrl/src/b2_z1_control.cpp:220:13:[m[K [01;31m[Kerror: [m[Kâ€˜[01m[Ksport_req[m[Kâ€™ was not declared in this scope
  220 |             [01;31m[Ksport_req[m[K.BodyHeight(request, 0);
      |             [01;31m[K^~~~~~~~~[m[K
[01m[K/home/ros_ws/ros_ws/b2_ws/src/b2_ctrl/src/b2_z1_control.cpp:221:13:[m[K [01;31m[Kerror: [m[Kâ€˜[01m[Kreq_publisher[m[Kâ€™ was not declared in this scope; did you mean â€˜[01m[Kcreate_publisher[m[Kâ€™?
  221 |             [01;31m[Kreq_publisher[m[K->publish(request);
      |             [01;31m[K^~~~~~~~~~~~~[m[K
      |             [32m[Kcreate_publisher[m[K
[01m[K/home/ros_ws/ros_ws/b2_ws/src/b2_ctrl/src/b2_z1_control.cpp:258:13:[m[K [01;31m[Kerror: [m[Kâ€˜[01m[Ksport_req[m[Kâ€™ was not declared in this scope
  258 |             [01;31m[Ksport_req[m[K.Euler(request, 0.2, -0.2, 0.2);
      |             [01;31m[K^~~~~~~~~[m[K
[01m[K/home/ros_ws/ros_ws/b2_ws/src/b2_ctrl/src/b2_z1_control.cpp:265:13:[m[K [01;31m[Kerror: [m[Kâ€˜[01m[Ksport_req[m[Kâ€™ was not declared in this scope
  265 |             [01;31m[Ksport_req[m[K.Euler(request, 0.2, 0.2, 0.2);
      |             [01;31m[K^~~~~~~~~[m[K
[01m[K/home/ros_ws/ros_ws/b2_ws/src/b2_ctrl/src/b2_z1_control.cpp:272:13:[m[K [01;31m[Kerror: [m[Kâ€˜[01m[Ksport_req[m[Kâ€™ was not declared in this scope
  272 |             [01;31m[Ksport_req[m[K.Euler(request, 0.2, 0.2, -0.2);
      |             [01;31m[K^~~~~~~~~[m[K
[01m[K/home/ros_ws/ros_ws/b2_ws/src/b2_ctrl/src/b2_z1_control.cpp:279:13:[m[K [01;31m[Kerror: [m[Kâ€˜[01m[Ksport_req[m[Kâ€™ was not declared in this scope
  279 |             [01;31m[Ksport_req[m[K.Euler(request, 0.2, -0.2, -0.2);
      |             [01;31m[K^~~~~~~~~[m[K
[01m[K/home/ros_ws/ros_ws/b2_ws/src/b2_ctrl/src/b2_z1_control.cpp:299:13:[m[K [01;31m[Kerror: [m[Kâ€˜[01m[Ksport_req[m[Kâ€™ was not declared in this scope
  299 |             [01;31m[Ksport_req[m[K.BodyHeight(request, height);
      |             [01;31m[K^~~~~~~~~[m[K
[01m[K/home/ros_ws/ros_ws/b2_ws/src/b2_ctrl/src/b2_z1_control.cpp:305:17:[m[K [01;31m[Kerror: [m[Kâ€˜[01m[Karm_command[m[Kâ€™ was not declared in this scope
  305 |             if ([01;31m[Karm_command[m[K.cartesian == true)
      |                 [01;31m[K^~~~~~~~~~~[m[K
[01m[K/home/ros_ws/ros_ws/b2_ws/src/b2_ctrl/src/b2_z1_control.cpp:317:9:[m[K [01;31m[Kerror: [m[Kâ€˜[01m[Karm_command[m[Kâ€™ was not declared in this scope
  317 |         [01;31m[Karm_command[m[K.directions = {0.0, 0.0, 0.0, 0.0, 0.0, 0.0, 0.0}; // roll, pitch, yaw, x, y, z, gripper
      |         [01;31m[K^~~~~~~~~~~[m[K
[01m[K/home/ros_ws/ros_ws/b2_ws/src/b2_ctrl/src/b2_z1_control.cpp:330:17:[m[K [01;31m[Kerror: [m[Kâ€˜[01m[Karm_publisher[m[Kâ€™ was not declared in this scope; did you mean â€˜[01m[Krmw_publisher_t[m[Kâ€™?
  330 |                 [01;31m[Karm_publisher[m[K->publish(arm_command);
      |                 [01;31m[K^~~~~~~~~~~~~[m[K
      |                 [32m[Krmw_publisher_t[m[K
[01m[K/home/ros_ws/ros_ws/b2_ws/src/b2_ctrl/src/b2_z1_control.cpp:336:17:[m[K [01;31m[Kerror: [m[Kâ€˜[01m[Karm_publisher[m[Kâ€™ was not declared in this scope; did you mean â€˜[01m[Krmw_publisher_t[m[Kâ€™?
  336 |                 [01;31m[Karm_publisher[m[K->publish(arm_command);
      |                 [01;31m[K^~~~~~~~~~~~~[m[K
      |                 [32m[Krmw_publisher_t[m[K
[01m[K/home/ros_ws/ros_ws/b2_ws/src/b2_ctrl/src/b2_z1_control.cpp:342:17:[m[K [01;31m[Kerror: [m[Kâ€˜[01m[Karm_publisher[m[Kâ€™ was not declared in this scope; did you mean â€˜[01m[Krmw_publisher_t[m[Kâ€™?
  342 |                 [01;31m[Karm_publisher[m[K->publish(arm_command);
      |                 [01;31m[K^~~~~~~~~~~~~[m[K
      |                 [32m[Krmw_publisher_t[m[K
[01m[K/home/ros_ws/ros_ws/b2_ws/src/b2_ctrl/src/b2_z1_control.cpp:344:26:[m[K [01;35m[Kwarning: [m[Kcomparison with string literal results in unspecified behavior [[01;35m[K]8;;https://gcc.gnu.org/onlinedocs/gcc/Warning-Options.html#index-Waddress-Waddress]8;;[m[K]
  344 |             else if ([01;35m[Kkey == "'"[m[K) // Pitch -
      |                      [01;35m[K~~~~^~~~~~[m[K
[01m[K/home/ros_ws/ros_ws/b2_ws/src/b2_ctrl/src/b2_z1_control.cpp:344:26:[m[K [01;31m[Kerror: [m[KISO C++ forbids comparison between pointer and integer [[01;31m[K]8;;https://gcc.gnu.org/onlinedocs/gcc/Warning-Options.html#index-fpermissive-fpermissive]8;;[m[K]
[01m[K/home/ros_ws/ros_ws/b2_ws/src/b2_ctrl/src/b2_z1_control.cpp:348:17:[m[K [01;31m[Kerror: [m[Kâ€˜[01m[Karm_publisher[m[Kâ€™ was not declared in this scope; did you mean â€˜[01m[Krmw_publisher_t[m[Kâ€™?
  348 |                 [01;31m[Karm_publisher[m[K->publish(arm_command);
      |                 [01;31m[K^~~~~~~~~~~~~[m[K
      |                 [32m[Krmw_publisher_t[m[K
[01m[K/home/ros_ws/ros_ws/b2_ws/src/b2_ctrl/src/b2_z1_control.cpp:354:17:[m[K [01;31m[Kerror: [m[Kâ€˜[01m[Karm_publisher[m[Kâ€™ was not declared in this scope; did you mean â€˜[01m[Krmw_publisher_t[m[Kâ€™?
  354 |                 [01;31m[Karm_publisher[m[K->publish(arm_command);
      |                 [01;31m[K^~~~~~~~~~~~~[m[K
      |                 [32m[Krmw_publisher_t[m[K
[01m[K/home/ros_ws/ros_ws/b2_ws/src/b2_ctrl/src/b2_z1_control.cpp:356:26:[m[K [01;35m[Kwarning: [m[Kcomparison with string literal results in unspecified behavior [[01;35m[K]8;;https://gcc.gnu.org/onlinedocs/gcc/Warning-Options.html#index-Waddress-Waddress]8;;[m[K]
  356 |             else if ([01;35m[Kkey == "."[m[K) // Yaw -
      |                      [01;35m[K~~~~^~~~~~[m[K
[01m[K/home/ros_ws/ros_ws/b2_ws/src/b2_ctrl/src/b2_z1_control.cpp:356:26:[m[K [01;31m[Kerror: [m[KISO C++ forbids comparison between pointer and integer [[01;31m[K]8;;https://gcc.gnu.org/onlinedocs/gcc/Warning-Options.html#index-fpermissive-fpermissive]8;;[m[K]
[01m[K/home/ros_ws/ros_ws/b2_ws/src/b2_ctrl/src/b2_z1_control.cpp:360:17:[m[K [01;31m[Kerror: [m[Kâ€˜[01m[Karm_publisher[m[Kâ€™ was not declared in this scope; did you mean â€˜[01m[Krmw_publisher_t[m[Kâ€™?
  360 |                 [01;31m[Karm_publisher[m[K->publish(arm_command);
      |                 [01;31m[K^~~~~~~~~~~~~[m[K
      |                 [32m[Krmw_publisher_t[m[K
[01m[K/home/ros_ws/ros_ws/b2_ws/src/b2_ctrl/src/b2_z1_control.cpp:367:17:[m[K [01;31m[Kerror: [m[Kâ€˜[01m[Karm_publisher[m[Kâ€™ was not declared in this scope; did you mean â€˜[01m[Krmw_publisher_t[m[Kâ€™?
  367 |                 [01;31m[Karm_publisher[m[K->publish(arm_command);
      |                 [01;31m[K^~~~~~~~~~~~~[m[K
      |                 [32m[Krmw_publisher_t[m[K
[01m[K/home/ros_ws/ros_ws/b2_ws/src/b2_ctrl/src/b2_z1_control.cpp:373:17:[m[K [01;31m[Kerror: [m[Kâ€˜[01m[Karm_publisher[m[Kâ€™ was not declared in this scope; did you mean â€˜[01m[Krmw_publisher_t[m[Kâ€™?
  373 |                 [01;31m[Karm_publisher[m[K->publish(arm_command);
      |                 [01;31m[K^~~~~~~~~~~~~[m[K
      |                 [32m[Krmw_publisher_t[m[K
[01m[K/home/ros_ws/ros_ws/b2_ws/src/b2_ctrl/src/b2_z1_control.cpp:379:17:[m[K [01;31m[Kerror: [m[Kâ€˜[01m[Karm_publisher[m[Kâ€™ was not declared in this scope; did you mean â€˜[01m[Krmw_publisher_t[m[Kâ€™?
  379 |                 [01;31m[Karm_publisher[m[K->publish(arm_command);
      |                 [01;31m[K^~~~~~~~~~~~~[m[K
      |                 [32m[Krmw_publisher_t[m[K
[01m[K/home/ros_ws/ros_ws/b2_ws/src/b2_ctrl/src/b2_z1_control.cpp:385:17:[m[K [01;31m[Kerror: [m[Kâ€˜[01m[Karm_publisher[m[Kâ€™ was not declared in this scope; did you mean â€˜[01m[Krmw_publisher_t[m[Kâ€™?
  385 |                 [01;31m[Karm_publisher[m[K->publish(arm_command);
      |                 [01;31m[K^~~~~~~~~~~~~[m[K
      |                 [32m[Krmw_publisher_t[m[K
[01m[K/home/ros_ws/ros_ws/b2_ws/src/b2_ctrl/src/b2_z1_control.cpp:391:17:[m[K [01;31m[Kerror: [m[Kâ€˜[01m[Karm_publisher[m[Kâ€™ was not declared in this scope; did you mean â€˜[01m[Krmw_publisher_t[m[Kâ€™?
  391 |                 [01;31m[Karm_publisher[m[K->publish(arm_command);
      |                 [01;31m[K^~~~~~~~~~~~~[m[K
      |                 [32m[Krmw_publisher_t[m[K
[01m[K/home/ros_ws/ros_ws/b2_ws/src/b2_ctrl/src/b2_z1_control.cpp:397:17:[m[K [01;31m[Kerror: [m[Kâ€˜[01m[Karm_publisher[m[Kâ€™ was not declared in this scope; did you mean â€˜[01m[Krmw_publisher_t[m[Kâ€™?
  397 |                 [01;31m[Karm_publisher[m[K->publish(arm_command);
      |                 [01;31m[K^~~~~~~~~~~~~[m[K
      |                 [32m[Krmw_publisher_t[m[K
[01m[K/home/ros_ws/ros_ws/b2_ws/src/b2_ctrl/src/b2_z1_control.cpp:403:17:[m[K [01;31m[Kerror: [m[Kâ€˜[01m[Karm_publisher[m[Kâ€™ was not declared in this scope; did you mean â€˜[01m[Krmw_publisher_t[m[Kâ€™?
  403 |                 [01;31m[Karm_publisher[m[K->publish(arm_command);
      |                 [01;31m[K^~~~~~~~~~~~~[m[K
      |                 [32m[Krmw_publisher_t[m[K
[01m[K/home/ros_ws/ros_ws/b2_ws/src/b2_ctrl/src/b2_z1_control.cpp:409:17:[m[K [01;31m[Kerror: [m[Kâ€˜[01m[Karm_publisher[m[Kâ€™ was not declared in this scope; did you mean â€˜[01m[Krmw_publisher_t[m[Kâ€™?
  409 |                 [01;31m[Karm_publisher[m[K->publish(arm_command);
      |                 [01;31m[K^~~~~~~~~~~~~[m[K
      |                 [32m[Krmw_publisher_t[m[K
[01m[K/home/ros_ws/ros_ws/b2_ws/src/b2_ctrl/src/b2_z1_control.cpp:421:17:[m[K [01;31m[Kerror: [m[Kâ€˜[01m[Karm_publisher[m[Kâ€™ was not declared in this scope; did you mean â€˜[01m[Krmw_publisher_t[m[Kâ€™?
  421 |                 [01;31m[Karm_publisher[m[K->publish(arm_command);
      |                 [01;31m[K^~~~~~~~~~~~~[m[K
      |                 [32m[Krmw_publisher_t[m[K
[01m[K/home/ros_ws/ros_ws/b2_ws/src/b2_ctrl/src/b2_z1_control.cpp:427:17:[m[K [01;31m[Kerror: [m[Kâ€˜[01m[Karm_publisher[m[Kâ€™ was not declared in this scope; did you mean â€˜[01m[Krmw_publisher_t[m[Kâ€™?
  427 |                 [01;31m[Karm_publisher[m[K->publish(arm_command);
      |                 [01;31m[K^~~~~~~~~~~~~[m[K
      |                 [32m[Krmw_publisher_t[m[K
[01m[K/home/ros_ws/ros_ws/b2_ws/src/b2_ctrl/src/b2_z1_control.cpp:433:17:[m[K [01;31m[Kerror: [m[Kâ€˜[01m[Karm_publisher[m[Kâ€™ was not declared in this scope; did you mean â€˜[01m[Krmw_publisher_t[m[Kâ€™?
  433 |                 [01;31m[Karm_publisher[m[K->publish(arm_command);
      |                 [01;31m[K^~~~~~~~~~~~~[m[K
      |                 [32m[Krmw_publisher_t[m[K
[01m[K/home/ros_ws/ros_ws/b2_ws/src/b2_ctrl/src/b2_z1_control.cpp:436:13:[m[K [01;31m[Kerror: [m[Kexpected â€˜[01m[K)[m[Kâ€™ before â€˜[01m[K{[m[Kâ€™ token
  436 |             [01;31m[K{[m[K
      |             [01;31m[K^[m[K
[01m[K/home/ros_ws/ros_ws/b2_ws/src/b2_ctrl/src/b2_z1_control.cpp:435:21:[m[K [01;36m[Knote: [m[Kto match this â€˜[01m[K([m[Kâ€™
  435 |             else if [01;36m[K([m[Kkey == ''') // J2 -
      |                     [01;36m[K^[m[K
[01m[K/home/ros_ws/ros_ws/b2_ws/src/b2_ctrl/src/b2_z1_control.cpp:503:9:[m[K [01;31m[Kerror: [m[Kexpected primary-expression before â€˜[01m[K}[m[Kâ€™ token
  503 |         [01;31m[K}[m[K
      |         [01;31m[K^[m[K
[01m[K/home/ros_ws/ros_ws/b2_ws/src/b2_ctrl/src/b2_z1_control.cpp:506:9:[m[K [01;31m[Kerror: [m[Kâ€˜[01m[Kreq_publisher[m[Kâ€™ was not declared in this scope; did you mean â€˜[01m[Kcreate_publisher[m[Kâ€™?
  506 |         [01;31m[Kreq_publisher[m[K->publish(request);
      |         [01;31m[K^~~~~~~~~~~~~[m[K
      |         [32m[Kcreate_publisher[m[K
[01m[K/home/ros_ws/ros_ws/b2_ws/src/b2_ctrl/src/b2_z1_control.cpp:[m[K At global scope:
[01m[K/home/ros_ws/ros_ws/b2_ws/src/b2_ctrl/src/b2_z1_control.cpp:540:2:[m[K [01;31m[Kerror: [m[Kexpected unqualified-id at end of input
  540 | }
      |  [01;31m[K^[m[K
gmake[2]: *** [CMakeFiles/b2_z1_control.dir/build.make:76: CMakeFiles/b2_z1_control.dir/src/b2_z1_control.cpp.o] Error 1
gmake[1]: *** [CMakeFiles/Makefile2:361: CMakeFiles/b2_z1_control.dir/all] Error 2
gmake: *** [Makefile:146: all] Error 2
