[0.048s] Invoking command in '/home/ros_ws/ros_ws/b2_ws/build/b2_ctrl': CMAKE_PREFIX_PATH=/home/ros_ws/ros_ws/b2_ws/install/z1_interfaces:/home/ros_ws/ros_ws/b2_ws/install/z1_urdf:/home/ros_ws/ros_ws/b2_ws/install/z1_nodes:/home/ros_ws/ros_ws/b2_ws/install/b2_ctrl:/home/ros_ws/ros_ws/b2_ws/install/py_cpp:/home/ros_ws/ros_ws/b2_ws/install/b2_urdf:/home/ros_ws/ros_ws/unitree_ros2/cyclonedds_ws/install/unitree_hg:/home/ros_ws/ros_ws/unitree_ros2/cyclonedds_ws/install/unitree_go:/home/ros_ws/ros_ws/unitree_ros2/cyclonedds_ws/install/unitree_api:/home/ros_ws/ros_ws/unitree_ros2/cyclonedds_ws/install/rmw_cyclonedds_cpp:/home/ros_ws/ros_ws/unitree_ros2/cyclonedds_ws/install/cyclonedds:/unitree_sdk2:/home/ros_ws/ros_ws/b2_ws/install/b2_nodes:/opt/ros/humble: LD_LIBRARY_PATH=/home/ros_ws/ros_ws/b2_ws/install/z1_interfaces/lib:/home/ros_ws/ros_ws/unitree_ros2/cyclonedds_ws/install/unitree_hg/lib:/home/ros_ws/ros_ws/unitree_ros2/cyclonedds_ws/install/unitree_go/lib:/home/ros_ws/ros_ws/unitree_ros2/cyclonedds_ws/install/unitree_api/lib:/home/ros_ws/ros_ws/unitree_ros2/cyclonedds_ws/install/rmw_cyclonedds_cpp/lib:/home/ros_ws/ros_ws/unitree_ros2/cyclonedds_ws/install/cyclonedds/lib:/usr/lib/x86_64-linux-gnu/gazebo-11/plugins:/opt/ros/humble/opt/rviz_ogre_vendor/lib:/opt/ros/humble/lib/x86_64-linux-gnu:/opt/ros/humble/lib:/z1_controller/lib:/z1_sdk/lib:/z1_controller/lib:/z1_sdk/lib /usr/bin/cmake --build /home/ros_ws/ros_ws/b2_ws/build/b2_ctrl -- -j16 -l16
[0.153s] [35m[1mConsolidate compiler generated dependencies of target b2_z1_control[0m
[0.194s] [ 13%] Built target read_low_state
[0.198s] [ 21%] Built target low_level_ctrl_hg
[0.199s] [ 30%] Built target read_motion_state
[0.199s] [ 39%] Built target read_low_state_hg
[0.205s] [ 52%] Built target read_wireless_controller
[0.205s] [ 60%] Built target low_level_ctrl
[0.206s] [ 73%] Built target g1_low_level_example
[0.212s] [ 86%] Built target sport_mode_ctrl
[0.220s] [ 91%] [32mBuilding CXX object CMakeFiles/b2_z1_control.dir/src/b2_z1_control.cpp.o[0m
[0.845s] [01m[K/home/ros_ws/ros_ws/b2_ws/src/b2_ctrl/src/b2_z1_control.cpp:435:29:[m[K [01;31m[Kerror: [m[Kempty character constant
[0.846s]   435 |             else if (key == [01;31m[K''[m[K') // J2 -
[0.846s]       |                             [01;31m[K^~[m[K
[0.847s] [01m[K/home/ros_ws/ros_ws/b2_ws/src/b2_ctrl/src/b2_z1_control.cpp:435:31:[m[K [01;35m[Kwarning: [m[Kmissing terminating ' character
[0.848s]   435 |             else if (key == ''[01;35m[K'[m[K) // J2 -
[0.848s]       |                               [01;35m[K^[m[K
[0.848s] [01m[K/home/ros_ws/ros_ws/b2_ws/src/b2_ctrl/src/b2_z1_control.cpp:435:31:[m[K [01;31m[Kerror: [m[Kmissing terminating ' character
[0.848s]   435 |             else if (key == ''[01;31m[K') // J2 -[m[K
[0.848s]       |                               [01;31m[K^~~~~~~~~~[m[K
[3.640s] [01m[K/home/ros_ws/ros_ws/b2_ws/src/b2_ctrl/src/b2_z1_control.cpp:540:2:[m[K [01;31m[Kerror: [m[Kexpected â€˜[01m[K}[m[Kâ€™ at end of input
[3.640s]   540 | }
[3.640s]       |  [01;31m[K^[m[K
[3.640s] [01m[K/home/ros_ws/ros_ws/b2_ws/src/b2_ctrl/src/b2_z1_control.cpp:51:1:[m[K [01;36m[Knote: [m[Kto match this â€˜[01m[K{[m[Kâ€™
[3.640s]    51 | [01;36m[K{[m[K
[3.640s]       | [01;36m[K^[m[K
[3.650s] [01m[K/home/ros_ws/ros_ws/b2_ws/src/b2_ctrl/src/b2_z1_control.cpp:[m[K In constructor â€˜[01m[KSportManager::SportManager()[m[Kâ€™:
[3.650s] [01m[K/home/ros_ws/ros_ws/b2_ws/src/b2_ctrl/src/b2_z1_control.cpp:56:9:[m[K [01;31m[Kerror: [m[Kâ€˜[01m[Kreq_publisher[m[Kâ€™ was not declared in this scope; did you mean â€˜[01m[Kcreate_publisher[m[Kâ€™?
[3.650s]    56 |         [01;31m[Kreq_publisher[m[K = this->create_publisher<unitree_api::msg::Request>("/api/sport/request", 10);
[3.650s]       |         [01;31m[K^~~~~~~~~~~~~[m[K
[3.651s]       |         [32m[Kcreate_publisher[m[K
[3.669s] [01m[K/home/ros_ws/ros_ws/b2_ws/src/b2_ctrl/src/b2_z1_control.cpp:59:9:[m[K [01;31m[Kerror: [m[Kâ€˜[01m[Karm_publisher[m[Kâ€™ was not declared in this scope; did you mean â€˜[01m[Krmw_publisher_t[m[Kâ€™?
[3.669s]    59 |         [01;31m[Karm_publisher[m[K = this->create_publisher<z1_interfaces::msg::ArmControlCommand>("z1_control", 10);
[3.669s]       |         [01;31m[K^~~~~~~~~~~~~[m[K
[3.669s]       |         [32m[Krmw_publisher_t[m[K
[3.689s] [01m[K/home/ros_ws/ros_ws/b2_ws/src/b2_ctrl/src/b2_z1_control.cpp:62:9:[m[K [01;31m[Kerror: [m[Kâ€˜[01m[Kstate_subscriber[m[Kâ€™ was not declared in this scope
[3.689s]    62 |         [01;31m[Kstate_subscriber[m[K = this->create_subscription<unitree_go::msg::SportModeState>(
[3.689s]       |         [01;31m[K^~~~~~~~~~~~~~~~[m[K
[3.689s] [01m[K/home/ros_ws/ros_ws/b2_ws/src/b2_ctrl/src/b2_z1_control.cpp:63:60:[m[K [01;31m[Kerror: [m[Kâ€˜[01m[Kstate_callback[m[Kâ€™ is not a member of â€˜[01m[KSportManager[m[Kâ€™
[3.689s]    63 |             "sportmodestate", 10, std::bind(&SportManager::[01;31m[Kstate_callback[m[K, this, _1));
[3.689s]       |                                                            [01;31m[K^~~~~~~~~~~~~~[m[K
[3.697s] [01m[K/home/ros_ws/ros_ws/b2_ws/src/b2_ctrl/src/b2_z1_control.cpp:66:9:[m[K [01;31m[Kerror: [m[Kâ€˜[01m[Ktimer_[m[Kâ€™ was not declared in this scope; did you mean â€˜[01m[Ktimer_t[m[Kâ€™?
[3.697s]    66 |         [01;31m[Ktimer_[m[K = this->create_wall_timer(
[3.697s]       |         [01;31m[K^~~~~~[m[K
[3.698s]       |         [32m[Ktimer_t[m[K
[3.719s] [01m[K/home/ros_ws/ros_ws/b2_ws/src/b2_ctrl/src/b2_z1_control.cpp:70:9:[m[K [01;31m[Kerror: [m[Kâ€˜[01m[Kkey_thread[m[Kâ€™ was not declared in this scope
[3.719s]    70 |         [01;31m[Kkey_thread[m[K = std::thread(get_key);
[3.720s]       |         [01;31m[K^~~~~~~~~~[m[K
[3.729s] [01m[K/home/ros_ws/ros_ws/b2_ws/src/b2_ctrl/src/b2_z1_control.cpp:[m[K In destructor â€˜[01m[Kvirtual SportManager::~SportManager()[m[Kâ€™:
[3.729s] [01m[K/home/ros_ws/ros_ws/b2_ws/src/b2_ctrl/src/b2_z1_control.cpp:78:13:[m[K [01;31m[Kerror: [m[Kâ€˜[01m[Kkey_thread[m[Kâ€™ was not declared in this scope
[3.729s]    78 |         if ([01;31m[Kkey_thread[m[K.joinable()) {
[3.729s]       |             [01;31m[K^~~~~~~~~~[m[K
[3.735s] [01m[K/home/ros_ws/ros_ws/b2_ws/src/b2_ctrl/src/b2_z1_control.cpp:[m[K In member function â€˜[01m[Kvoid SportManager::key_loop()[m[Kâ€™:
[3.735s] [01m[K/home/ros_ws/ros_ws/b2_ws/src/b2_ctrl/src/b2_z1_control.cpp:89:21:[m[K [01;31m[Kerror: [m[Kâ€˜[01m[Kmode_[m[Kâ€™ was not declared in this scope; did you mean â€˜[01m[Kmode_t[m[Kâ€™?
[3.735s]    89 |         uint mode = [01;31m[Kmode_[m[K;
[3.736s]       |                     [01;31m[K^~~~~[m[K
[3.736s]       |                     [32m[Kmode_t[m[K
[3.744s] [01m[K/home/ros_ws/ros_ws/b2_ws/src/b2_ctrl/src/b2_z1_control.cpp:103:17:[m[K [01;31m[Kerror: [m[Kâ€˜[01m[Ksport_req[m[Kâ€™ was not declared in this scope
[3.744s]   103 |                 [01;31m[Ksport_req[m[K.Move(request, path_point_tmp.vx, path_point_tmp.vy, path_point_tmp.vyaw);
[3.744s]       |                 [01;31m[K^~~~~~~~~[m[K
[3.752s] [01m[K/home/ros_ws/ros_ws/b2_ws/src/b2_ctrl/src/b2_z1_control.cpp:111:17:[m[K [01;31m[Kerror: [m[Kâ€˜[01m[Ksport_req[m[Kâ€™ was not declared in this scope
[3.752s]   111 |                 [01;31m[Ksport_req[m[K.Move(request, path_point_tmp.vx, path_point_tmp.vy, path_point_tmp.vyaw);
[3.752s]       |                 [01;31m[K^~~~~~~~~[m[K
[3.761s] [01m[K/home/ros_ws/ros_ws/b2_ws/src/b2_ctrl/src/b2_z1_control.cpp:119:17:[m[K [01;31m[Kerror: [m[Kâ€˜[01m[Ksport_req[m[Kâ€™ was not declared in this scope
[3.761s]   119 |                 [01;31m[Ksport_req[m[K.Move(request, path_point_tmp.vx, path_point_tmp.vy, path_point_tmp.vyaw);
[3.762s]       |                 [01;31m[K^~~~~~~~~[m[K
[3.769s] [01m[K/home/ros_ws/ros_ws/b2_ws/src/b2_ctrl/src/b2_z1_control.cpp:127:17:[m[K [01;31m[Kerror: [m[Kâ€˜[01m[Ksport_req[m[Kâ€™ was not declared in this scope
[3.769s]   127 |                 [01;31m[Ksport_req[m[K.Move(request, path_point_tmp.vx, path_point_tmp.vy, path_point_tmp.vyaw);
[3.769s]       |                 [01;31m[K^~~~~~~~~[m[K
[3.778s] [01m[K/home/ros_ws/ros_ws/b2_ws/src/b2_ctrl/src/b2_z1_control.cpp:135:17:[m[K [01;31m[Kerror: [m[Kâ€˜[01m[Ksport_req[m[Kâ€™ was not declared in this scope
[3.778s]   135 |                 [01;31m[Ksport_req[m[K.Move(request, path_point_tmp.vx, path_point_tmp.vy, path_point_tmp.vyaw);
[3.778s]       |                 [01;31m[K^~~~~~~~~[m[K
[3.787s] [01m[K/home/ros_ws/ros_ws/b2_ws/src/b2_ctrl/src/b2_z1_control.cpp:143:17:[m[K [01;31m[Kerror: [m[Kâ€˜[01m[Ksport_req[m[Kâ€™ was not declared in this scope
[3.788s]   143 |                 [01;31m[Ksport_req[m[K.Move(request, path_point_tmp.vx, path_point_tmp.vy, path_point_tmp.vyaw);
[3.788s]       |                 [01;31m[K^~~~~~~~~[m[K
[3.796s] [01m[K/home/ros_ws/ros_ws/b2_ws/src/b2_ctrl/src/b2_z1_control.cpp:149:17:[m[K [01;31m[Kerror: [m[Kâ€˜[01m[Ksport_req[m[Kâ€™ was not declared in this scope
[3.796s]   149 |                 [01;31m[Ksport_req[m[K.StopMove(request);
[3.796s]       |                 [01;31m[K^~~~~~~~~[m[K
[3.805s] [01m[K/home/ros_ws/ros_ws/b2_ws/src/b2_ctrl/src/b2_z1_control.cpp:156:17:[m[K [01;31m[Kerror: [m[Kâ€˜[01m[Ksport_req[m[Kâ€™ was not declared in this scope
[3.805s]   156 |                 [01;31m[Ksport_req[m[K.BodyHeight(request, 0);
[3.805s]       |                 [01;31m[K^~~~~~~~~[m[K
[3.813s] [01m[K/home/ros_ws/ros_ws/b2_ws/src/b2_ctrl/src/b2_z1_control.cpp:162:17:[m[K [01;31m[Kerror: [m[Kâ€˜[01m[Ksport_req[m[Kâ€™ was not declared in this scope
[3.813s]   162 |                 [01;31m[Ksport_req[m[K.BodyHeight(request, 0.2);
[3.813s]       |                 [01;31m[K^~~~~~~~~[m[K
[3.821s] [01m[K/home/ros_ws/ros_ws/b2_ws/src/b2_ctrl/src/b2_z1_control.cpp:168:17:[m[K [01;31m[Kerror: [m[Kâ€˜[01m[Ksport_req[m[Kâ€™ was not declared in this scope
[3.821s]   168 |                 [01;31m[Ksport_req[m[K.RecoveryStand(request);
[3.821s]       |                 [01;31m[K^~~~~~~~~[m[K
[3.828s] [01m[K/home/ros_ws/ros_ws/b2_ws/src/b2_ctrl/src/b2_z1_control.cpp:174:17:[m[K [01;31m[Kerror: [m[Kâ€˜[01m[Ksport_req[m[Kâ€™ was not declared in this scope
[3.828s]   174 |                 [01;31m[Ksport_req[m[K.StandDown(request);
[3.829s]       |                 [01;31m[K^~~~~~~~~[m[K
[3.838s] [01m[K/home/ros_ws/ros_ws/b2_ws/src/b2_ctrl/src/b2_z1_control.cpp:183:17:[m[K [01;31m[Kerror: [m[Kâ€˜[01m[Ksport_req[m[Kâ€™ was not declared in this scope
[3.838s]   183 |                 [01;31m[Ksport_req[m[K.StandDown(request);
[3.838s]       |                 [01;31m[K^~~~~~~~~[m[K
[3.846s] [01m[K/home/ros_ws/ros_ws/b2_ws/src/b2_ctrl/src/b2_z1_control.cpp:189:17:[m[K [01;31m[Kerror: [m[Kâ€˜[01m[Ksport_req[m[Kâ€™ was not declared in this scope
[3.846s]   189 |                 [01;31m[Ksport_req[m[K.BalanceStand(request);
[3.846s]       |                 [01;31m[K^~~~~~~~~[m[K
[3.854s] [01m[K/home/ros_ws/ros_ws/b2_ws/src/b2_ctrl/src/b2_z1_control.cpp:199:17:[m[K [01;31m[Kerror: [m[Kâ€˜[01m[Ksport_req[m[Kâ€™ was not declared in this scope
[3.854s]   199 |                 [01;31m[Ksport_req[m[K.StandUp(request);
[3.854s]       |                 [01;31m[K^~~~~~~~~[m[K
[3.863s] [01m[K/home/ros_ws/ros_ws/b2_ws/src/b2_ctrl/src/b2_z1_control.cpp:207:17:[m[K [01;31m[Kerror: [m[Kâ€˜[01m[Ksport_req[m[Kâ€™ was not declared in this scope
[3.863s]   207 |                 [01;31m[Ksport_req[m[K.Damp(request);
[3.863s]       |                 [01;31m[K^~~~~~~~~[m[K
[3.871s] [01m[K/home/ros_ws/ros_ws/b2_ws/src/b2_ctrl/src/b2_z1_control.cpp:220:13:[m[K [01;31m[Kerror: [m[Kâ€˜[01m[Ksport_req[m[Kâ€™ was not declared in this scope
[3.871s]   220 |             [01;31m[Ksport_req[m[K.BodyHeight(request, 0);
[3.871s]       |             [01;31m[K^~~~~~~~~[m[K
[3.880s] [01m[K/home/ros_ws/ros_ws/b2_ws/src/b2_ctrl/src/b2_z1_control.cpp:221:13:[m[K [01;31m[Kerror: [m[Kâ€˜[01m[Kreq_publisher[m[Kâ€™ was not declared in this scope; did you mean â€˜[01m[Kcreate_publisher[m[Kâ€™?
[3.880s]   221 |             [01;31m[Kreq_publisher[m[K->publish(request);
[3.880s]       |             [01;31m[K^~~~~~~~~~~~~[m[K
[3.880s]       |             [32m[Kcreate_publisher[m[K
[3.889s] [01m[K/home/ros_ws/ros_ws/b2_ws/src/b2_ctrl/src/b2_z1_control.cpp:258:13:[m[K [01;31m[Kerror: [m[Kâ€˜[01m[Ksport_req[m[Kâ€™ was not declared in this scope
[3.889s]   258 |             [01;31m[Ksport_req[m[K.Euler(request, 0.2, -0.2, 0.2);
[3.890s]       |             [01;31m[K^~~~~~~~~[m[K
[3.898s] [01m[K/home/ros_ws/ros_ws/b2_ws/src/b2_ctrl/src/b2_z1_control.cpp:265:13:[m[K [01;31m[Kerror: [m[Kâ€˜[01m[Ksport_req[m[Kâ€™ was not declared in this scope
[3.898s]   265 |             [01;31m[Ksport_req[m[K.Euler(request, 0.2, 0.2, 0.2);
[3.898s]       |             [01;31m[K^~~~~~~~~[m[K
[3.905s] [01m[K/home/ros_ws/ros_ws/b2_ws/src/b2_ctrl/src/b2_z1_control.cpp:272:13:[m[K [01;31m[Kerror: [m[Kâ€˜[01m[Ksport_req[m[Kâ€™ was not declared in this scope
[3.905s]   272 |             [01;31m[Ksport_req[m[K.Euler(request, 0.2, 0.2, -0.2);
[3.905s]       |             [01;31m[K^~~~~~~~~[m[K
[3.913s] [01m[K/home/ros_ws/ros_ws/b2_ws/src/b2_ctrl/src/b2_z1_control.cpp:279:13:[m[K [01;31m[Kerror: [m[Kâ€˜[01m[Ksport_req[m[Kâ€™ was not declared in this scope
[3.913s]   279 |             [01;31m[Ksport_req[m[K.Euler(request, 0.2, -0.2, -0.2);
[3.914s]       |             [01;31m[K^~~~~~~~~[m[K
[3.923s] [01m[K/home/ros_ws/ros_ws/b2_ws/src/b2_ctrl/src/b2_z1_control.cpp:299:13:[m[K [01;31m[Kerror: [m[Kâ€˜[01m[Ksport_req[m[Kâ€™ was not declared in this scope
[3.923s]   299 |             [01;31m[Ksport_req[m[K.BodyHeight(request, height);
[3.924s]       |             [01;31m[K^~~~~~~~~[m[K
[3.932s] [01m[K/home/ros_ws/ros_ws/b2_ws/src/b2_ctrl/src/b2_z1_control.cpp:305:17:[m[K [01;31m[Kerror: [m[Kâ€˜[01m[Karm_command[m[Kâ€™ was not declared in this scope
[3.932s]   305 |             if ([01;31m[Karm_command[m[K.cartesian == true)
[3.932s]       |                 [01;31m[K^~~~~~~~~~~[m[K
[3.942s] [01m[K/home/ros_ws/ros_ws/b2_ws/src/b2_ctrl/src/b2_z1_control.cpp:317:9:[m[K [01;31m[Kerror: [m[Kâ€˜[01m[Karm_command[m[Kâ€™ was not declared in this scope
[3.942s]   317 |         [01;31m[Karm_command[m[K.directions = {0.0, 0.0, 0.0, 0.0, 0.0, 0.0, 0.0}; // roll, pitch, yaw, x, y, z, gripper
[3.942s]       |         [01;31m[K^~~~~~~~~~~[m[K
[3.952s] [01m[K/home/ros_ws/ros_ws/b2_ws/src/b2_ctrl/src/b2_z1_control.cpp:330:17:[m[K [01;31m[Kerror: [m[Kâ€˜[01m[Karm_publisher[m[Kâ€™ was not declared in this scope; did you mean â€˜[01m[Krmw_publisher_t[m[Kâ€™?
[3.952s]   330 |                 [01;31m[Karm_publisher[m[K->publish(arm_command);
[3.952s]       |                 [01;31m[K^~~~~~~~~~~~~[m[K
[3.952s]       |                 [32m[Krmw_publisher_t[m[K
[3.960s] [01m[K/home/ros_ws/ros_ws/b2_ws/src/b2_ctrl/src/b2_z1_control.cpp:336:17:[m[K [01;31m[Kerror: [m[Kâ€˜[01m[Karm_publisher[m[Kâ€™ was not declared in this scope; did you mean â€˜[01m[Krmw_publisher_t[m[Kâ€™?
[3.961s]   336 |                 [01;31m[Karm_publisher[m[K->publish(arm_command);
[3.961s]       |                 [01;31m[K^~~~~~~~~~~~~[m[K
[3.961s]       |                 [32m[Krmw_publisher_t[m[K
[3.970s] [01m[K/home/ros_ws/ros_ws/b2_ws/src/b2_ctrl/src/b2_z1_control.cpp:342:17:[m[K [01;31m[Kerror: [m[Kâ€˜[01m[Karm_publisher[m[Kâ€™ was not declared in this scope; did you mean â€˜[01m[Krmw_publisher_t[m[Kâ€™?
[3.970s]   342 |                 [01;31m[Karm_publisher[m[K->publish(arm_command);
[3.970s]       |                 [01;31m[K^~~~~~~~~~~~~[m[K
[3.970s]       |                 [32m[Krmw_publisher_t[m[K
[3.971s] [01m[K/home/ros_ws/ros_ws/b2_ws/src/b2_ctrl/src/b2_z1_control.cpp:344:26:[m[K [01;35m[Kwarning: [m[Kcomparison with string literal results in unspecified behavior [[01;35m[K]8;;https://gcc.gnu.org/onlinedocs/gcc/Warning-Options.html#index-Waddress-Waddress]8;;[m[K]
[3.971s]   344 |             else if ([01;35m[Kkey == "'"[m[K) // Pitch -
[3.971s]       |                      [01;35m[K~~~~^~~~~~[m[K
[3.971s] [01m[K/home/ros_ws/ros_ws/b2_ws/src/b2_ctrl/src/b2_z1_control.cpp:344:26:[m[K [01;31m[Kerror: [m[KISO C++ forbids comparison between pointer and integer [[01;31m[K]8;;https://gcc.gnu.org/onlinedocs/gcc/Warning-Options.html#index-fpermissive-fpermissive]8;;[m[K]
[3.979s] [01m[K/home/ros_ws/ros_ws/b2_ws/src/b2_ctrl/src/b2_z1_control.cpp:348:17:[m[K [01;31m[Kerror: [m[Kâ€˜[01m[Karm_publisher[m[Kâ€™ was not declared in this scope; did you mean â€˜[01m[Krmw_publisher_t[m[Kâ€™?
[3.979s]   348 |                 [01;31m[Karm_publisher[m[K->publish(arm_command);
[3.980s]       |                 [01;31m[K^~~~~~~~~~~~~[m[K
[3.980s]       |                 [32m[Krmw_publisher_t[m[K
[3.988s] [01m[K/home/ros_ws/ros_ws/b2_ws/src/b2_ctrl/src/b2_z1_control.cpp:354:17:[m[K [01;31m[Kerror: [m[Kâ€˜[01m[Karm_publisher[m[Kâ€™ was not declared in this scope; did you mean â€˜[01m[Krmw_publisher_t[m[Kâ€™?
[3.988s]   354 |                 [01;31m[Karm_publisher[m[K->publish(arm_command);
[3.988s]       |                 [01;31m[K^~~~~~~~~~~~~[m[K
[3.988s]       |                 [32m[Krmw_publisher_t[m[K
[3.989s] [01m[K/home/ros_ws/ros_ws/b2_ws/src/b2_ctrl/src/b2_z1_control.cpp:356:26:[m[K [01;35m[Kwarning: [m[Kcomparison with string literal results in unspecified behavior [[01;35m[K]8;;https://gcc.gnu.org/onlinedocs/gcc/Warning-Options.html#index-Waddress-Waddress]8;;[m[K]
[3.989s]   356 |             else if ([01;35m[Kkey == "."[m[K) // Yaw -
[3.989s]       |                      [01;35m[K~~~~^~~~~~[m[K
[3.989s] [01m[K/home/ros_ws/ros_ws/b2_ws/src/b2_ctrl/src/b2_z1_control.cpp:356:26:[m[K [01;31m[Kerror: [m[KISO C++ forbids comparison between pointer and integer [[01;31m[K]8;;https://gcc.gnu.org/onlinedocs/gcc/Warning-Options.html#index-fpermissive-fpermissive]8;;[m[K]
[3.998s] [01m[K/home/ros_ws/ros_ws/b2_ws/src/b2_ctrl/src/b2_z1_control.cpp:360:17:[m[K [01;31m[Kerror: [m[Kâ€˜[01m[Karm_publisher[m[Kâ€™ was not declared in this scope; did you mean â€˜[01m[Krmw_publisher_t[m[Kâ€™?
[3.998s]   360 |                 [01;31m[Karm_publisher[m[K->publish(arm_command);
[3.998s]       |                 [01;31m[K^~~~~~~~~~~~~[m[K
[3.998s]       |                 [32m[Krmw_publisher_t[m[K
[4.008s] [01m[K/home/ros_ws/ros_ws/b2_ws/src/b2_ctrl/src/b2_z1_control.cpp:367:17:[m[K [01;31m[Kerror: [m[Kâ€˜[01m[Karm_publisher[m[Kâ€™ was not declared in this scope; did you mean â€˜[01m[Krmw_publisher_t[m[Kâ€™?
[4.009s]   367 |                 [01;31m[Karm_publisher[m[K->publish(arm_command);
[4.009s]       |                 [01;31m[K^~~~~~~~~~~~~[m[K
[4.009s]       |                 [32m[Krmw_publisher_t[m[K
[4.018s] [01m[K/home/ros_ws/ros_ws/b2_ws/src/b2_ctrl/src/b2_z1_control.cpp:373:17:[m[K [01;31m[Kerror: [m[Kâ€˜[01m[Karm_publisher[m[Kâ€™ was not declared in this scope; did you mean â€˜[01m[Krmw_publisher_t[m[Kâ€™?
[4.018s]   373 |                 [01;31m[Karm_publisher[m[K->publish(arm_command);
[4.018s]       |                 [01;31m[K^~~~~~~~~~~~~[m[K
[4.018s]       |                 [32m[Krmw_publisher_t[m[K
[4.027s] [01m[K/home/ros_ws/ros_ws/b2_ws/src/b2_ctrl/src/b2_z1_control.cpp:379:17:[m[K [01;31m[Kerror: [m[Kâ€˜[01m[Karm_publisher[m[Kâ€™ was not declared in this scope; did you mean â€˜[01m[Krmw_publisher_t[m[Kâ€™?
[4.027s]   379 |                 [01;31m[Karm_publisher[m[K->publish(arm_command);
[4.028s]       |                 [01;31m[K^~~~~~~~~~~~~[m[K
[4.028s]       |                 [32m[Krmw_publisher_t[m[K
[4.037s] [01m[K/home/ros_ws/ros_ws/b2_ws/src/b2_ctrl/src/b2_z1_control.cpp:385:17:[m[K [01;31m[Kerror: [m[Kâ€˜[01m[Karm_publisher[m[Kâ€™ was not declared in this scope; did you mean â€˜[01m[Krmw_publisher_t[m[Kâ€™?
[4.037s]   385 |                 [01;31m[Karm_publisher[m[K->publish(arm_command);
[4.037s]       |                 [01;31m[K^~~~~~~~~~~~~[m[K
[4.037s]       |                 [32m[Krmw_publisher_t[m[K
[4.046s] [01m[K/home/ros_ws/ros_ws/b2_ws/src/b2_ctrl/src/b2_z1_control.cpp:391:17:[m[K [01;31m[Kerror: [m[Kâ€˜[01m[Karm_publisher[m[Kâ€™ was not declared in this scope; did you mean â€˜[01m[Krmw_publisher_t[m[Kâ€™?
[4.046s]   391 |                 [01;31m[Karm_publisher[m[K->publish(arm_command);
[4.046s]       |                 [01;31m[K^~~~~~~~~~~~~[m[K
[4.046s]       |                 [32m[Krmw_publisher_t[m[K
[4.055s] [01m[K/home/ros_ws/ros_ws/b2_ws/src/b2_ctrl/src/b2_z1_control.cpp:397:17:[m[K [01;31m[Kerror: [m[Kâ€˜[01m[Karm_publisher[m[Kâ€™ was not declared in this scope; did you mean â€˜[01m[Krmw_publisher_t[m[Kâ€™?
[4.055s]   397 |                 [01;31m[Karm_publisher[m[K->publish(arm_command);
[4.055s]       |                 [01;31m[K^~~~~~~~~~~~~[m[K
[4.055s]       |                 [32m[Krmw_publisher_t[m[K
[4.064s] [01m[K/home/ros_ws/ros_ws/b2_ws/src/b2_ctrl/src/b2_z1_control.cpp:403:17:[m[K [01;31m[Kerror: [m[Kâ€˜[01m[Karm_publisher[m[Kâ€™ was not declared in this scope; did you mean â€˜[01m[Krmw_publisher_t[m[Kâ€™?
[4.064s]   403 |                 [01;31m[Karm_publisher[m[K->publish(arm_command);
[4.064s]       |                 [01;31m[K^~~~~~~~~~~~~[m[K
[4.064s]       |                 [32m[Krmw_publisher_t[m[K
[4.073s] [01m[K/home/ros_ws/ros_ws/b2_ws/src/b2_ctrl/src/b2_z1_control.cpp:409:17:[m[K [01;31m[Kerror: [m[Kâ€˜[01m[Karm_publisher[m[Kâ€™ was not declared in this scope; did you mean â€˜[01m[Krmw_publisher_t[m[Kâ€™?
[4.073s]   409 |                 [01;31m[Karm_publisher[m[K->publish(arm_command);
[4.073s]       |                 [01;31m[K^~~~~~~~~~~~~[m[K
[4.073s]       |                 [32m[Krmw_publisher_t[m[K
[4.082s] [01m[K/home/ros_ws/ros_ws/b2_ws/src/b2_ctrl/src/b2_z1_control.cpp:421:17:[m[K [01;31m[Kerror: [m[Kâ€˜[01m[Karm_publisher[m[Kâ€™ was not declared in this scope; did you mean â€˜[01m[Krmw_publisher_t[m[Kâ€™?
[4.082s]   421 |                 [01;31m[Karm_publisher[m[K->publish(arm_command);
[4.082s]       |                 [01;31m[K^~~~~~~~~~~~~[m[K
[4.082s]       |                 [32m[Krmw_publisher_t[m[K
[4.092s] [01m[K/home/ros_ws/ros_ws/b2_ws/src/b2_ctrl/src/b2_z1_control.cpp:427:17:[m[K [01;31m[Kerror: [m[Kâ€˜[01m[Karm_publisher[m[Kâ€™ was not declared in this scope; did you mean â€˜[01m[Krmw_publisher_t[m[Kâ€™?
[4.092s]   427 |                 [01;31m[Karm_publisher[m[K->publish(arm_command);
[4.092s]       |                 [01;31m[K^~~~~~~~~~~~~[m[K
[4.093s]       |                 [32m[Krmw_publisher_t[m[K
[4.102s] [01m[K/home/ros_ws/ros_ws/b2_ws/src/b2_ctrl/src/b2_z1_control.cpp:433:17:[m[K [01;31m[Kerror: [m[Kâ€˜[01m[Karm_publisher[m[Kâ€™ was not declared in this scope; did you mean â€˜[01m[Krmw_publisher_t[m[Kâ€™?
[4.102s]   433 |                 [01;31m[Karm_publisher[m[K->publish(arm_command);
[4.102s]       |                 [01;31m[K^~~~~~~~~~~~~[m[K
[4.102s]       |                 [32m[Krmw_publisher_t[m[K
[4.102s] [01m[K/home/ros_ws/ros_ws/b2_ws/src/b2_ctrl/src/b2_z1_control.cpp:436:13:[m[K [01;31m[Kerror: [m[Kexpected â€˜[01m[K)[m[Kâ€™ before â€˜[01m[K{[m[Kâ€™ token
[4.102s]   436 |             [01;31m[K{[m[K
[4.103s]       |             [01;31m[K^[m[K
[4.103s] [01m[K/home/ros_ws/ros_ws/b2_ws/src/b2_ctrl/src/b2_z1_control.cpp:435:21:[m[K [01;36m[Knote: [m[Kto match this â€˜[01m[K([m[Kâ€™
[4.103s]   435 |             else if [01;36m[K([m[Kkey == ''') // J2 -
[4.103s]       |                     [01;36m[K^[m[K
[4.103s] [01m[K/home/ros_ws/ros_ws/b2_ws/src/b2_ctrl/src/b2_z1_control.cpp:503:9:[m[K [01;31m[Kerror: [m[Kexpected primary-expression before â€˜[01m[K}[m[Kâ€™ token
[4.103s]   503 |         [01;31m[K}[m[K
[4.103s]       |         [01;31m[K^[m[K
[4.110s] [01m[K/home/ros_ws/ros_ws/b2_ws/src/b2_ctrl/src/b2_z1_control.cpp:506:9:[m[K [01;31m[Kerror: [m[Kâ€˜[01m[Kreq_publisher[m[Kâ€™ was not declared in this scope; did you mean â€˜[01m[Kcreate_publisher[m[Kâ€™?
[4.110s]   506 |         [01;31m[Kreq_publisher[m[K->publish(request);
[4.111s]       |         [01;31m[K^~~~~~~~~~~~~[m[K
[4.111s]       |         [32m[Kcreate_publisher[m[K
[4.119s] [01m[K/home/ros_ws/ros_ws/b2_ws/src/b2_ctrl/src/b2_z1_control.cpp:[m[K At global scope:
[4.119s] [01m[K/home/ros_ws/ros_ws/b2_ws/src/b2_ctrl/src/b2_z1_control.cpp:540:2:[m[K [01;31m[Kerror: [m[Kexpected unqualified-id at end of input
[4.119s]   540 | }
[4.119s]       |  [01;31m[K^[m[K
[5.530s] gmake[2]: *** [CMakeFiles/b2_z1_control.dir/build.make:76: CMakeFiles/b2_z1_control.dir/src/b2_z1_control.cpp.o] Error 1
[5.530s] gmake[1]: *** [CMakeFiles/Makefile2:361: CMakeFiles/b2_z1_control.dir/all] Error 2
[5.531s] gmake: *** [Makefile:146: all] Error 2
[5.534s] Invoked command in '/home/ros_ws/ros_ws/b2_ws/build/b2_ctrl' returned '2': CMAKE_PREFIX_PATH=/home/ros_ws/ros_ws/b2_ws/install/z1_interfaces:/home/ros_ws/ros_ws/b2_ws/install/z1_urdf:/home/ros_ws/ros_ws/b2_ws/install/z1_nodes:/home/ros_ws/ros_ws/b2_ws/install/b2_ctrl:/home/ros_ws/ros_ws/b2_ws/install/py_cpp:/home/ros_ws/ros_ws/b2_ws/install/b2_urdf:/home/ros_ws/ros_ws/unitree_ros2/cyclonedds_ws/install/unitree_hg:/home/ros_ws/ros_ws/unitree_ros2/cyclonedds_ws/install/unitree_go:/home/ros_ws/ros_ws/unitree_ros2/cyclonedds_ws/install/unitree_api:/home/ros_ws/ros_ws/unitree_ros2/cyclonedds_ws/install/rmw_cyclonedds_cpp:/home/ros_ws/ros_ws/unitree_ros2/cyclonedds_ws/install/cyclonedds:/unitree_sdk2:/home/ros_ws/ros_ws/b2_ws/install/b2_nodes:/opt/ros/humble: LD_LIBRARY_PATH=/home/ros_ws/ros_ws/b2_ws/install/z1_interfaces/lib:/home/ros_ws/ros_ws/unitree_ros2/cyclonedds_ws/install/unitree_hg/lib:/home/ros_ws/ros_ws/unitree_ros2/cyclonedds_ws/install/unitree_go/lib:/home/ros_ws/ros_ws/unitree_ros2/cyclonedds_ws/install/unitree_api/lib:/home/ros_ws/ros_ws/unitree_ros2/cyclonedds_ws/install/rmw_cyclonedds_cpp/lib:/home/ros_ws/ros_ws/unitree_ros2/cyclonedds_ws/install/cyclonedds/lib:/usr/lib/x86_64-linux-gnu/gazebo-11/plugins:/opt/ros/humble/opt/rviz_ogre_vendor/lib:/opt/ros/humble/lib/x86_64-linux-gnu:/opt/ros/humble/lib:/z1_controller/lib:/z1_sdk/lib:/z1_controller/lib:/z1_sdk/lib /usr/bin/cmake --build /home/ros_ws/ros_ws/b2_ws/build/b2_ctrl -- -j16 -l16
