[0.028s] Invoking command in '/home/ros_ws/ros_ws/b2_ws/build/z1_nodes': CMAKE_PREFIX_PATH=/home/ros_ws/ros_ws/b2_ws/install/z1_interfaces:/home/ros_ws/ros_ws/b2_ws/install/z1_urdf:/home/ros_ws/ros_ws/b2_ws/install/z1_nodes:/home/ros_ws/ros_ws/b2_ws/install/b2_ctrl:/home/ros_ws/ros_ws/b2_ws/install/py_cpp:/home/ros_ws/ros_ws/b2_ws/install/b2_urdf:/home/ros_ws/ros_ws/unitree_ros2/cyclonedds_ws/install/unitree_hg:/home/ros_ws/ros_ws/unitree_ros2/cyclonedds_ws/install/unitree_go:/home/ros_ws/ros_ws/unitree_ros2/cyclonedds_ws/install/unitree_api:/home/ros_ws/ros_ws/unitree_ros2/cyclonedds_ws/install/rmw_cyclonedds_cpp:/home/ros_ws/ros_ws/unitree_ros2/cyclonedds_ws/install/cyclonedds:/unitree_sdk2:/home/ros_ws/ros_ws/b2_ws/install/b2_nodes:/opt/ros/humble: LD_LIBRARY_PATH=/home/ros_ws/ros_ws/b2_ws/install/z1_interfaces/lib:/home/ros_ws/ros_ws/unitree_ros2/cyclonedds_ws/install/unitree_hg/lib:/home/ros_ws/ros_ws/unitree_ros2/cyclonedds_ws/install/unitree_go/lib:/home/ros_ws/ros_ws/unitree_ros2/cyclonedds_ws/install/unitree_api/lib:/home/ros_ws/ros_ws/unitree_ros2/cyclonedds_ws/install/rmw_cyclonedds_cpp/lib:/home/ros_ws/ros_ws/unitree_ros2/cyclonedds_ws/install/cyclonedds/lib:/usr/lib/x86_64-linux-gnu/gazebo-11/plugins:/opt/ros/humble/opt/rviz_ogre_vendor/lib:/opt/ros/humble/lib/x86_64-linux-gnu:/opt/ros/humble/lib:/z1_controller/lib:/z1_sdk/lib:/z1_controller/lib:/z1_sdk/lib /usr/bin/cmake --build /home/ros_ws/ros_ws/b2_ws/build/z1_nodes -- -j16 -l16
[0.125s] [35m[1mConsolidate compiler generated dependencies of target z1_manager[0m
[0.159s] [ 50%] Built target z1_parse_joint_state
[0.184s] [ 75%] [32mBuilding CXX object CMakeFiles/z1_manager.dir/src/z1_manager.cpp.o[0m
[4.813s] [01m[K/home/ros_ws/ros_ws/b2_ws/src/z1_nodes/src/z1_manager.cpp:[m[K In member function â€˜[01m[Kvoid arm_sdk_manager::startRecVConnection()[m[Kâ€™:
[4.813s] [01m[K/home/ros_ws/ros_ws/b2_ws/src/z1_nodes/src/z1_manager.cpp:45:9:[m[K [01;31m[Kerror: [m[Kexpected â€˜[01m[K;[m[Kâ€™ before â€˜[01m[Kif[m[Kâ€™
[4.813s]    45 |         [01;31m[Kif[m[K (result == 0)
[4.814s]       |         [01;31m[K^~[m[K
[4.814s] [01m[K/home/ros_ws/ros_ws/b2_ws/src/z1_nodes/src/z1_manager.cpp:49:9:[m[K [01;31m[Kerror: [m[Kâ€˜[01m[Kelse[m[Kâ€™ without a previous â€˜[01m[Kif[m[Kâ€™
[4.814s]    49 |         [01;31m[Kelse[m[K
[4.814s]       |         [01;31m[K^~~~[m[K
[4.828s] [01m[K/home/ros_ws/ros_ws/b2_ws/src/z1_nodes/src/z1_manager.cpp:[m[K In member function â€˜[01m[Kvoid arm_sdk_manager::setUDPConnection()[m[Kâ€™:
[4.828s] [01m[K/home/ros_ws/ros_ws/b2_ws/src/z1_nodes/src/z1_manager.cpp:59:9:[m[K [01;31m[Kerror: [m[Kâ€˜[01m[KresponseThread[m[Kâ€™ was not declared in this scope
[4.828s]    59 |         [01;31m[KresponseThread[m[K = std::thread(&arm_sdk_manager::startRecVConnection, this);
[4.829s]       |         [01;31m[K^~~~~~~~~~~~~~[m[K
[4.841s] [01m[K/home/ros_ws/ros_ws/b2_ws/src/z1_nodes/src/z1_manager.cpp:[m[K In destructor â€˜[01m[Karm_sdk_manager::~arm_sdk_manager()[m[Kâ€™:
[4.842s] [01m[K/home/ros_ws/ros_ws/b2_ws/src/z1_nodes/src/z1_manager.cpp:79:13:[m[K [01;31m[Kerror: [m[Kâ€˜[01m[KresponseThread[m[Kâ€™ was not declared in this scope
[4.842s]    79 |         if ([01;31m[KresponseThread[m[K.joinable())
[4.842s]       |             [01;31m[K^~~~~~~~~~~~~~[m[K
[5.067s] [01m[K/home/ros_ws/ros_ws/b2_ws/src/z1_nodes/src/z1_manager.cpp:[m[K In member function â€˜[01m[Kvoid Z1ManagerNode::back_to_start_callback(std::shared_ptr<z1_interfaces::srv::NoInputCommand_Request_<std::allocator<void> > >, std::shared_ptr<z1_interfaces::srv::NoInputCommand_Response_<std::allocator<void> > >)[m[Kâ€™:
[5.068s] [01m[K/home/ros_ws/ros_ws/b2_ws/src/z1_nodes/src/z1_manager.cpp:165:13:[m[K [01;35m[Kwarning: [m[Kstatement has no effect [[01;35m[K]8;;https://gcc.gnu.org/onlinedocs/gcc/Warning-Options.html#index-Wunused-value-Wunused-value]8;;[m[K]
[5.068s]   165 |             [01;35m[Krequest[m[K; //Aqui so para evitar avisos no console
[5.068s]       |             [01;35m[K^~~~~~~[m[K
[5.068s] [01m[K/home/ros_ws/ros_ws/b2_ws/src/z1_nodes/src/z1_manager.cpp:[m[K In member function â€˜[01m[Kvoid Z1ManagerNode::set_zero_callback(std::shared_ptr<z1_interfaces::srv::NoInputCommand_Request_<std::allocator<void> > >, std::shared_ptr<z1_interfaces::srv::NoInputCommand_Response_<std::allocator<void> > >)[m[Kâ€™:
[5.068s] [01m[K/home/ros_ws/ros_ws/b2_ws/src/z1_nodes/src/z1_manager.cpp:184:13:[m[K [01;35m[Kwarning: [m[Kstatement has no effect [[01;35m[K]8;;https://gcc.gnu.org/onlinedocs/gcc/Warning-Options.html#index-Wunused-value-Wunused-value]8;;[m[K]
[5.068s]   184 |             [01;35m[Krequest[m[K; //Aqui so para evitar avisos no console
[5.068s]       |             [01;35m[K^~~~~~~[m[K
[5.069s] [01m[K/home/ros_ws/ros_ws/b2_ws/src/z1_nodes/src/z1_manager.cpp:[m[K In member function â€˜[01m[Kvoid Z1ManagerNode::set_passive_callback(std::shared_ptr<z1_interfaces::srv::NoInputCommand_Request_<std::allocator<void> > >, std::shared_ptr<z1_interfaces::srv::NoInputCommand_Response_<std::allocator<void> > >)[m[Kâ€™:
[5.069s] [01m[K/home/ros_ws/ros_ws/b2_ws/src/z1_nodes/src/z1_manager.cpp:203:13:[m[K [01;35m[Kwarning: [m[Kstatement has no effect [[01;35m[K]8;;https://gcc.gnu.org/onlinedocs/gcc/Warning-Options.html#index-Wunused-value-Wunused-value]8;;[m[K]
[5.069s]   203 |             [01;35m[Krequest[m[K; //Aqui so para evitar avisos no console
[5.069s]       |             [01;35m[K^~~~~~~[m[K
[10.087s] gmake[2]: *** [CMakeFiles/z1_manager.dir/build.make:76: CMakeFiles/z1_manager.dir/src/z1_manager.cpp.o] Error 1
[10.087s] gmake[1]: *** [CMakeFiles/Makefile2:139: CMakeFiles/z1_manager.dir/all] Error 2
[10.087s] gmake: *** [Makefile:146: all] Error 2
[10.090s] Invoked command in '/home/ros_ws/ros_ws/b2_ws/build/z1_nodes' returned '2': CMAKE_PREFIX_PATH=/home/ros_ws/ros_ws/b2_ws/install/z1_interfaces:/home/ros_ws/ros_ws/b2_ws/install/z1_urdf:/home/ros_ws/ros_ws/b2_ws/install/z1_nodes:/home/ros_ws/ros_ws/b2_ws/install/b2_ctrl:/home/ros_ws/ros_ws/b2_ws/install/py_cpp:/home/ros_ws/ros_ws/b2_ws/install/b2_urdf:/home/ros_ws/ros_ws/unitree_ros2/cyclonedds_ws/install/unitree_hg:/home/ros_ws/ros_ws/unitree_ros2/cyclonedds_ws/install/unitree_go:/home/ros_ws/ros_ws/unitree_ros2/cyclonedds_ws/install/unitree_api:/home/ros_ws/ros_ws/unitree_ros2/cyclonedds_ws/install/rmw_cyclonedds_cpp:/home/ros_ws/ros_ws/unitree_ros2/cyclonedds_ws/install/cyclonedds:/unitree_sdk2:/home/ros_ws/ros_ws/b2_ws/install/b2_nodes:/opt/ros/humble: LD_LIBRARY_PATH=/home/ros_ws/ros_ws/b2_ws/install/z1_interfaces/lib:/home/ros_ws/ros_ws/unitree_ros2/cyclonedds_ws/install/unitree_hg/lib:/home/ros_ws/ros_ws/unitree_ros2/cyclonedds_ws/install/unitree_go/lib:/home/ros_ws/ros_ws/unitree_ros2/cyclonedds_ws/install/unitree_api/lib:/home/ros_ws/ros_ws/unitree_ros2/cyclonedds_ws/install/rmw_cyclonedds_cpp/lib:/home/ros_ws/ros_ws/unitree_ros2/cyclonedds_ws/install/cyclonedds/lib:/usr/lib/x86_64-linux-gnu/gazebo-11/plugins:/opt/ros/humble/opt/rviz_ogre_vendor/lib:/opt/ros/humble/lib/x86_64-linux-gnu:/opt/ros/humble/lib:/z1_controller/lib:/z1_sdk/lib:/z1_controller/lib:/z1_sdk/lib /usr/bin/cmake --build /home/ros_ws/ros_ws/b2_ws/build/z1_nodes -- -j16 -l16
