[0.027s] Invoking command in '/home/ros_ws/ros_ws/b2_ws/build/b2_ctrl': CMAKE_PREFIX_PATH=/home/ros_ws/ros_ws/b2_ws/install/z1_interfaces:/home/ros_ws/ros_ws/b2_ws/install/z1_urdf:/home/ros_ws/ros_ws/b2_ws/install/z1_nodes:/home/ros_ws/ros_ws/b2_ws/install/py_cpp:/home/ros_ws/ros_ws/b2_ws/install/b2_urdf:/home/ros_ws/ros_ws/b2_ws/install/b2_ctrl:/home/ros_ws/ros_ws/unitree_ros2/cyclonedds_ws/install/unitree_hg:/home/ros_ws/ros_ws/unitree_ros2/cyclonedds_ws/install/unitree_go:/home/ros_ws/ros_ws/unitree_ros2/cyclonedds_ws/install/unitree_api:/home/ros_ws/ros_ws/unitree_ros2/cyclonedds_ws/install/rmw_cyclonedds_cpp:/home/ros_ws/ros_ws/unitree_ros2/cyclonedds_ws/install/cyclonedds:/unitree_sdk2:/home/ros_ws/ros_ws/b2_ws/install/b2_nodes:/opt/ros/humble: LD_LIBRARY_PATH=/home/ros_ws/ros_ws/b2_ws/install/z1_interfaces/lib:/home/ros_ws/ros_ws/unitree_ros2/cyclonedds_ws/install/unitree_hg/lib:/home/ros_ws/ros_ws/unitree_ros2/cyclonedds_ws/install/unitree_go/lib:/home/ros_ws/ros_ws/unitree_ros2/cyclonedds_ws/install/unitree_api/lib:/home/ros_ws/ros_ws/unitree_ros2/cyclonedds_ws/install/rmw_cyclonedds_cpp/lib:/home/ros_ws/ros_ws/unitree_ros2/cyclonedds_ws/install/cyclonedds/lib:/usr/lib/x86_64-linux-gnu/gazebo-11/plugins:/opt/ros/humble/opt/rviz_ogre_vendor/lib:/opt/ros/humble/lib/x86_64-linux-gnu:/opt/ros/humble/lib:/z1_controller/lib:/z1_sdk/lib:/z1_controller/lib:/z1_sdk/lib /usr/bin/cmake --build /home/ros_ws/ros_ws/b2_ws/build/b2_ctrl -- -j16 -l16
[0.073s] -- Found ament_cmake: 1.3.11 (/opt/ros/humble/share/ament_cmake/cmake)
[0.295s] -- Found unitree_go: 0.0.0 (/home/ros_ws/ros_ws/unitree_ros2/cyclonedds_ws/install/unitree_go/share/unitree_go/cmake)
[0.339s] -- Found rosidl_generator_c: 3.1.5 (/opt/ros/humble/share/rosidl_generator_c/cmake)
[0.344s] -- Found rosidl_adapter: 3.1.5 (/opt/ros/humble/share/rosidl_adapter/cmake)
[0.353s] -- Found rosidl_generator_cpp: 3.1.5 (/opt/ros/humble/share/rosidl_generator_cpp/cmake)
[0.368s] -- Using all available rosidl_typesupport_c: rosidl_typesupport_fastrtps_c;rosidl_typesupport_introspection_c
[0.387s] -- Using all available rosidl_typesupport_cpp: rosidl_typesupport_fastrtps_cpp;rosidl_typesupport_introspection_cpp
[0.456s] -- Found unitree_hg: 0.0.0 (/home/ros_ws/ros_ws/unitree_ros2/cyclonedds_ws/install/unitree_hg/share/unitree_hg/cmake)
[0.470s] -- Found unitree_api: 0.0.0 (/home/ros_ws/ros_ws/unitree_ros2/cyclonedds_ws/install/unitree_api/share/unitree_api/cmake)
[0.486s] -- Found rclcpp: 16.0.10 (/opt/ros/humble/share/rclcpp/cmake)
[0.520s] -- Found rmw_implementation_cmake: 6.1.2 (/opt/ros/humble/share/rmw_implementation_cmake/cmake)
[0.522s] -- Found rmw_cyclonedds_cpp: 1.3.4 (/home/ros_ws/ros_ws/unitree_ros2/cyclonedds_ws/install/rmw_cyclonedds_cpp/share/rmw_cyclonedds_cpp/cmake)
[0.547s] -- Using RMW implementation 'rmw_cyclonedds_cpp' as default
[0.598s] -- Found rosbag2_cpp: 0.15.12 (/opt/ros/humble/share/rosbag2_cpp/cmake)
[0.646s] -- Found z1_interfaces: 0.0.0 (/home/ros_ws/ros_ws/b2_ws/install/z1_interfaces/share/z1_interfaces/cmake)
[0.695s] -- Found ament_lint_auto: 0.12.11 (/opt/ros/humble/share/ament_lint_auto/cmake)
[0.799s] -- Added test 'copyright' to check source files copyright and LICENSE
[0.809s] -- Added test 'cppcheck' to perform static code analysis on C / C++ code
[0.810s] -- Configured cppcheck include dirs: /home/ros_ws/ros_ws/b2_ws/src/b2_ctrl/include;/home/ros_ws/ros_ws/b2_ws/src/b2_ctrl/include/common;/home/ros_ws/ros_ws/b2_ws/src/b2_ctrl/include/nlohmann
[0.811s] -- Configured cppcheck exclude dirs and/or files: 
[0.818s] -- Added test 'cpplint' to check C / C++ code against the Google style
[0.818s] -- Configured cpplint exclude dirs and/or files: 
[0.822s] -- Added test 'lint_cmake' to check CMake code style
[0.830s] -- Added test 'uncrustify' to check C / C++ code style
[0.830s] -- Configured uncrustify additional arguments: 
[0.831s] -- Added test 'xmllint' to check XML markup files
[0.832s] -- Configuring done
[0.910s] -- Generating done
[0.914s] -- Build files have been written to: /home/ros_ws/ros_ws/b2_ws/build/b2_ctrl
[0.966s] [35m[1mConsolidate compiler generated dependencies of target read_low_state[0m
[0.967s] [35m[1mConsolidate compiler generated dependencies of target read_low_state_hg[0m
[0.967s] [35m[1mConsolidate compiler generated dependencies of target low_level_ctrl[0m
[0.967s] [35m[1mConsolidate compiler generated dependencies of target g1_low_level_example[0m
[0.967s] [35m[1mConsolidate compiler generated dependencies of target low_level_ctrl_hg[0m
[0.971s] [35m[1mConsolidate compiler generated dependencies of target sport_mode_ctrl[0m
[0.978s] [35m[1mConsolidate compiler generated dependencies of target read_wireless_controller[0m
[0.978s] [35m[1mConsolidate compiler generated dependencies of target read_motion_state[0m
[0.978s] [35m[1mConsolidate compiler generated dependencies of target b2_z1_control[0m
[1.009s] [  4%] [32mBuilding CXX object CMakeFiles/b2_z1_control.dir/src/b2_z1_control.cpp.o[0m
[1.013s] [ 13%] Built target read_low_state
[1.020s] [ 21%] Built target read_motion_state
[1.022s] [ 30%] Built target read_low_state_hg
[1.023s] [ 56%] Built target low_level_ctrl
[1.023s] [ 56%] Built target g1_low_level_example
[1.024s] [ 65%] Built target read_wireless_controller
[1.030s] [ 73%] [32mBuilding CXX object CMakeFiles/sport_mode_ctrl.dir/src/common/ros2_sport_client.cpp.o[0m
[1.031s] [ 86%] Built target low_level_ctrl_hg
[1.031s] [ 86%] [32mBuilding CXX object CMakeFiles/sport_mode_ctrl.dir/src/sport_mode_ctrl.cpp.o[0m
[1.115s] [01m[K/home/ros_ws/ros_ws/b2_ws/src/b2_ctrl/src/sport_mode_ctrl.cpp:7:10:[m[K [01;31m[Kfatal error: [m[Krclcpp/rclcpp.hpp: No such file or directory
[1.116s]     7 | #include [01;31m[K"rclcpp/rclcpp.hpp"[m[K
[1.116s]       |          [01;31m[K^~~~~~~~~~~~~~~~~~~[m[K
[1.116s] compilation terminated.
[1.117s] gmake[2]: *** [CMakeFiles/sport_mode_ctrl.dir/build.make:76: CMakeFiles/sport_mode_ctrl.dir/src/sport_mode_ctrl.cpp.o] Error 1
[1.119s] gmake[2]: *** Waiting for unfinished jobs....
[1.195s] In file included from [01m[K/home/ros_ws/ros_ws/b2_ws/src/b2_ctrl/src/common/ros2_sport_client.cpp:1[m[K:
[1.195s] [01m[K/home/ros_ws/ros_ws/b2_ws/src/b2_ctrl/include/common/ros2_sport_client.h:5:10:[m[K [01;31m[Kfatal error: [m[Kunitree_api/msg/request.hpp: No such file or directory
[1.196s]     5 | #include [01;31m[K"unitree_api/msg/request.hpp"[m[K
[1.196s]       |          [01;31m[K^~~~~~~~~~~~~~~~~~~~~~~~~~~~~[m[K
[1.196s] compilation terminated.
[1.199s] gmake[2]: *** [CMakeFiles/sport_mode_ctrl.dir/build.make:90: CMakeFiles/sport_mode_ctrl.dir/src/common/ros2_sport_client.cpp.o] Error 1
[1.199s] gmake[1]: *** [CMakeFiles/Makefile2:335: CMakeFiles/sport_mode_ctrl.dir/all] Error 2
[1.200s] gmake[1]: *** Waiting for unfinished jobs....
[4.674s] [01m[K/home/ros_ws/ros_ws/b2_ws/src/b2_ctrl/src/b2_z1_control.cpp:329:23:[m[K [01;31m[Kerror: [m[Kâ€˜[01m[Kgeometry_msgs[m[Kâ€™ was not declared in this scope
[4.675s]   329 |     rclcpp::Publisher<[01;31m[Kgeometry_msgs[m[K::msg::Pose>::SharedPtr arm_publisher; // Publicador do braÃ§o
[4.675s]       |                       [01;31m[K^~~~~~~~~~~~~[m[K
[4.675s] [01m[K/home/ros_ws/ros_ws/b2_ws/src/b2_ctrl/src/b2_z1_control.cpp:329:47:[m[K [01;31m[Kerror: [m[Ktemplate argument 1 is invalid
[4.675s]   329 |     rclcpp::Publisher<geometry_msgs::msg::Pose[01;31m[K>[m[K::SharedPtr arm_publisher; // Publicador do braÃ§o
[4.675s]       |                                               [01;31m[K^[m[K
[4.675s] [01m[K/home/ros_ws/ros_ws/b2_ws/src/b2_ctrl/src/b2_z1_control.cpp:329:50:[m[K [01;31m[Kerror: [m[Kexpected â€˜[01m[K;[m[Kâ€™ at end of member declaration
[4.675s]   329 |     rclcpp::Publisher<geometry_msgs::msg::Pose>::[01;31m[KSharedPtr[m[K arm_publisher; // Publicador do braÃ§o
[4.675s]       |                                                  [01;31m[K^~~~~~~~~[m[K
[4.676s]       |                                                           [32m[K;[m[K
[4.677s] [01m[K/home/ros_ws/ros_ws/b2_ws/src/b2_ctrl/src/b2_z1_control.cpp:329:60:[m[K [01;31m[Kerror: [m[Kâ€˜[01m[Karm_publisher[m[Kâ€™ does not name a type; did you mean â€˜[01m[Krmw_publisher_t[m[Kâ€™?
[4.677s]   329 |     rclcpp::Publisher<geometry_msgs::msg::Pose>::SharedPtr [01;31m[Karm_publisher[m[K; // Publicador do braÃ§o
[4.677s]       |                                                            [01;31m[K^~~~~~~~~~~~~[m[K
[4.677s]       |                                                            [32m[Krmw_publisher_t[m[K
[4.688s] [01m[K/home/ros_ws/ros_ws/b2_ws/src/b2_ctrl/src/b2_z1_control.cpp:[m[K In constructor â€˜[01m[KSportManager::SportManager()[m[Kâ€™:
[4.688s] [01m[K/home/ros_ws/ros_ws/b2_ws/src/b2_ctrl/src/b2_z1_control.cpp:39:9:[m[K [01;31m[Kerror: [m[Kâ€˜[01m[Karm_publisher[m[Kâ€™ was not declared in this scope; did you mean â€˜[01m[Kreq_publisher[m[Kâ€™?
[4.688s]    39 |         [01;31m[Karm_publisher[m[K = this->create_publisher<z1_interfaces::msg::ArmControlCommand>("z1_cartesian_control", 10);
[4.688s]       |         [01;31m[K^~~~~~~~~~~~~[m[K
[4.688s]       |         [32m[Kreq_publisher[m[K
[4.719s] [01m[K/home/ros_ws/ros_ws/b2_ws/src/b2_ctrl/src/b2_z1_control.cpp:[m[K In member function â€˜[01m[Kvoid SportManager::key_loop()[m[Kâ€™:
[4.719s] [01m[K/home/ros_ws/ros_ws/b2_ws/src/b2_ctrl/src/b2_z1_control.cpp:70:17:[m[K [01;31m[Kerror: [m[Kâ€˜[01m[Kpath_point_tmp[m[Kâ€™ was not declared in this scope
[4.719s]    70 |                 [01;31m[Kpath_point_tmp[m[K.vx = 0.3;
[4.719s]       |                 [01;31m[K^~~~~~~~~~~~~~[m[K
[4.727s] [01m[K/home/ros_ws/ros_ws/b2_ws/src/b2_ctrl/src/b2_z1_control.cpp:78:17:[m[K [01;31m[Kerror: [m[Kâ€˜[01m[Kpath_point_tmp[m[Kâ€™ was not declared in this scope
[4.727s]    78 |                 [01;31m[Kpath_point_tmp[m[K.vx = -0.3;
[4.727s]       |                 [01;31m[K^~~~~~~~~~~~~~[m[K
[4.738s] [01m[K/home/ros_ws/ros_ws/b2_ws/src/b2_ctrl/src/b2_z1_control.cpp:86:17:[m[K [01;31m[Kerror: [m[Kâ€˜[01m[Kpath_point_tmp[m[Kâ€™ was not declared in this scope
[4.738s]    86 |                 [01;31m[Kpath_point_tmp[m[K.vx = 0.0;
[4.738s]       |                 [01;31m[K^~~~~~~~~~~~~~[m[K
[4.748s] [01m[K/home/ros_ws/ros_ws/b2_ws/src/b2_ctrl/src/b2_z1_control.cpp:94:17:[m[K [01;31m[Kerror: [m[Kâ€˜[01m[Kpath_point_tmp[m[Kâ€™ was not declared in this scope
[4.748s]    94 |                 [01;31m[Kpath_point_tmp[m[K.vx = 0.0;
[4.748s]       |                 [01;31m[K^~~~~~~~~~~~~~[m[K
[4.756s] [01m[K/home/ros_ws/ros_ws/b2_ws/src/b2_ctrl/src/b2_z1_control.cpp:102:17:[m[K [01;31m[Kerror: [m[Kâ€˜[01m[Kpath_point_tmp[m[Kâ€™ was not declared in this scope
[4.757s]   102 |                 [01;31m[Kpath_point_tmp[m[K.vx = 0.0;
[4.757s]       |                 [01;31m[K^~~~~~~~~~~~~~[m[K
[4.765s] [01m[K/home/ros_ws/ros_ws/b2_ws/src/b2_ctrl/src/b2_z1_control.cpp:110:17:[m[K [01;31m[Kerror: [m[Kâ€˜[01m[Kpath_point_tmp[m[Kâ€™ was not declared in this scope
[4.765s]   110 |                 [01;31m[Kpath_point_tmp[m[K.vx = 0.0;
[4.765s]       |                 [01;31m[K^~~~~~~~~~~~~~[m[K
[4.772s] [01m[K/home/ros_ws/ros_ws/b2_ws/src/b2_ctrl/src/b2_z1_control.cpp:282:41:[m[K [01;31m[Kerror: [m[Kexpected primary-expression before â€˜[01m[K=[m[Kâ€™ token
[4.773s]   282 |             arm_command.directions[3] = [01;31m[K=[m[K arm_command.directions[3] - 0.05; // X-
[4.773s]       |                                         [01;31m[K^[m[K
[4.784s] [01m[K/home/ros_ws/ros_ws/b2_ws/src/b2_ctrl/src/b2_z1_control.cpp:316:9:[m[K [01;31m[Kerror: [m[Kâ€˜[01m[Karm_publisher[m[Kâ€™ was not declared in this scope; did you mean â€˜[01m[Kreq_publisher[m[Kâ€™?
[4.784s]   316 |         [01;31m[Karm_publisher[m[K->publish(arm_command);
[4.784s]       |         [01;31m[K^~~~~~~~~~~~~[m[K
[4.784s]       |         [32m[Kreq_publisher[m[K
[8.480s] gmake[2]: *** [CMakeFiles/b2_z1_control.dir/build.make:76: CMakeFiles/b2_z1_control.dir/src/b2_z1_control.cpp.o] Error 1
[8.480s] gmake[1]: *** [CMakeFiles/Makefile2:361: CMakeFiles/b2_z1_control.dir/all] Error 2
[8.480s] gmake: *** [Makefile:146: all] Error 2
[8.483s] Invoked command in '/home/ros_ws/ros_ws/b2_ws/build/b2_ctrl' returned '2': CMAKE_PREFIX_PATH=/home/ros_ws/ros_ws/b2_ws/install/z1_interfaces:/home/ros_ws/ros_ws/b2_ws/install/z1_urdf:/home/ros_ws/ros_ws/b2_ws/install/z1_nodes:/home/ros_ws/ros_ws/b2_ws/install/py_cpp:/home/ros_ws/ros_ws/b2_ws/install/b2_urdf:/home/ros_ws/ros_ws/b2_ws/install/b2_ctrl:/home/ros_ws/ros_ws/unitree_ros2/cyclonedds_ws/install/unitree_hg:/home/ros_ws/ros_ws/unitree_ros2/cyclonedds_ws/install/unitree_go:/home/ros_ws/ros_ws/unitree_ros2/cyclonedds_ws/install/unitree_api:/home/ros_ws/ros_ws/unitree_ros2/cyclonedds_ws/install/rmw_cyclonedds_cpp:/home/ros_ws/ros_ws/unitree_ros2/cyclonedds_ws/install/cyclonedds:/unitree_sdk2:/home/ros_ws/ros_ws/b2_ws/install/b2_nodes:/opt/ros/humble: LD_LIBRARY_PATH=/home/ros_ws/ros_ws/b2_ws/install/z1_interfaces/lib:/home/ros_ws/ros_ws/unitree_ros2/cyclonedds_ws/install/unitree_hg/lib:/home/ros_ws/ros_ws/unitree_ros2/cyclonedds_ws/install/unitree_go/lib:/home/ros_ws/ros_ws/unitree_ros2/cyclonedds_ws/install/unitree_api/lib:/home/ros_ws/ros_ws/unitree_ros2/cyclonedds_ws/install/rmw_cyclonedds_cpp/lib:/home/ros_ws/ros_ws/unitree_ros2/cyclonedds_ws/install/cyclonedds/lib:/usr/lib/x86_64-linux-gnu/gazebo-11/plugins:/opt/ros/humble/opt/rviz_ogre_vendor/lib:/opt/ros/humble/lib/x86_64-linux-gnu:/opt/ros/humble/lib:/z1_controller/lib:/z1_sdk/lib:/z1_controller/lib:/z1_sdk/lib /usr/bin/cmake --build /home/ros_ws/ros_ws/b2_ws/build/b2_ctrl -- -j16 -l16
