-- Found ament_cmake: 1.3.11 (/opt/ros/humble/share/ament_cmake/cmake)
-- Found unitree_go: 0.0.0 (/home/ros_ws/ros_ws/unitree_ros2/cyclonedds_ws/install/unitree_go/share/unitree_go/cmake)
-- Found rosidl_generator_c: 3.1.5 (/opt/ros/humble/share/rosidl_generator_c/cmake)
-- Found rosidl_adapter: 3.1.5 (/opt/ros/humble/share/rosidl_adapter/cmake)
-- Found rosidl_generator_cpp: 3.1.5 (/opt/ros/humble/share/rosidl_generator_cpp/cmake)
-- Using all available rosidl_typesupport_c: rosidl_typesupport_fastrtps_c;rosidl_typesupport_introspection_c
-- Using all available rosidl_typesupport_cpp: rosidl_typesupport_fastrtps_cpp;rosidl_typesupport_introspection_cpp
-- Found unitree_hg: 0.0.0 (/home/ros_ws/ros_ws/unitree_ros2/cyclonedds_ws/install/unitree_hg/share/unitree_hg/cmake)
-- Found unitree_api: 0.0.0 (/home/ros_ws/ros_ws/unitree_ros2/cyclonedds_ws/install/unitree_api/share/unitree_api/cmake)
-- Found rclcpp: 16.0.10 (/opt/ros/humble/share/rclcpp/cmake)
-- Found rmw_implementation_cmake: 6.1.2 (/opt/ros/humble/share/rmw_implementation_cmake/cmake)
-- Found rmw_cyclonedds_cpp: 1.3.4 (/home/ros_ws/ros_ws/unitree_ros2/cyclonedds_ws/install/rmw_cyclonedds_cpp/share/rmw_cyclonedds_cpp/cmake)
-- Using RMW implementation 'rmw_cyclonedds_cpp' as default
-- Found rosbag2_cpp: 0.15.12 (/opt/ros/humble/share/rosbag2_cpp/cmake)
-- Found z1_interfaces: 0.0.0 (/home/ros_ws/ros_ws/b2_ws/install/z1_interfaces/share/z1_interfaces/cmake)
-- Found ament_lint_auto: 0.12.11 (/opt/ros/humble/share/ament_lint_auto/cmake)
-- Added test 'copyright' to check source files copyright and LICENSE
-- Added test 'cppcheck' to perform static code analysis on C / C++ code
-- Configured cppcheck include dirs: /home/ros_ws/ros_ws/b2_ws/src/b2_ctrl/include;/home/ros_ws/ros_ws/b2_ws/src/b2_ctrl/include/common;/home/ros_ws/ros_ws/b2_ws/src/b2_ctrl/include/nlohmann
-- Configured cppcheck exclude dirs and/or files: 
-- Added test 'cpplint' to check C / C++ code against the Google style
-- Configured cpplint exclude dirs and/or files: 
-- Added test 'lint_cmake' to check CMake code style
-- Added test 'uncrustify' to check C / C++ code style
-- Configured uncrustify additional arguments: 
-- Added test 'xmllint' to check XML markup files
-- Configuring done
-- Generating done
-- Build files have been written to: /home/ros_ws/ros_ws/b2_ws/build/b2_ctrl
[35m[1mConsolidate compiler generated dependencies of target read_motion_state[0m
[35m[1mConsolidate compiler generated dependencies of target read_low_state[0m
[35m[1mConsolidate compiler generated dependencies of target read_low_state_hg[0m
[35m[1mConsolidate compiler generated dependencies of target low_level_ctrl[0m
[35m[1mConsolidate compiler generated dependencies of target sport_mode_ctrl[0m
[35m[1mConsolidate compiler generated dependencies of target g1_low_level_example[0m
[35m[1mConsolidate compiler generated dependencies of target b2_z1_control[0m
[35m[1mConsolidate compiler generated dependencies of target read_wireless_controller[0m
[35m[1mConsolidate compiler generated dependencies of target low_level_ctrl_hg[0m
[  4%] [32mBuilding CXX object CMakeFiles/read_low_state.dir/src/read_low_state.cpp.o[0m
[  8%] [32mBuilding CXX object CMakeFiles/read_motion_state.dir/src/read_motion_state.cpp.o[0m
[ 12%] [32mBuilding CXX object CMakeFiles/read_wireless_controller.dir/src/read_wireless_controller.cpp.o[0m
[ 16%] [32mBuilding CXX object CMakeFiles/read_low_state_hg.dir/src/read_low_state_hg.cpp.o[0m
[ 25%] [32mBuilding CXX object CMakeFiles/low_level_ctrl_hg.dir/src/h1-2/lowlevel/low_level_ctrl_hg.cpp.o[0m
[ 25%] [32mBuilding CXX object CMakeFiles/low_level_ctrl_hg.dir/src/common/motor_crc_hg.cpp.o[0m
[ 29%] [32mBuilding CXX object CMakeFiles/low_level_ctrl.dir/src/low_level_ctrl.cpp.o[0m
[ 33%] [32mBuilding CXX object CMakeFiles/low_level_ctrl.dir/src/common/motor_crc.cpp.o[0m
[ 37%] [32mBuilding CXX object CMakeFiles/g1_low_level_example.dir/src/common/motor_crc_hg.cpp.o[0m
[ 41%] [32mBuilding CXX object CMakeFiles/sport_mode_ctrl.dir/src/sport_mode_ctrl.cpp.o[0m
[ 45%] [32mBuilding CXX object CMakeFiles/sport_mode_ctrl.dir/src/common/ros2_sport_client.cpp.o[0m
[ 50%] [32mBuilding CXX object CMakeFiles/b2_z1_control.dir/src/b2_z1_control.cpp.o[0m
[ 54%] [32mBuilding CXX object CMakeFiles/g1_low_level_example.dir/src/g1/lowlevel/g1_low_level_example.cpp.o[0m
[01m[K/home/ros_ws/ros_ws/b2_ws/src/b2_ctrl/src/b2_z1_control.cpp:329:23:[m[K [01;31m[Kerror: [m[Kâ€˜[01m[Kgeometry_msgs[m[Kâ€™ was not declared in this scope
  329 |     rclcpp::Publisher<[01;31m[Kgeometry_msgs[m[K::msg::Pose>::SharedPtr arm_publisher; // Publicador do braÃ§o
      |                       [01;31m[K^~~~~~~~~~~~~[m[K
[01m[K/home/ros_ws/ros_ws/b2_ws/src/b2_ctrl/src/b2_z1_control.cpp:329:47:[m[K [01;31m[Kerror: [m[Ktemplate argument 1 is invalid
  329 |     rclcpp::Publisher<geometry_msgs::msg::Pose[01;31m[K>[m[K::SharedPtr arm_publisher; // Publicador do braÃ§o
      |                                               [01;31m[K^[m[K
[01m[K/home/ros_ws/ros_ws/b2_ws/src/b2_ctrl/src/b2_z1_control.cpp:329:50:[m[K [01;31m[Kerror: [m[Kexpected â€˜[01m[K;[m[Kâ€™ at end of member declaration
  329 |     rclcpp::Publisher<geometry_msgs::msg::Pose>::[01;31m[KSharedPtr[m[K arm_publisher; // Publicador do braÃ§o
      |                                                  [01;31m[K^~~~~~~~~[m[K
      |                                                           [32m[K;[m[K
[01m[K/home/ros_ws/ros_ws/b2_ws/src/b2_ctrl/src/b2_z1_control.cpp:329:60:[m[K [01;31m[Kerror: [m[Kâ€˜[01m[Karm_publisher[m[Kâ€™ does not name a type; did you mean â€˜[01m[Krmw_publisher_t[m[Kâ€™?
  329 |     rclcpp::Publisher<geometry_msgs::msg::Pose>::SharedPtr [01;31m[Karm_publisher[m[K; // Publicador do braÃ§o
      |                                                            [01;31m[K^~~~~~~~~~~~~[m[K
      |                                                            [32m[Krmw_publisher_t[m[K
[01m[K/home/ros_ws/ros_ws/b2_ws/src/b2_ctrl/src/b2_z1_control.cpp:[m[K In constructor â€˜[01m[KSportManager::SportManager()[m[Kâ€™:
[01m[K/home/ros_ws/ros_ws/b2_ws/src/b2_ctrl/src/b2_z1_control.cpp:39:9:[m[K [01;31m[Kerror: [m[Kâ€˜[01m[Karm_publisher[m[Kâ€™ was not declared in this scope; did you mean â€˜[01m[Kreq_publisher[m[Kâ€™?
   39 |         [01;31m[Karm_publisher[m[K = this->create_publisher<z1_interfaces::msg::ArmControlCommand>("z1_cartesian_control", 10);
      |         [01;31m[K^~~~~~~~~~~~~[m[K
      |         [32m[Kreq_publisher[m[K
[01m[K/home/ros_ws/ros_ws/b2_ws/src/b2_ctrl/src/b2_z1_control.cpp:[m[K In member function â€˜[01m[Kvoid SportManager::key_loop()[m[Kâ€™:
[01m[K/home/ros_ws/ros_ws/b2_ws/src/b2_ctrl/src/b2_z1_control.cpp:70:17:[m[K [01;31m[Kerror: [m[Kâ€˜[01m[Kpath_point_tmp[m[Kâ€™ was not declared in this scope
   70 |                 [01;31m[Kpath_point_tmp[m[K.vx = 0.3;
      |                 [01;31m[K^~~~~~~~~~~~~~[m[K
[01m[K/home/ros_ws/ros_ws/b2_ws/src/b2_ctrl/src/b2_z1_control.cpp:78:17:[m[K [01;31m[Kerror: [m[Kâ€˜[01m[Kpath_point_tmp[m[Kâ€™ was not declared in this scope
   78 |                 [01;31m[Kpath_point_tmp[m[K.vx = -0.3;
      |                 [01;31m[K^~~~~~~~~~~~~~[m[K
[01m[K/home/ros_ws/ros_ws/b2_ws/src/b2_ctrl/src/b2_z1_control.cpp:86:17:[m[K [01;31m[Kerror: [m[Kâ€˜[01m[Kpath_point_tmp[m[Kâ€™ was not declared in this scope
   86 |                 [01;31m[Kpath_point_tmp[m[K.vx = 0.0;
      |                 [01;31m[K^~~~~~~~~~~~~~[m[K
[01m[K/home/ros_ws/ros_ws/b2_ws/src/b2_ctrl/src/b2_z1_control.cpp:94:17:[m[K [01;31m[Kerror: [m[Kâ€˜[01m[Kpath_point_tmp[m[Kâ€™ was not declared in this scope
   94 |                 [01;31m[Kpath_point_tmp[m[K.vx = 0.0;
      |                 [01;31m[K^~~~~~~~~~~~~~[m[K
[01m[K/home/ros_ws/ros_ws/b2_ws/src/b2_ctrl/src/b2_z1_control.cpp:102:17:[m[K [01;31m[Kerror: [m[Kâ€˜[01m[Kpath_point_tmp[m[Kâ€™ was not declared in this scope
  102 |                 [01;31m[Kpath_point_tmp[m[K.vx = 0.0;
      |                 [01;31m[K^~~~~~~~~~~~~~[m[K
[01m[K/home/ros_ws/ros_ws/b2_ws/src/b2_ctrl/src/b2_z1_control.cpp:110:17:[m[K [01;31m[Kerror: [m[Kâ€˜[01m[Kpath_point_tmp[m[Kâ€™ was not declared in this scope
  110 |                 [01;31m[Kpath_point_tmp[m[K.vx = 0.0;
      |                 [01;31m[K^~~~~~~~~~~~~~[m[K
[01m[K/home/ros_ws/ros_ws/b2_ws/src/b2_ctrl/src/b2_z1_control.cpp:282:41:[m[K [01;31m[Kerror: [m[Kexpected primary-expression before â€˜[01m[K=[m[Kâ€™ token
  282 |             arm_command.directions[3] = [01;31m[K=[m[K arm_command.directions[3] - 0.05; // X-
      |                                         [01;31m[K^[m[K
[01m[K/home/ros_ws/ros_ws/b2_ws/src/b2_ctrl/src/b2_z1_control.cpp:316:9:[m[K [01;31m[Kerror: [m[Kâ€˜[01m[Karm_publisher[m[Kâ€™ was not declared in this scope; did you mean â€˜[01m[Kreq_publisher[m[Kâ€™?
  316 |         [01;31m[Karm_publisher[m[K->publish(arm_command);
      |         [01;31m[K^~~~~~~~~~~~~[m[K
      |         [32m[Kreq_publisher[m[K
[ 58%] [32m[1mLinking CXX executable low_level_ctrl[0m
[ 58%] Built target low_level_ctrl
gmake[2]: *** [CMakeFiles/b2_z1_control.dir/build.make:76: CMakeFiles/b2_z1_control.dir/src/b2_z1_control.cpp.o] Error 1
gmake[1]: *** [CMakeFiles/Makefile2:361: CMakeFiles/b2_z1_control.dir/all] Error 2
gmake[1]: *** Waiting for unfinished jobs....
[ 62%] [32m[1mLinking CXX executable read_wireless_controller[0m
[ 66%] [32m[1mLinking CXX executable read_motion_state[0m
[ 70%] [32m[1mLinking CXX executable read_low_state[0m
[ 70%] Built target read_wireless_controller
[ 75%] [32m[1mLinking CXX executable read_low_state_hg[0m
[ 75%] Built target read_motion_state
[ 79%] [32m[1mLinking CXX executable g1_low_level_example[0m
[ 79%] Built target read_low_state
[ 83%] [32m[1mLinking CXX executable low_level_ctrl_hg[0m
[ 83%] Built target read_low_state_hg
[ 83%] Built target g1_low_level_example
[ 87%] [32m[1mLinking CXX executable sport_mode_ctrl[0m
[ 87%] Built target low_level_ctrl_hg
[ 87%] Built target sport_mode_ctrl
gmake: *** [Makefile:146: all] Error 2
