-- Found ament_cmake: 1.3.11 (/opt/ros/humble/share/ament_cmake/cmake)
-- Found unitree_go: 0.0.0 (/home/ros_ws/ros_ws/unitree_ros2/cyclonedds_ws/install/unitree_go/share/unitree_go/cmake)
-- Found rosidl_generator_c: 3.1.5 (/opt/ros/humble/share/rosidl_generator_c/cmake)
-- Found rosidl_adapter: 3.1.5 (/opt/ros/humble/share/rosidl_adapter/cmake)
-- Found rosidl_generator_cpp: 3.1.5 (/opt/ros/humble/share/rosidl_generator_cpp/cmake)
-- Using all available rosidl_typesupport_c: rosidl_typesupport_fastrtps_c;rosidl_typesupport_introspection_c
-- Using all available rosidl_typesupport_cpp: rosidl_typesupport_fastrtps_cpp;rosidl_typesupport_introspection_cpp
-- Found unitree_hg: 0.0.0 (/home/ros_ws/ros_ws/unitree_ros2/cyclonedds_ws/install/unitree_hg/share/unitree_hg/cmake)
-- Found unitree_api: 0.0.0 (/home/ros_ws/ros_ws/unitree_ros2/cyclonedds_ws/install/unitree_api/share/unitree_api/cmake)
-- Found rclcpp: 16.0.10 (/opt/ros/humble/share/rclcpp/cmake)
-- Found rmw_implementation_cmake: 6.1.2 (/opt/ros/humble/share/rmw_implementation_cmake/cmake)
-- Found rmw_cyclonedds_cpp: 1.3.4 (/home/ros_ws/ros_ws/unitree_ros2/cyclonedds_ws/install/rmw_cyclonedds_cpp/share/rmw_cyclonedds_cpp/cmake)
-- Using RMW implementation 'rmw_cyclonedds_cpp' as default
-- Found rosbag2_cpp: 0.15.12 (/opt/ros/humble/share/rosbag2_cpp/cmake)
-- Found z1_interfaces: 0.0.0 (/home/ros_ws/ros_ws/b2_ws/install/z1_interfaces/share/z1_interfaces/cmake)
-- Found ament_lint_auto: 0.12.11 (/opt/ros/humble/share/ament_lint_auto/cmake)
-- Added test 'copyright' to check source files copyright and LICENSE
-- Added test 'cppcheck' to perform static code analysis on C / C++ code
-- Configured cppcheck include dirs: /home/ros_ws/ros_ws/b2_ws/src/b2_ctrl/include;/home/ros_ws/ros_ws/b2_ws/src/b2_ctrl/include/common;/home/ros_ws/ros_ws/b2_ws/src/b2_ctrl/include/nlohmann
-- Configured cppcheck exclude dirs and/or files: 
-- Added test 'cpplint' to check C / C++ code against the Google style
-- Configured cpplint exclude dirs and/or files: 
-- Added test 'lint_cmake' to check CMake code style
-- Added test 'uncrustify' to check C / C++ code style
-- Configured uncrustify additional arguments: 
-- Added test 'xmllint' to check XML markup files
-- Configuring done
-- Generating done
-- Build files have been written to: /home/ros_ws/ros_ws/b2_ws/build/b2_ctrl
[35m[1mConsolidate compiler generated dependencies of target read_low_state[0m
[35m[1mConsolidate compiler generated dependencies of target low_level_ctrl[0m
[35m[1mConsolidate compiler generated dependencies of target read_motion_state[0m
[35m[1mConsolidate compiler generated dependencies of target read_wireless_controller[0m
[35m[1mConsolidate compiler generated dependencies of target g1_low_level_example[0m
[35m[1mConsolidate compiler generated dependencies of target b2_z1_control[0m
[35m[1mConsolidate compiler generated dependencies of target low_level_ctrl_hg[0m
[35m[1mConsolidate compiler generated dependencies of target sport_mode_ctrl[0m
[35m[1mConsolidate compiler generated dependencies of target read_low_state_hg[0m
[  4%] [32m[1mLinking CXX executable read_low_state[0m
[  8%] [32m[1mLinking CXX executable read_motion_state[0m
[ 13%] [32m[1mLinking CXX executable low_level_ctrl[0m
[ 17%] [32m[1mLinking CXX executable g1_low_level_example[0m
[ 21%] [32m[1mLinking CXX executable read_wireless_controller[0m
[ 26%] [32mBuilding CXX object CMakeFiles/b2_z1_control.dir/src/b2_z1_control.cpp.o[0m
[ 30%] [32m[1mLinking CXX executable low_level_ctrl_hg[0m
[ 34%] [32m[1mLinking CXX executable sport_mode_ctrl[0m
[ 39%] [32m[1mLinking CXX executable read_low_state_hg[0m
[ 47%] Built target low_level_ctrl
[ 52%] Built target read_wireless_controller
[ 56%] Built target read_low_state
[ 65%] Built target low_level_ctrl_hg
[ 69%] Built target read_motion_state
[ 78%] Built target sport_mode_ctrl
[ 86%] Built target g1_low_level_example
[ 91%] Built target read_low_state_hg
[01m[K/home/ros_ws/ros_ws/b2_ws/src/b2_ctrl/src/b2_z1_control.cpp:[m[K In member function â€˜[01m[Kvoid SportManager::key_loop()[m[Kâ€™:
[01m[K/home/ros_ws/ros_ws/b2_ws/src/b2_ctrl/src/b2_z1_control.cpp:60:21:[m[K [01;31m[Kerror: [m[Kâ€˜[01m[Kusing ArmControlCommand = struct z1_interfaces::msg::ArmControlCommand_<std::allocator<void> >[m[Kâ€™ {aka â€˜[01m[Kstruct z1_interfaces::msg::ArmControlCommand_<std::allocator<void> >[m[Kâ€™} has no member named â€˜[01m[Kori_speed[m[Kâ€™
   60 |         arm_command.[01;31m[Kori_speed[m[K = 0.3; // Velocidade de orientaÃ§Ã£o
      |                     [01;31m[K^~~~~~~~~[m[K
[01m[K/home/ros_ws/ros_ws/b2_ws/src/b2_ctrl/src/b2_z1_control.cpp:61:21:[m[K [01;31m[Kerror: [m[Kâ€˜[01m[Kusing ArmControlCommand = struct z1_interfaces::msg::ArmControlCommand_<std::allocator<void> >[m[Kâ€™ {aka â€˜[01m[Kstruct z1_interfaces::msg::ArmControlCommand_<std::allocator<void> >[m[Kâ€™} has no member named â€˜[01m[Kpos_speed[m[Kâ€™
   61 |         arm_command.[01;31m[Kpos_speed[m[K = 0.1; // Velocidade de posiÃ§Ã£o
      |                     [01;31m[K^~~~~~~~~[m[K
gmake[2]: *** [CMakeFiles/b2_z1_control.dir/build.make:76: CMakeFiles/b2_z1_control.dir/src/b2_z1_control.cpp.o] Error 1
gmake[1]: *** [CMakeFiles/Makefile2:361: CMakeFiles/b2_z1_control.dir/all] Error 2
gmake: *** [Makefile:146: all] Error 2
