[0.019s] Invoking command in '/home/ros_ws/ros_ws/b2_ws/build/b2_ctrl': CMAKE_PREFIX_PATH=/home/ros_ws/ros_ws/b2_ws/install/z1_interfaces:/home/ros_ws/ros_ws/b2_ws/install/z1_urdf:/home/ros_ws/ros_ws/b2_ws/install/z1_nodes:/home/ros_ws/ros_ws/b2_ws/install/b2_ctrl:/home/ros_ws/ros_ws/b2_ws/install/py_cpp:/home/ros_ws/ros_ws/b2_ws/install/b2_urdf:/home/ros_ws/ros_ws/unitree_ros2/cyclonedds_ws/install/unitree_hg:/home/ros_ws/ros_ws/unitree_ros2/cyclonedds_ws/install/unitree_go:/home/ros_ws/ros_ws/unitree_ros2/cyclonedds_ws/install/unitree_api:/home/ros_ws/ros_ws/unitree_ros2/cyclonedds_ws/install/rmw_cyclonedds_cpp:/home/ros_ws/ros_ws/unitree_ros2/cyclonedds_ws/install/cyclonedds:/unitree_sdk2:/home/ros_ws/ros_ws/b2_ws/install/b2_nodes:/opt/ros/humble: LD_LIBRARY_PATH=/home/ros_ws/ros_ws/b2_ws/install/z1_interfaces/lib:/home/ros_ws/ros_ws/unitree_ros2/cyclonedds_ws/install/unitree_hg/lib:/home/ros_ws/ros_ws/unitree_ros2/cyclonedds_ws/install/unitree_go/lib:/home/ros_ws/ros_ws/unitree_ros2/cyclonedds_ws/install/unitree_api/lib:/home/ros_ws/ros_ws/unitree_ros2/cyclonedds_ws/install/rmw_cyclonedds_cpp/lib:/home/ros_ws/ros_ws/unitree_ros2/cyclonedds_ws/install/cyclonedds/lib:/usr/lib/x86_64-linux-gnu/gazebo-11/plugins:/opt/ros/humble/opt/rviz_ogre_vendor/lib:/opt/ros/humble/lib/x86_64-linux-gnu:/opt/ros/humble/lib:/z1_controller/lib:/z1_sdk/lib:/z1_controller/lib:/z1_sdk/lib /usr/bin/cmake --build /home/ros_ws/ros_ws/b2_ws/build/b2_ctrl -- -j16 -l16
[0.054s] -- Found ament_cmake: 1.3.11 (/opt/ros/humble/share/ament_cmake/cmake)
[0.188s] -- Found unitree_go: 0.0.0 (/home/ros_ws/ros_ws/unitree_ros2/cyclonedds_ws/install/unitree_go/share/unitree_go/cmake)
[0.213s] -- Found rosidl_generator_c: 3.1.5 (/opt/ros/humble/share/rosidl_generator_c/cmake)
[0.216s] -- Found rosidl_adapter: 3.1.5 (/opt/ros/humble/share/rosidl_adapter/cmake)
[0.223s] -- Found rosidl_generator_cpp: 3.1.5 (/opt/ros/humble/share/rosidl_generator_cpp/cmake)
[0.231s] -- Using all available rosidl_typesupport_c: rosidl_typesupport_fastrtps_c;rosidl_typesupport_introspection_c
[0.243s] -- Using all available rosidl_typesupport_cpp: rosidl_typesupport_fastrtps_cpp;rosidl_typesupport_introspection_cpp
[0.293s] -- Found unitree_hg: 0.0.0 (/home/ros_ws/ros_ws/unitree_ros2/cyclonedds_ws/install/unitree_hg/share/unitree_hg/cmake)
[0.307s] -- Found unitree_api: 0.0.0 (/home/ros_ws/ros_ws/unitree_ros2/cyclonedds_ws/install/unitree_api/share/unitree_api/cmake)
[0.320s] -- Found rclcpp: 16.0.10 (/opt/ros/humble/share/rclcpp/cmake)
[0.347s] -- Found rmw_implementation_cmake: 6.1.2 (/opt/ros/humble/share/rmw_implementation_cmake/cmake)
[0.348s] -- Found rmw_cyclonedds_cpp: 1.3.4 (/home/ros_ws/ros_ws/unitree_ros2/cyclonedds_ws/install/rmw_cyclonedds_cpp/share/rmw_cyclonedds_cpp/cmake)
[0.365s] -- Using RMW implementation 'rmw_cyclonedds_cpp' as default
[0.400s] -- Found rosbag2_cpp: 0.15.12 (/opt/ros/humble/share/rosbag2_cpp/cmake)
[0.437s] -- Found z1_interfaces: 0.0.0 (/home/ros_ws/ros_ws/b2_ws/install/z1_interfaces/share/z1_interfaces/cmake)
[0.475s] -- Found ament_lint_auto: 0.12.11 (/opt/ros/humble/share/ament_lint_auto/cmake)
[0.555s] -- Added test 'copyright' to check source files copyright and LICENSE
[0.561s] -- Added test 'cppcheck' to perform static code analysis on C / C++ code
[0.561s] -- Configured cppcheck include dirs: /home/ros_ws/ros_ws/b2_ws/src/b2_ctrl/include;/home/ros_ws/ros_ws/b2_ws/src/b2_ctrl/include/common;/home/ros_ws/ros_ws/b2_ws/src/b2_ctrl/include/nlohmann
[0.562s] -- Configured cppcheck exclude dirs and/or files: 
[0.567s] -- Added test 'cpplint' to check C / C++ code against the Google style
[0.567s] -- Configured cpplint exclude dirs and/or files: 
[0.570s] -- Added test 'lint_cmake' to check CMake code style
[0.576s] -- Added test 'uncrustify' to check C / C++ code style
[0.576s] -- Configured uncrustify additional arguments: 
[0.576s] -- Added test 'xmllint' to check XML markup files
[0.578s] -- Configuring done
[0.658s] -- Generating done
[0.661s] -- Build files have been written to: /home/ros_ws/ros_ws/b2_ws/build/b2_ctrl
[0.745s] [35m[1mConsolidate compiler generated dependencies of target read_low_state[0m
[0.747s] [35m[1mConsolidate compiler generated dependencies of target low_level_ctrl[0m
[0.749s] [35m[1mConsolidate compiler generated dependencies of target read_motion_state[0m
[0.751s] [35m[1mConsolidate compiler generated dependencies of target read_wireless_controller[0m
[0.752s] [35m[1mConsolidate compiler generated dependencies of target g1_low_level_example[0m
[0.759s] [35m[1mConsolidate compiler generated dependencies of target b2_z1_control[0m
[0.759s] [35m[1mConsolidate compiler generated dependencies of target low_level_ctrl_hg[0m
[0.759s] [35m[1mConsolidate compiler generated dependencies of target sport_mode_ctrl[0m
[0.774s] [35m[1mConsolidate compiler generated dependencies of target read_low_state_hg[0m
[0.912s] [  4%] [32m[1mLinking CXX executable read_low_state[0m
[0.940s] [  8%] [32m[1mLinking CXX executable read_motion_state[0m
[0.955s] [ 13%] [32m[1mLinking CXX executable low_level_ctrl[0m
[0.963s] [ 17%] [32m[1mLinking CXX executable g1_low_level_example[0m
[0.964s] [ 21%] [32m[1mLinking CXX executable read_wireless_controller[0m
[0.969s] [ 26%] [32mBuilding CXX object CMakeFiles/b2_z1_control.dir/src/b2_z1_control.cpp.o[0m
[0.973s] [ 30%] [32m[1mLinking CXX executable low_level_ctrl_hg[0m
[1.047s] [ 34%] [32m[1mLinking CXX executable sport_mode_ctrl[0m
[1.049s] [ 39%] [32m[1mLinking CXX executable read_low_state_hg[0m
[1.748s] [ 47%] Built target low_level_ctrl
[1.953s] [ 52%] Built target read_wireless_controller
[2.042s] [ 56%] Built target read_low_state
[2.043s] [ 65%] Built target low_level_ctrl_hg
[2.050s] [ 69%] Built target read_motion_state
[2.084s] [ 78%] Built target sport_mode_ctrl
[2.092s] [ 86%] Built target g1_low_level_example
[2.098s] [ 91%] Built target read_low_state_hg
[4.072s] [01m[K/home/ros_ws/ros_ws/b2_ws/src/b2_ctrl/src/b2_z1_control.cpp:[m[K In member function â€˜[01m[Kvoid SportManager::key_loop()[m[Kâ€™:
[4.072s] [01m[K/home/ros_ws/ros_ws/b2_ws/src/b2_ctrl/src/b2_z1_control.cpp:60:21:[m[K [01;31m[Kerror: [m[Kâ€˜[01m[Kusing ArmControlCommand = struct z1_interfaces::msg::ArmControlCommand_<std::allocator<void> >[m[Kâ€™ {aka â€˜[01m[Kstruct z1_interfaces::msg::ArmControlCommand_<std::allocator<void> >[m[Kâ€™} has no member named â€˜[01m[Kori_speed[m[Kâ€™
[4.072s]    60 |         arm_command.[01;31m[Kori_speed[m[K = 0.3; // Velocidade de orientaÃ§Ã£o
[4.072s]       |                     [01;31m[K^~~~~~~~~[m[K
[4.072s] [01m[K/home/ros_ws/ros_ws/b2_ws/src/b2_ctrl/src/b2_z1_control.cpp:61:21:[m[K [01;31m[Kerror: [m[Kâ€˜[01m[Kusing ArmControlCommand = struct z1_interfaces::msg::ArmControlCommand_<std::allocator<void> >[m[Kâ€™ {aka â€˜[01m[Kstruct z1_interfaces::msg::ArmControlCommand_<std::allocator<void> >[m[Kâ€™} has no member named â€˜[01m[Kpos_speed[m[Kâ€™
[4.072s]    61 |         arm_command.[01;31m[Kpos_speed[m[K = 0.1; // Velocidade de posiÃ§Ã£o
[4.072s]       |                     [01;31m[K^~~~~~~~~[m[K
[6.866s] gmake[2]: *** [CMakeFiles/b2_z1_control.dir/build.make:76: CMakeFiles/b2_z1_control.dir/src/b2_z1_control.cpp.o] Error 1
[6.866s] gmake[1]: *** [CMakeFiles/Makefile2:361: CMakeFiles/b2_z1_control.dir/all] Error 2
[6.866s] gmake: *** [Makefile:146: all] Error 2
[6.869s] Invoked command in '/home/ros_ws/ros_ws/b2_ws/build/b2_ctrl' returned '2': CMAKE_PREFIX_PATH=/home/ros_ws/ros_ws/b2_ws/install/z1_interfaces:/home/ros_ws/ros_ws/b2_ws/install/z1_urdf:/home/ros_ws/ros_ws/b2_ws/install/z1_nodes:/home/ros_ws/ros_ws/b2_ws/install/b2_ctrl:/home/ros_ws/ros_ws/b2_ws/install/py_cpp:/home/ros_ws/ros_ws/b2_ws/install/b2_urdf:/home/ros_ws/ros_ws/unitree_ros2/cyclonedds_ws/install/unitree_hg:/home/ros_ws/ros_ws/unitree_ros2/cyclonedds_ws/install/unitree_go:/home/ros_ws/ros_ws/unitree_ros2/cyclonedds_ws/install/unitree_api:/home/ros_ws/ros_ws/unitree_ros2/cyclonedds_ws/install/rmw_cyclonedds_cpp:/home/ros_ws/ros_ws/unitree_ros2/cyclonedds_ws/install/cyclonedds:/unitree_sdk2:/home/ros_ws/ros_ws/b2_ws/install/b2_nodes:/opt/ros/humble: LD_LIBRARY_PATH=/home/ros_ws/ros_ws/b2_ws/install/z1_interfaces/lib:/home/ros_ws/ros_ws/unitree_ros2/cyclonedds_ws/install/unitree_hg/lib:/home/ros_ws/ros_ws/unitree_ros2/cyclonedds_ws/install/unitree_go/lib:/home/ros_ws/ros_ws/unitree_ros2/cyclonedds_ws/install/unitree_api/lib:/home/ros_ws/ros_ws/unitree_ros2/cyclonedds_ws/install/rmw_cyclonedds_cpp/lib:/home/ros_ws/ros_ws/unitree_ros2/cyclonedds_ws/install/cyclonedds/lib:/usr/lib/x86_64-linux-gnu/gazebo-11/plugins:/opt/ros/humble/opt/rviz_ogre_vendor/lib:/opt/ros/humble/lib/x86_64-linux-gnu:/opt/ros/humble/lib:/z1_controller/lib:/z1_sdk/lib:/z1_controller/lib:/z1_sdk/lib /usr/bin/cmake --build /home/ros_ws/ros_ws/b2_ws/build/b2_ctrl -- -j16 -l16
