[0.026s] Invoking command in '/home/ros_ws/ros_ws/b2_ws/build/b2_ctrl': CMAKE_PREFIX_PATH=/home/ros_ws/ros_ws/b2_ws/install/z1_interfaces:/home/ros_ws/ros_ws/b2_ws/install/z1_urdf:/home/ros_ws/ros_ws/b2_ws/install/z1_nodes:/home/ros_ws/ros_ws/b2_ws/install/b2_ctrl:/home/ros_ws/ros_ws/b2_ws/install/py_cpp:/home/ros_ws/ros_ws/b2_ws/install/b2_urdf:/home/ros_ws/ros_ws/unitree_ros2/cyclonedds_ws/install/unitree_hg:/home/ros_ws/ros_ws/unitree_ros2/cyclonedds_ws/install/unitree_go:/home/ros_ws/ros_ws/unitree_ros2/cyclonedds_ws/install/unitree_api:/home/ros_ws/ros_ws/unitree_ros2/cyclonedds_ws/install/rmw_cyclonedds_cpp:/home/ros_ws/ros_ws/unitree_ros2/cyclonedds_ws/install/cyclonedds:/unitree_sdk2:/home/ros_ws/ros_ws/b2_ws/install/b2_nodes:/opt/ros/humble: LD_LIBRARY_PATH=/home/ros_ws/ros_ws/b2_ws/install/z1_interfaces/lib:/home/ros_ws/ros_ws/unitree_ros2/cyclonedds_ws/install/unitree_hg/lib:/home/ros_ws/ros_ws/unitree_ros2/cyclonedds_ws/install/unitree_go/lib:/home/ros_ws/ros_ws/unitree_ros2/cyclonedds_ws/install/unitree_api/lib:/home/ros_ws/ros_ws/unitree_ros2/cyclonedds_ws/install/rmw_cyclonedds_cpp/lib:/home/ros_ws/ros_ws/unitree_ros2/cyclonedds_ws/install/cyclonedds/lib:/usr/lib/x86_64-linux-gnu/gazebo-11/plugins:/opt/ros/humble/opt/rviz_ogre_vendor/lib:/opt/ros/humble/lib/x86_64-linux-gnu:/opt/ros/humble/lib:/z1_controller/lib:/z1_sdk/lib:/z1_controller/lib:/z1_sdk/lib /usr/bin/cmake --build /home/ros_ws/ros_ws/b2_ws/build/b2_ctrl -- -j16 -l16
[0.122s] [35m[1mConsolidate compiler generated dependencies of target b2_z1_control[0m
[0.162s] [  8%] Built target read_motion_state
[0.165s] [ 21%] Built target low_level_ctrl
[0.166s] [ 30%] Built target read_low_state
[0.175s] [ 47%] Built target low_level_ctrl_hg
[0.176s] [ 56%] Built target sport_mode_ctrl
[0.182s] [ 73%] Built target g1_low_level_example
[0.183s] [ 78%] Built target read_low_state_hg
[0.184s] [ 86%] Built target read_wireless_controller
[0.206s] [ 91%] [32mBuilding CXX object CMakeFiles/b2_z1_control.dir/src/b2_z1_control.cpp.o[0m
[0.827s] [01m[K/home/ros_ws/ros_ws/b2_ws/src/b2_ctrl/src/b2_z1_control.cpp:435:29:[m[K [01;31m[Kerror: [m[Kempty character constant
[0.828s]   435 |             else if (key == [01;31m[K''[m[K') // J2 -
[0.829s]       |                             [01;31m[K^~[m[K
[0.829s] [01m[K/home/ros_ws/ros_ws/b2_ws/src/b2_ctrl/src/b2_z1_control.cpp:435:31:[m[K [01;35m[Kwarning: [m[Kmissing terminating ' character
[0.829s]   435 |             else if (key == ''[01;35m[K'[m[K) // J2 -
[0.829s]       |                               [01;35m[K^[m[K
[0.829s] [01m[K/home/ros_ws/ros_ws/b2_ws/src/b2_ctrl/src/b2_z1_control.cpp:435:31:[m[K [01;31m[Kerror: [m[Kmissing terminating ' character
[0.829s]   435 |             else if (key == ''[01;31m[K') // J2 -[m[K
[0.830s]       |                               [01;31m[K^~~~~~~~~~[m[K
[3.633s] [01m[K/home/ros_ws/ros_ws/b2_ws/src/b2_ctrl/src/b2_z1_control.cpp:540:2:[m[K [01;31m[Kerror: [m[Kexpected â€˜[01m[K}[m[Kâ€™ at end of input
[3.633s]   540 | }
[3.633s]       |  [01;31m[K^[m[K
[3.633s] [01m[K/home/ros_ws/ros_ws/b2_ws/src/b2_ctrl/src/b2_z1_control.cpp:51:1:[m[K [01;36m[Knote: [m[Kto match this â€˜[01m[K{[m[Kâ€™
[3.634s]    51 | [01;36m[K{[m[K
[3.634s]       | [01;36m[K^[m[K
[3.642s] [01m[K/home/ros_ws/ros_ws/b2_ws/src/b2_ctrl/src/b2_z1_control.cpp:[m[K In constructor â€˜[01m[KSportManager::SportManager()[m[Kâ€™:
[3.643s] [01m[K/home/ros_ws/ros_ws/b2_ws/src/b2_ctrl/src/b2_z1_control.cpp:56:9:[m[K [01;31m[Kerror: [m[Kâ€˜[01m[Kreq_publisher[m[Kâ€™ was not declared in this scope; did you mean â€˜[01m[Kcreate_publisher[m[Kâ€™?
[3.643s]    56 |         [01;31m[Kreq_publisher[m[K = this->create_publisher<unitree_api::msg::Request>("/api/sport/request", 10);
[3.643s]       |         [01;31m[K^~~~~~~~~~~~~[m[K
[3.643s]       |         [32m[Kcreate_publisher[m[K
[3.659s] [01m[K/home/ros_ws/ros_ws/b2_ws/src/b2_ctrl/src/b2_z1_control.cpp:59:9:[m[K [01;31m[Kerror: [m[Kâ€˜[01m[Karm_publisher[m[Kâ€™ was not declared in this scope; did you mean â€˜[01m[Krmw_publisher_t[m[Kâ€™?
[3.659s]    59 |         [01;31m[Karm_publisher[m[K = this->create_publisher<z1_interfaces::msg::ArmControlCommand>("z1_control", 10);
[3.659s]       |         [01;31m[K^~~~~~~~~~~~~[m[K
[3.659s]       |         [32m[Krmw_publisher_t[m[K
[3.676s] [01m[K/home/ros_ws/ros_ws/b2_ws/src/b2_ctrl/src/b2_z1_control.cpp:62:9:[m[K [01;31m[Kerror: [m[Kâ€˜[01m[Kstate_subscriber[m[Kâ€™ was not declared in this scope
[3.676s]    62 |         [01;31m[Kstate_subscriber[m[K = this->create_subscription<unitree_go::msg::SportModeState>(
[3.676s]       |         [01;31m[K^~~~~~~~~~~~~~~~[m[K
[3.676s] [01m[K/home/ros_ws/ros_ws/b2_ws/src/b2_ctrl/src/b2_z1_control.cpp:63:60:[m[K [01;31m[Kerror: [m[Kâ€˜[01m[Kstate_callback[m[Kâ€™ is not a member of â€˜[01m[KSportManager[m[Kâ€™
[3.676s]    63 |             "sportmodestate", 10, std::bind(&SportManager::[01;31m[Kstate_callback[m[K, this, _1));
[3.676s]       |                                                            [01;31m[K^~~~~~~~~~~~~~[m[K
[3.683s] [01m[K/home/ros_ws/ros_ws/b2_ws/src/b2_ctrl/src/b2_z1_control.cpp:66:9:[m[K [01;31m[Kerror: [m[Kâ€˜[01m[Ktimer_[m[Kâ€™ was not declared in this scope; did you mean â€˜[01m[Ktimer_t[m[Kâ€™?
[3.683s]    66 |         [01;31m[Ktimer_[m[K = this->create_wall_timer(
[3.684s]       |         [01;31m[K^~~~~~[m[K
[3.684s]       |         [32m[Ktimer_t[m[K
[3.706s] [01m[K/home/ros_ws/ros_ws/b2_ws/src/b2_ctrl/src/b2_z1_control.cpp:70:9:[m[K [01;31m[Kerror: [m[Kâ€˜[01m[Kkey_thread[m[Kâ€™ was not declared in this scope
[3.707s]    70 |         [01;31m[Kkey_thread[m[K = std::thread(get_key);
[3.707s]       |         [01;31m[K^~~~~~~~~~[m[K
[3.718s] [01m[K/home/ros_ws/ros_ws/b2_ws/src/b2_ctrl/src/b2_z1_control.cpp:[m[K In destructor â€˜[01m[Kvirtual SportManager::~SportManager()[m[Kâ€™:
[3.718s] [01m[K/home/ros_ws/ros_ws/b2_ws/src/b2_ctrl/src/b2_z1_control.cpp:78:13:[m[K [01;31m[Kerror: [m[Kâ€˜[01m[Kkey_thread[m[Kâ€™ was not declared in this scope
[3.718s]    78 |         if ([01;31m[Kkey_thread[m[K.joinable()) {
[3.718s]       |             [01;31m[K^~~~~~~~~~[m[K
[3.724s] [01m[K/home/ros_ws/ros_ws/b2_ws/src/b2_ctrl/src/b2_z1_control.cpp:[m[K In member function â€˜[01m[Kvoid SportManager::key_loop()[m[Kâ€™:
[3.724s] [01m[K/home/ros_ws/ros_ws/b2_ws/src/b2_ctrl/src/b2_z1_control.cpp:89:21:[m[K [01;31m[Kerror: [m[Kâ€˜[01m[Kmode_[m[Kâ€™ was not declared in this scope; did you mean â€˜[01m[Kmode_t[m[Kâ€™?
[3.725s]    89 |         uint mode = [01;31m[Kmode_[m[K;
[3.725s]       |                     [01;31m[K^~~~~[m[K
[3.725s]       |                     [32m[Kmode_t[m[K
[3.734s] [01m[K/home/ros_ws/ros_ws/b2_ws/src/b2_ctrl/src/b2_z1_control.cpp:103:17:[m[K [01;31m[Kerror: [m[Kâ€˜[01m[Ksport_req[m[Kâ€™ was not declared in this scope
[3.734s]   103 |                 [01;31m[Ksport_req[m[K.Move(request, path_point_tmp.vx, path_point_tmp.vy, path_point_tmp.vyaw);
[3.735s]       |                 [01;31m[K^~~~~~~~~[m[K
[3.745s] [01m[K/home/ros_ws/ros_ws/b2_ws/src/b2_ctrl/src/b2_z1_control.cpp:111:17:[m[K [01;31m[Kerror: [m[Kâ€˜[01m[Ksport_req[m[Kâ€™ was not declared in this scope
[3.745s]   111 |                 [01;31m[Ksport_req[m[K.Move(request, path_point_tmp.vx, path_point_tmp.vy, path_point_tmp.vyaw);
[3.745s]       |                 [01;31m[K^~~~~~~~~[m[K
[3.755s] [01m[K/home/ros_ws/ros_ws/b2_ws/src/b2_ctrl/src/b2_z1_control.cpp:119:17:[m[K [01;31m[Kerror: [m[Kâ€˜[01m[Ksport_req[m[Kâ€™ was not declared in this scope
[3.755s]   119 |                 [01;31m[Ksport_req[m[K.Move(request, path_point_tmp.vx, path_point_tmp.vy, path_point_tmp.vyaw);
[3.755s]       |                 [01;31m[K^~~~~~~~~[m[K
[3.764s] [01m[K/home/ros_ws/ros_ws/b2_ws/src/b2_ctrl/src/b2_z1_control.cpp:127:17:[m[K [01;31m[Kerror: [m[Kâ€˜[01m[Ksport_req[m[Kâ€™ was not declared in this scope
[3.764s]   127 |                 [01;31m[Ksport_req[m[K.Move(request, path_point_tmp.vx, path_point_tmp.vy, path_point_tmp.vyaw);
[3.764s]       |                 [01;31m[K^~~~~~~~~[m[K
[3.772s] [01m[K/home/ros_ws/ros_ws/b2_ws/src/b2_ctrl/src/b2_z1_control.cpp:135:17:[m[K [01;31m[Kerror: [m[Kâ€˜[01m[Ksport_req[m[Kâ€™ was not declared in this scope
[3.772s]   135 |                 [01;31m[Ksport_req[m[K.Move(request, path_point_tmp.vx, path_point_tmp.vy, path_point_tmp.vyaw);
[3.772s]       |                 [01;31m[K^~~~~~~~~[m[K
[3.780s] [01m[K/home/ros_ws/ros_ws/b2_ws/src/b2_ctrl/src/b2_z1_control.cpp:143:17:[m[K [01;31m[Kerror: [m[Kâ€˜[01m[Ksport_req[m[Kâ€™ was not declared in this scope
[3.780s]   143 |                 [01;31m[Ksport_req[m[K.Move(request, path_point_tmp.vx, path_point_tmp.vy, path_point_tmp.vyaw);
[3.780s]       |                 [01;31m[K^~~~~~~~~[m[K
[3.789s] [01m[K/home/ros_ws/ros_ws/b2_ws/src/b2_ctrl/src/b2_z1_control.cpp:149:17:[m[K [01;31m[Kerror: [m[Kâ€˜[01m[Ksport_req[m[Kâ€™ was not declared in this scope
[3.789s]   149 |                 [01;31m[Ksport_req[m[K.StopMove(request);
[3.789s]       |                 [01;31m[K^~~~~~~~~[m[K
[3.797s] [01m[K/home/ros_ws/ros_ws/b2_ws/src/b2_ctrl/src/b2_z1_control.cpp:156:17:[m[K [01;31m[Kerror: [m[Kâ€˜[01m[Ksport_req[m[Kâ€™ was not declared in this scope
[3.797s]   156 |                 [01;31m[Ksport_req[m[K.BodyHeight(request, 0);
[3.798s]       |                 [01;31m[K^~~~~~~~~[m[K
[3.805s] [01m[K/home/ros_ws/ros_ws/b2_ws/src/b2_ctrl/src/b2_z1_control.cpp:162:17:[m[K [01;31m[Kerror: [m[Kâ€˜[01m[Ksport_req[m[Kâ€™ was not declared in this scope
[3.806s]   162 |                 [01;31m[Ksport_req[m[K.BodyHeight(request, 0.2);
[3.806s]       |                 [01;31m[K^~~~~~~~~[m[K
[3.814s] [01m[K/home/ros_ws/ros_ws/b2_ws/src/b2_ctrl/src/b2_z1_control.cpp:168:17:[m[K [01;31m[Kerror: [m[Kâ€˜[01m[Ksport_req[m[Kâ€™ was not declared in this scope
[3.814s]   168 |                 [01;31m[Ksport_req[m[K.RecoveryStand(request);
[3.814s]       |                 [01;31m[K^~~~~~~~~[m[K
[3.822s] [01m[K/home/ros_ws/ros_ws/b2_ws/src/b2_ctrl/src/b2_z1_control.cpp:174:17:[m[K [01;31m[Kerror: [m[Kâ€˜[01m[Ksport_req[m[Kâ€™ was not declared in this scope
[3.822s]   174 |                 [01;31m[Ksport_req[m[K.StandDown(request);
[3.822s]       |                 [01;31m[K^~~~~~~~~[m[K
[3.832s] [01m[K/home/ros_ws/ros_ws/b2_ws/src/b2_ctrl/src/b2_z1_control.cpp:183:17:[m[K [01;31m[Kerror: [m[Kâ€˜[01m[Ksport_req[m[Kâ€™ was not declared in this scope
[3.832s]   183 |                 [01;31m[Ksport_req[m[K.StandDown(request);
[3.832s]       |                 [01;31m[K^~~~~~~~~[m[K
[3.840s] [01m[K/home/ros_ws/ros_ws/b2_ws/src/b2_ctrl/src/b2_z1_control.cpp:189:17:[m[K [01;31m[Kerror: [m[Kâ€˜[01m[Ksport_req[m[Kâ€™ was not declared in this scope
[3.841s]   189 |                 [01;31m[Ksport_req[m[K.BalanceStand(request);
[3.841s]       |                 [01;31m[K^~~~~~~~~[m[K
[3.850s] [01m[K/home/ros_ws/ros_ws/b2_ws/src/b2_ctrl/src/b2_z1_control.cpp:199:17:[m[K [01;31m[Kerror: [m[Kâ€˜[01m[Ksport_req[m[Kâ€™ was not declared in this scope
[3.850s]   199 |                 [01;31m[Ksport_req[m[K.StandUp(request);
[3.851s]       |                 [01;31m[K^~~~~~~~~[m[K
[3.859s] [01m[K/home/ros_ws/ros_ws/b2_ws/src/b2_ctrl/src/b2_z1_control.cpp:207:17:[m[K [01;31m[Kerror: [m[Kâ€˜[01m[Ksport_req[m[Kâ€™ was not declared in this scope
[3.859s]   207 |                 [01;31m[Ksport_req[m[K.Damp(request);
[3.859s]       |                 [01;31m[K^~~~~~~~~[m[K
[3.869s] [01m[K/home/ros_ws/ros_ws/b2_ws/src/b2_ctrl/src/b2_z1_control.cpp:220:13:[m[K [01;31m[Kerror: [m[Kâ€˜[01m[Ksport_req[m[Kâ€™ was not declared in this scope
[3.869s]   220 |             [01;31m[Ksport_req[m[K.BodyHeight(request, 0);
[3.869s]       |             [01;31m[K^~~~~~~~~[m[K
[3.879s] [01m[K/home/ros_ws/ros_ws/b2_ws/src/b2_ctrl/src/b2_z1_control.cpp:221:13:[m[K [01;31m[Kerror: [m[Kâ€˜[01m[Kreq_publisher[m[Kâ€™ was not declared in this scope; did you mean â€˜[01m[Kcreate_publisher[m[Kâ€™?
[3.879s]   221 |             [01;31m[Kreq_publisher[m[K->publish(request);
[3.880s]       |             [01;31m[K^~~~~~~~~~~~~[m[K
[3.880s]       |             [32m[Kcreate_publisher[m[K
[3.889s] [01m[K/home/ros_ws/ros_ws/b2_ws/src/b2_ctrl/src/b2_z1_control.cpp:258:13:[m[K [01;31m[Kerror: [m[Kâ€˜[01m[Ksport_req[m[Kâ€™ was not declared in this scope
[3.889s]   258 |             [01;31m[Ksport_req[m[K.Euler(request, 0.2, -0.2, 0.2);
[3.890s]       |             [01;31m[K^~~~~~~~~[m[K
[3.898s] [01m[K/home/ros_ws/ros_ws/b2_ws/src/b2_ctrl/src/b2_z1_control.cpp:265:13:[m[K [01;31m[Kerror: [m[Kâ€˜[01m[Ksport_req[m[Kâ€™ was not declared in this scope
[3.899s]   265 |             [01;31m[Ksport_req[m[K.Euler(request, 0.2, 0.2, 0.2);
[3.899s]       |             [01;31m[K^~~~~~~~~[m[K
[3.908s] [01m[K/home/ros_ws/ros_ws/b2_ws/src/b2_ctrl/src/b2_z1_control.cpp:272:13:[m[K [01;31m[Kerror: [m[Kâ€˜[01m[Ksport_req[m[Kâ€™ was not declared in this scope
[3.908s]   272 |             [01;31m[Ksport_req[m[K.Euler(request, 0.2, 0.2, -0.2);
[3.908s]       |             [01;31m[K^~~~~~~~~[m[K
[3.919s] [01m[K/home/ros_ws/ros_ws/b2_ws/src/b2_ctrl/src/b2_z1_control.cpp:279:13:[m[K [01;31m[Kerror: [m[Kâ€˜[01m[Ksport_req[m[Kâ€™ was not declared in this scope
[3.919s]   279 |             [01;31m[Ksport_req[m[K.Euler(request, 0.2, -0.2, -0.2);
[3.919s]       |             [01;31m[K^~~~~~~~~[m[K
[3.929s] [01m[K/home/ros_ws/ros_ws/b2_ws/src/b2_ctrl/src/b2_z1_control.cpp:299:13:[m[K [01;31m[Kerror: [m[Kâ€˜[01m[Ksport_req[m[Kâ€™ was not declared in this scope
[3.929s]   299 |             [01;31m[Ksport_req[m[K.BodyHeight(request, height);
[3.930s]       |             [01;31m[K^~~~~~~~~[m[K
[3.939s] [01m[K/home/ros_ws/ros_ws/b2_ws/src/b2_ctrl/src/b2_z1_control.cpp:305:17:[m[K [01;31m[Kerror: [m[Kâ€˜[01m[Karm_command[m[Kâ€™ was not declared in this scope
[3.939s]   305 |             if ([01;31m[Karm_command[m[K.cartesian == true)
[3.939s]       |                 [01;31m[K^~~~~~~~~~~[m[K
[3.949s] [01m[K/home/ros_ws/ros_ws/b2_ws/src/b2_ctrl/src/b2_z1_control.cpp:317:9:[m[K [01;31m[Kerror: [m[Kâ€˜[01m[Karm_command[m[Kâ€™ was not declared in this scope
[3.950s]   317 |         [01;31m[Karm_command[m[K.directions = {0.0, 0.0, 0.0, 0.0, 0.0, 0.0, 0.0}; // roll, pitch, yaw, x, y, z, gripper
[3.950s]       |         [01;31m[K^~~~~~~~~~~[m[K
[3.959s] [01m[K/home/ros_ws/ros_ws/b2_ws/src/b2_ctrl/src/b2_z1_control.cpp:330:17:[m[K [01;31m[Kerror: [m[Kâ€˜[01m[Karm_publisher[m[Kâ€™ was not declared in this scope; did you mean â€˜[01m[Krmw_publisher_t[m[Kâ€™?
[3.959s]   330 |                 [01;31m[Karm_publisher[m[K->publish(arm_command);
[3.960s]       |                 [01;31m[K^~~~~~~~~~~~~[m[K
[3.960s]       |                 [32m[Krmw_publisher_t[m[K
[3.969s] [01m[K/home/ros_ws/ros_ws/b2_ws/src/b2_ctrl/src/b2_z1_control.cpp:336:17:[m[K [01;31m[Kerror: [m[Kâ€˜[01m[Karm_publisher[m[Kâ€™ was not declared in this scope; did you mean â€˜[01m[Krmw_publisher_t[m[Kâ€™?
[3.969s]   336 |                 [01;31m[Karm_publisher[m[K->publish(arm_command);
[3.969s]       |                 [01;31m[K^~~~~~~~~~~~~[m[K
[3.969s]       |                 [32m[Krmw_publisher_t[m[K
[3.978s] [01m[K/home/ros_ws/ros_ws/b2_ws/src/b2_ctrl/src/b2_z1_control.cpp:342:17:[m[K [01;31m[Kerror: [m[Kâ€˜[01m[Karm_publisher[m[Kâ€™ was not declared in this scope; did you mean â€˜[01m[Krmw_publisher_t[m[Kâ€™?
[3.978s]   342 |                 [01;31m[Karm_publisher[m[K->publish(arm_command);
[3.978s]       |                 [01;31m[K^~~~~~~~~~~~~[m[K
[3.978s]       |                 [32m[Krmw_publisher_t[m[K
[3.979s] [01m[K/home/ros_ws/ros_ws/b2_ws/src/b2_ctrl/src/b2_z1_control.cpp:344:26:[m[K [01;35m[Kwarning: [m[Kcomparison with string literal results in unspecified behavior [[01;35m[K]8;;https://gcc.gnu.org/onlinedocs/gcc/Warning-Options.html#index-Waddress-Waddress]8;;[m[K]
[3.979s]   344 |             else if ([01;35m[Kkey == "'"[m[K) // Pitch -
[3.979s]       |                      [01;35m[K~~~~^~~~~~[m[K
[3.979s] [01m[K/home/ros_ws/ros_ws/b2_ws/src/b2_ctrl/src/b2_z1_control.cpp:344:26:[m[K [01;31m[Kerror: [m[KISO C++ forbids comparison between pointer and integer [[01;31m[K]8;;https://gcc.gnu.org/onlinedocs/gcc/Warning-Options.html#index-fpermissive-fpermissive]8;;[m[K]
[3.987s] [01m[K/home/ros_ws/ros_ws/b2_ws/src/b2_ctrl/src/b2_z1_control.cpp:348:17:[m[K [01;31m[Kerror: [m[Kâ€˜[01m[Karm_publisher[m[Kâ€™ was not declared in this scope; did you mean â€˜[01m[Krmw_publisher_t[m[Kâ€™?
[3.987s]   348 |                 [01;31m[Karm_publisher[m[K->publish(arm_command);
[3.987s]       |                 [01;31m[K^~~~~~~~~~~~~[m[K
[3.987s]       |                 [32m[Krmw_publisher_t[m[K
[3.998s] [01m[K/home/ros_ws/ros_ws/b2_ws/src/b2_ctrl/src/b2_z1_control.cpp:354:17:[m[K [01;31m[Kerror: [m[Kâ€˜[01m[Karm_publisher[m[Kâ€™ was not declared in this scope; did you mean â€˜[01m[Krmw_publisher_t[m[Kâ€™?
[3.998s]   354 |                 [01;31m[Karm_publisher[m[K->publish(arm_command);
[3.998s]       |                 [01;31m[K^~~~~~~~~~~~~[m[K
[3.998s]       |                 [32m[Krmw_publisher_t[m[K
[3.999s] [01m[K/home/ros_ws/ros_ws/b2_ws/src/b2_ctrl/src/b2_z1_control.cpp:356:26:[m[K [01;35m[Kwarning: [m[Kcomparison with string literal results in unspecified behavior [[01;35m[K]8;;https://gcc.gnu.org/onlinedocs/gcc/Warning-Options.html#index-Waddress-Waddress]8;;[m[K]
[3.999s]   356 |             else if ([01;35m[Kkey == "."[m[K) // Yaw -
[3.999s]       |                      [01;35m[K~~~~^~~~~~[m[K
[3.999s] [01m[K/home/ros_ws/ros_ws/b2_ws/src/b2_ctrl/src/b2_z1_control.cpp:356:26:[m[K [01;31m[Kerror: [m[KISO C++ forbids comparison between pointer and integer [[01;31m[K]8;;https://gcc.gnu.org/onlinedocs/gcc/Warning-Options.html#index-fpermissive-fpermissive]8;;[m[K]
[4.008s] [01m[K/home/ros_ws/ros_ws/b2_ws/src/b2_ctrl/src/b2_z1_control.cpp:360:17:[m[K [01;31m[Kerror: [m[Kâ€˜[01m[Karm_publisher[m[Kâ€™ was not declared in this scope; did you mean â€˜[01m[Krmw_publisher_t[m[Kâ€™?
[4.008s]   360 |                 [01;31m[Karm_publisher[m[K->publish(arm_command);
[4.009s]       |                 [01;31m[K^~~~~~~~~~~~~[m[K
[4.009s]       |                 [32m[Krmw_publisher_t[m[K
[4.018s] [01m[K/home/ros_ws/ros_ws/b2_ws/src/b2_ctrl/src/b2_z1_control.cpp:367:17:[m[K [01;31m[Kerror: [m[Kâ€˜[01m[Karm_publisher[m[Kâ€™ was not declared in this scope; did you mean â€˜[01m[Krmw_publisher_t[m[Kâ€™?
[4.018s]   367 |                 [01;31m[Karm_publisher[m[K->publish(arm_command);
[4.018s]       |                 [01;31m[K^~~~~~~~~~~~~[m[K
[4.018s]       |                 [32m[Krmw_publisher_t[m[K
[4.027s] [01m[K/home/ros_ws/ros_ws/b2_ws/src/b2_ctrl/src/b2_z1_control.cpp:373:17:[m[K [01;31m[Kerror: [m[Kâ€˜[01m[Karm_publisher[m[Kâ€™ was not declared in this scope; did you mean â€˜[01m[Krmw_publisher_t[m[Kâ€™?
[4.027s]   373 |                 [01;31m[Karm_publisher[m[K->publish(arm_command);
[4.028s]       |                 [01;31m[K^~~~~~~~~~~~~[m[K
[4.028s]       |                 [32m[Krmw_publisher_t[m[K
[4.036s] [01m[K/home/ros_ws/ros_ws/b2_ws/src/b2_ctrl/src/b2_z1_control.cpp:379:17:[m[K [01;31m[Kerror: [m[Kâ€˜[01m[Karm_publisher[m[Kâ€™ was not declared in this scope; did you mean â€˜[01m[Krmw_publisher_t[m[Kâ€™?
[4.036s]   379 |                 [01;31m[Karm_publisher[m[K->publish(arm_command);
[4.036s]       |                 [01;31m[K^~~~~~~~~~~~~[m[K
[4.037s]       |                 [32m[Krmw_publisher_t[m[K
[4.045s] [01m[K/home/ros_ws/ros_ws/b2_ws/src/b2_ctrl/src/b2_z1_control.cpp:385:17:[m[K [01;31m[Kerror: [m[Kâ€˜[01m[Karm_publisher[m[Kâ€™ was not declared in this scope; did you mean â€˜[01m[Krmw_publisher_t[m[Kâ€™?
[4.045s]   385 |                 [01;31m[Karm_publisher[m[K->publish(arm_command);
[4.045s]       |                 [01;31m[K^~~~~~~~~~~~~[m[K
[4.045s]       |                 [32m[Krmw_publisher_t[m[K
[4.054s] [01m[K/home/ros_ws/ros_ws/b2_ws/src/b2_ctrl/src/b2_z1_control.cpp:391:17:[m[K [01;31m[Kerror: [m[Kâ€˜[01m[Karm_publisher[m[Kâ€™ was not declared in this scope; did you mean â€˜[01m[Krmw_publisher_t[m[Kâ€™?
[4.055s]   391 |                 [01;31m[Karm_publisher[m[K->publish(arm_command);
[4.055s]       |                 [01;31m[K^~~~~~~~~~~~~[m[K
[4.055s]       |                 [32m[Krmw_publisher_t[m[K
[4.063s] [01m[K/home/ros_ws/ros_ws/b2_ws/src/b2_ctrl/src/b2_z1_control.cpp:397:17:[m[K [01;31m[Kerror: [m[Kâ€˜[01m[Karm_publisher[m[Kâ€™ was not declared in this scope; did you mean â€˜[01m[Krmw_publisher_t[m[Kâ€™?
[4.063s]   397 |                 [01;31m[Karm_publisher[m[K->publish(arm_command);
[4.064s]       |                 [01;31m[K^~~~~~~~~~~~~[m[K
[4.064s]       |                 [32m[Krmw_publisher_t[m[K
[4.072s] [01m[K/home/ros_ws/ros_ws/b2_ws/src/b2_ctrl/src/b2_z1_control.cpp:403:17:[m[K [01;31m[Kerror: [m[Kâ€˜[01m[Karm_publisher[m[Kâ€™ was not declared in this scope; did you mean â€˜[01m[Krmw_publisher_t[m[Kâ€™?
[4.072s]   403 |                 [01;31m[Karm_publisher[m[K->publish(arm_command);
[4.072s]       |                 [01;31m[K^~~~~~~~~~~~~[m[K
[4.072s]       |                 [32m[Krmw_publisher_t[m[K
[4.081s] [01m[K/home/ros_ws/ros_ws/b2_ws/src/b2_ctrl/src/b2_z1_control.cpp:409:17:[m[K [01;31m[Kerror: [m[Kâ€˜[01m[Karm_publisher[m[Kâ€™ was not declared in this scope; did you mean â€˜[01m[Krmw_publisher_t[m[Kâ€™?
[4.081s]   409 |                 [01;31m[Karm_publisher[m[K->publish(arm_command);
[4.081s]       |                 [01;31m[K^~~~~~~~~~~~~[m[K
[4.081s]       |                 [32m[Krmw_publisher_t[m[K
[4.091s] [01m[K/home/ros_ws/ros_ws/b2_ws/src/b2_ctrl/src/b2_z1_control.cpp:421:17:[m[K [01;31m[Kerror: [m[Kâ€˜[01m[Karm_publisher[m[Kâ€™ was not declared in this scope; did you mean â€˜[01m[Krmw_publisher_t[m[Kâ€™?
[4.091s]   421 |                 [01;31m[Karm_publisher[m[K->publish(arm_command);
[4.091s]       |                 [01;31m[K^~~~~~~~~~~~~[m[K
[4.091s]       |                 [32m[Krmw_publisher_t[m[K
[4.100s] [01m[K/home/ros_ws/ros_ws/b2_ws/src/b2_ctrl/src/b2_z1_control.cpp:427:17:[m[K [01;31m[Kerror: [m[Kâ€˜[01m[Karm_publisher[m[Kâ€™ was not declared in this scope; did you mean â€˜[01m[Krmw_publisher_t[m[Kâ€™?
[4.101s]   427 |                 [01;31m[Karm_publisher[m[K->publish(arm_command);
[4.101s]       |                 [01;31m[K^~~~~~~~~~~~~[m[K
[4.101s]       |                 [32m[Krmw_publisher_t[m[K
[4.110s] [01m[K/home/ros_ws/ros_ws/b2_ws/src/b2_ctrl/src/b2_z1_control.cpp:433:17:[m[K [01;31m[Kerror: [m[Kâ€˜[01m[Karm_publisher[m[Kâ€™ was not declared in this scope; did you mean â€˜[01m[Krmw_publisher_t[m[Kâ€™?
[4.110s]   433 |                 [01;31m[Karm_publisher[m[K->publish(arm_command);
[4.110s]       |                 [01;31m[K^~~~~~~~~~~~~[m[K
[4.110s]       |                 [32m[Krmw_publisher_t[m[K
[4.110s] [01m[K/home/ros_ws/ros_ws/b2_ws/src/b2_ctrl/src/b2_z1_control.cpp:436:13:[m[K [01;31m[Kerror: [m[Kexpected â€˜[01m[K)[m[Kâ€™ before â€˜[01m[K{[m[Kâ€™ token
[4.110s]   436 |             [01;31m[K{[m[K
[4.111s]       |             [01;31m[K^[m[K
[4.111s] [01m[K/home/ros_ws/ros_ws/b2_ws/src/b2_ctrl/src/b2_z1_control.cpp:435:21:[m[K [01;36m[Knote: [m[Kto match this â€˜[01m[K([m[Kâ€™
[4.111s]   435 |             else if [01;36m[K([m[Kkey == ''') // J2 -
[4.111s]       |                     [01;36m[K^[m[K
[4.111s] [01m[K/home/ros_ws/ros_ws/b2_ws/src/b2_ctrl/src/b2_z1_control.cpp:503:9:[m[K [01;31m[Kerror: [m[Kexpected primary-expression before â€˜[01m[K}[m[Kâ€™ token
[4.111s]   503 |         [01;31m[K}[m[K
[4.111s]       |         [01;31m[K^[m[K
[4.118s] [01m[K/home/ros_ws/ros_ws/b2_ws/src/b2_ctrl/src/b2_z1_control.cpp:506:9:[m[K [01;31m[Kerror: [m[Kâ€˜[01m[Kreq_publisher[m[Kâ€™ was not declared in this scope; did you mean â€˜[01m[Kcreate_publisher[m[Kâ€™?
[4.118s]   506 |         [01;31m[Kreq_publisher[m[K->publish(request);
[4.118s]       |         [01;31m[K^~~~~~~~~~~~~[m[K
[4.119s]       |         [32m[Kcreate_publisher[m[K
[4.125s] [01m[K/home/ros_ws/ros_ws/b2_ws/src/b2_ctrl/src/b2_z1_control.cpp:[m[K At global scope:
[4.126s] [01m[K/home/ros_ws/ros_ws/b2_ws/src/b2_ctrl/src/b2_z1_control.cpp:540:2:[m[K [01;31m[Kerror: [m[Kexpected unqualified-id at end of input
[4.126s]   540 | }
[4.126s]       |  [01;31m[K^[m[K
[5.565s] gmake[2]: *** [CMakeFiles/b2_z1_control.dir/build.make:76: CMakeFiles/b2_z1_control.dir/src/b2_z1_control.cpp.o] Error 1
[5.565s] gmake[1]: *** [CMakeFiles/Makefile2:361: CMakeFiles/b2_z1_control.dir/all] Error 2
[5.566s] gmake: *** [Makefile:146: all] Error 2
[5.568s] Invoked command in '/home/ros_ws/ros_ws/b2_ws/build/b2_ctrl' returned '2': CMAKE_PREFIX_PATH=/home/ros_ws/ros_ws/b2_ws/install/z1_interfaces:/home/ros_ws/ros_ws/b2_ws/install/z1_urdf:/home/ros_ws/ros_ws/b2_ws/install/z1_nodes:/home/ros_ws/ros_ws/b2_ws/install/b2_ctrl:/home/ros_ws/ros_ws/b2_ws/install/py_cpp:/home/ros_ws/ros_ws/b2_ws/install/b2_urdf:/home/ros_ws/ros_ws/unitree_ros2/cyclonedds_ws/install/unitree_hg:/home/ros_ws/ros_ws/unitree_ros2/cyclonedds_ws/install/unitree_go:/home/ros_ws/ros_ws/unitree_ros2/cyclonedds_ws/install/unitree_api:/home/ros_ws/ros_ws/unitree_ros2/cyclonedds_ws/install/rmw_cyclonedds_cpp:/home/ros_ws/ros_ws/unitree_ros2/cyclonedds_ws/install/cyclonedds:/unitree_sdk2:/home/ros_ws/ros_ws/b2_ws/install/b2_nodes:/opt/ros/humble: LD_LIBRARY_PATH=/home/ros_ws/ros_ws/b2_ws/install/z1_interfaces/lib:/home/ros_ws/ros_ws/unitree_ros2/cyclonedds_ws/install/unitree_hg/lib:/home/ros_ws/ros_ws/unitree_ros2/cyclonedds_ws/install/unitree_go/lib:/home/ros_ws/ros_ws/unitree_ros2/cyclonedds_ws/install/unitree_api/lib:/home/ros_ws/ros_ws/unitree_ros2/cyclonedds_ws/install/rmw_cyclonedds_cpp/lib:/home/ros_ws/ros_ws/unitree_ros2/cyclonedds_ws/install/cyclonedds/lib:/usr/lib/x86_64-linux-gnu/gazebo-11/plugins:/opt/ros/humble/opt/rviz_ogre_vendor/lib:/opt/ros/humble/lib/x86_64-linux-gnu:/opt/ros/humble/lib:/z1_controller/lib:/z1_sdk/lib:/z1_controller/lib:/z1_sdk/lib /usr/bin/cmake --build /home/ros_ws/ros_ws/b2_ws/build/b2_ctrl -- -j16 -l16
