[35m[1mConsolidate compiler generated dependencies of target b2_z1_control[0m
[  8%] Built target read_motion_state
[ 21%] Built target low_level_ctrl_hg
[ 30%] Built target read_low_state
[ 43%] Built target low_level_ctrl
[ 52%] Built target read_low_state_hg
[ 60%] Built target read_wireless_controller
[ 73%] Built target g1_low_level_example
[ 86%] Built target sport_mode_ctrl
[ 91%] [32mBuilding CXX object CMakeFiles/b2_z1_control.dir/src/b2_z1_control.cpp.o[0m
[01m[K/home/ros_ws/ros_ws/b2_ws/src/b2_ctrl/src/b2_z1_control.cpp:[m[K In function â€˜[01m[Kvoid get_key()[m[Kâ€™:
[01m[K/home/ros_ws/ros_ws/b2_ws/src/b2_ctrl/src/b2_z1_control.cpp:37:25:[m[K [01;31m[Kerror: [m[Ktoo many arguments to function â€˜[01m[Kint getchar()[m[Kâ€™
   37 |         int ch = [01;31m[Kgetchar(stdscr)[m[K;
      |                  [01;31m[K~~~~~~~^~~~~~~~[m[K
In file included from [01m[K/usr/include/c++/11/cstdio:42[m[K,
                 from [01m[K/usr/include/c++/11/ext/string_conversions.h:43[m[K,
                 from [01m[K/usr/include/c++/11/bits/basic_string.h:6608[m[K,
                 from [01m[K/usr/include/c++/11/string:55[m[K,
                 from [01m[K/usr/include/c++/11/bits/locale_classes.h:40[m[K,
                 from [01m[K/usr/include/c++/11/bits/ios_base.h:41[m[K,
                 from [01m[K/usr/include/c++/11/ios:42[m[K,
                 from [01m[K/usr/include/c++/11/ostream:38[m[K,
                 from [01m[K/usr/include/c++/11/iostream:39[m[K,
                 from [01m[K/home/ros_ws/ros_ws/b2_ws/src/b2_ctrl/src/b2_z1_control.cpp:6[m[K:
[01m[K/usr/include/stdio.h:520:12:[m[K [01;36m[Knote: [m[Kdeclared here
  520 | extern int [01;36m[Kgetchar[m[K (void);
      |            [01;36m[K^~~~~~~[m[K
gmake[2]: *** [CMakeFiles/b2_z1_control.dir/build.make:76: CMakeFiles/b2_z1_control.dir/src/b2_z1_control.cpp.o] Error 1
gmake[1]: *** [CMakeFiles/Makefile2:361: CMakeFiles/b2_z1_control.dir/all] Error 2
gmake: *** [Makefile:146: all] Error 2
