[0.035s] Invoking command in '/home/ros_ws/ros_ws/b2_ws/build/b2_ctrl': CMAKE_PREFIX_PATH=${CMAKE_PREFIX_PATH}:/unitree_sdk2:/home/ros_ws/ros_ws/b2_ws/install/b2_nodes:/opt/ros/humble: /usr/bin/cmake --build /home/ros_ws/ros_ws/b2_ws/build/b2_ctrl -- -j16 -l16
[0.320s] [35m[1mConsolidate compiler generated dependencies of target sport_mode_ctrl[0m
[0.320s] [ 20%] Built target read_wireless_controller
[0.320s] [ 25%] Built target low_level_ctrl
[0.320s] [ 45%] Built target read_low_state_hg
[0.320s] [ 50%] Built target g1_low_level_example
[0.321s] [ 65%] Built target low_level_ctrl_hg
[0.322s] [ 75%] Built target read_motion_state
[0.322s] [ 85%] Built target read_low_state
[0.322s] [ 90%] [32mBuilding CXX object CMakeFiles/sport_mode_ctrl.dir/src/sport_mode_ctrl.cpp.o[0m
[2.607s] [01m[K/home/ros_ws/ros_ws/b2_ws/src/b2_ctrl/src/sport_mode_ctrl.cpp:[m[K In member function â€˜[01m[Kvoid SportManager::state_callback(unitree_go::msg::SportModeState_<std::allocator<void> >::SharedPtr)[m[Kâ€™:
[2.608s] [01m[K/home/ros_ws/ros_ws/b2_ws/src/b2_ctrl/src/sport_mode_ctrl.cpp:121:13:[m[K [01;31m[Kerror: [m[Kâ€˜[01m[Kt[m[Kâ€™ was not declared in this scope; did you mean â€˜[01m[Ktm[m[Kâ€™?
[2.608s]   121 |         if ([01;31m[Kt[m[K < 0)
[2.608s]       |             [01;31m[K^[m[K
[2.608s]       |             [32m[Ktm[m[K
[2.611s] [01m[K/home/ros_ws/ros_ws/b2_ws/src/b2_ctrl/src/sport_mode_ctrl.cpp:124:13:[m[K [01;31m[Kerror: [m[Kâ€˜[01m[Kpx0[m[Kâ€™ was not declared in this scope
[2.611s]   124 |             [01;31m[Kpx0[m[K = data->position[0];
[2.611s]       |             [01;31m[K^~~[m[K
[2.614s] [01m[K/home/ros_ws/ros_ws/b2_ws/src/b2_ctrl/src/sport_mode_ctrl.cpp:125:13:[m[K [01;31m[Kerror: [m[Kâ€˜[01m[Kpy0[m[Kâ€™ was not declared in this scope; did you mean â€˜[01m[Ky0[m[Kâ€™?
[2.614s]   125 |             [01;31m[Kpy0[m[K = data->position[1];
[2.614s]       |             [01;31m[K^~~[m[K
[2.614s]       |             [32m[Ky0[m[K
[2.617s] [01m[K/home/ros_ws/ros_ws/b2_ws/src/b2_ctrl/src/sport_mode_ctrl.cpp:126:13:[m[K [01;31m[Kerror: [m[Kâ€˜[01m[Kyaw0[m[Kâ€™ was not declared in this scope; did you mean â€˜[01m[Ky0[m[Kâ€™?
[2.618s]   126 |             [01;31m[Kyaw0[m[K = data->imu_state.rpy[2];
[2.618s]       |             [01;31m[K^~~~[m[K
[2.618s]       |             [32m[Ky0[m[K
[4.848s] gmake[2]: *** [CMakeFiles/sport_mode_ctrl.dir/build.make:76: CMakeFiles/sport_mode_ctrl.dir/src/sport_mode_ctrl.cpp.o] Error 1
[4.848s] gmake[1]: *** [CMakeFiles/Makefile2:333: CMakeFiles/sport_mode_ctrl.dir/all] Error 2
[4.848s] gmake: *** [Makefile:146: all] Error 2
[4.851s] Invoked command in '/home/ros_ws/ros_ws/b2_ws/build/b2_ctrl' returned '2': CMAKE_PREFIX_PATH=${CMAKE_PREFIX_PATH}:/unitree_sdk2:/home/ros_ws/ros_ws/b2_ws/install/b2_nodes:/opt/ros/humble: /usr/bin/cmake --build /home/ros_ws/ros_ws/b2_ws/build/b2_ctrl -- -j16 -l16
