[35m[1mConsolidate compiler generated dependencies of target b2_z1_control[0m
[ 13%] Built target low_level_ctrl
[ 21%] Built target read_low_state_hg
[ 34%] Built target low_level_ctrl_hg
[ 73%] Built target read_low_state
[ 73%] Built target read_wireless_controller
[ 73%] Built target read_motion_state
[ 73%] Built target sport_mode_ctrl
[ 86%] Built target g1_low_level_example
[ 91%] [32mBuilding CXX object CMakeFiles/b2_z1_control.dir/src/b2_z1_control.cpp.o[0m
[01m[K/home/ros_ws/ros_ws/b2_ws/src/b2_ctrl/src/b2_z1_control.cpp:[m[K In function â€˜[01m[Kvoid get_key()[m[Kâ€™:
[01m[K/home/ros_ws/ros_ws/b2_ws/src/b2_ctrl/src/b2_z1_control.cpp:33:17:[m[K [01;31m[Kerror: [m[Kâ€˜[01m[Kstruct std::atomic<char>[m[Kâ€™ has no member named â€˜[01m[Kreset[m[Kâ€™
   33 |             key.[01;31m[Kreset[m[K();
      |                 [01;31m[K^~~~~[m[K
gmake[2]: *** [CMakeFiles/b2_z1_control.dir/build.make:76: CMakeFiles/b2_z1_control.dir/src/b2_z1_control.cpp.o] Error 1
gmake[1]: *** [CMakeFiles/Makefile2:361: CMakeFiles/b2_z1_control.dir/all] Error 2
gmake: *** [Makefile:146: all] Error 2
