[0.024s] Invoking command in '/home/ros_ws/ros_ws/b2_ws/build/b2_ctrl': CMAKE_PREFIX_PATH=/home/ros_ws/ros_ws/b2_ws/install/z1_interfaces:/home/ros_ws/ros_ws/b2_ws/install/z1_urdf:/home/ros_ws/ros_ws/b2_ws/install/z1_nodes:/home/ros_ws/ros_ws/b2_ws/install/b2_ctrl:/home/ros_ws/ros_ws/b2_ws/install/py_cpp:/home/ros_ws/ros_ws/b2_ws/install/b2_urdf:/home/ros_ws/ros_ws/unitree_ros2/cyclonedds_ws/install/unitree_hg:/home/ros_ws/ros_ws/unitree_ros2/cyclonedds_ws/install/unitree_go:/home/ros_ws/ros_ws/unitree_ros2/cyclonedds_ws/install/unitree_api:/home/ros_ws/ros_ws/unitree_ros2/cyclonedds_ws/install/rmw_cyclonedds_cpp:/home/ros_ws/ros_ws/unitree_ros2/cyclonedds_ws/install/cyclonedds:/unitree_sdk2:/home/ros_ws/ros_ws/b2_ws/install/b2_nodes:/opt/ros/humble: LD_LIBRARY_PATH=/home/ros_ws/ros_ws/b2_ws/install/z1_interfaces/lib:/home/ros_ws/ros_ws/unitree_ros2/cyclonedds_ws/install/unitree_hg/lib:/home/ros_ws/ros_ws/unitree_ros2/cyclonedds_ws/install/unitree_go/lib:/home/ros_ws/ros_ws/unitree_ros2/cyclonedds_ws/install/unitree_api/lib:/home/ros_ws/ros_ws/unitree_ros2/cyclonedds_ws/install/rmw_cyclonedds_cpp/lib:/home/ros_ws/ros_ws/unitree_ros2/cyclonedds_ws/install/cyclonedds/lib:/usr/lib/x86_64-linux-gnu/gazebo-11/plugins:/opt/ros/humble/opt/rviz_ogre_vendor/lib:/opt/ros/humble/lib/x86_64-linux-gnu:/opt/ros/humble/lib:/z1_controller/lib:/z1_sdk/lib:/z1_controller/lib:/z1_sdk/lib /usr/bin/cmake --build /home/ros_ws/ros_ws/b2_ws/build/b2_ctrl -- -j16 -l16
[0.133s] [35m[1mConsolidate compiler generated dependencies of target b2_z1_control[0m
[0.169s] [ 13%] Built target read_wireless_controller
[0.169s] [ 21%] Built target g1_low_level_example
[0.170s] [ 34%] Built target sport_mode_ctrl
[0.175s] [ 56%] Built target low_level_ctrl_hg
[0.175s] [ 56%] Built target read_low_state
[0.198s] [ 65%] Built target read_motion_state
[0.198s] [ 78%] Built target low_level_ctrl
[0.200s] [ 86%] Built target read_low_state_hg
[0.209s] [ 91%] [32mBuilding CXX object CMakeFiles/b2_z1_control.dir/src/b2_z1_control.cpp.o[0m
[3.797s] [01m[K/home/ros_ws/ros_ws/b2_ws/src/b2_ctrl/src/b2_z1_control.cpp:518:56:[m[K [01;31m[Kerror: [m[Kâ€˜[01m[Karm_command[m[Kâ€™ does not name a type
[3.797s]   518 |     z1_interfaces::msg::ArmControlCommand arm_command; [01;31m[Karm_command[m[K.cartesian = true;
[3.797s]       |                                                        [01;31m[K^~~~~~~~~~~[m[K
[3.832s] [01m[K/home/ros_ws/ros_ws/b2_ws/src/b2_ctrl/src/b2_z1_control.cpp:[m[K In member function â€˜[01m[Kvoid SportManager::key_loop()[m[Kâ€™:
[3.832s] [01m[K/home/ros_ws/ros_ws/b2_ws/src/b2_ctrl/src/b2_z1_control.cpp:344:26:[m[K [01;35m[Kwarning: [m[Kcomparison with string literal results in unspecified behavior [[01;35m[K]8;;https://gcc.gnu.org/onlinedocs/gcc/Warning-Options.html#index-Waddress-Waddress]8;;[m[K]
[3.832s]   344 |             else if ([01;35m[Kkey == "'"[m[K) // Pitch -
[3.832s]       |                      [01;35m[K~~~~^~~~~~[m[K
[3.832s] [01m[K/home/ros_ws/ros_ws/b2_ws/src/b2_ctrl/src/b2_z1_control.cpp:344:26:[m[K [01;31m[Kerror: [m[KISO C++ forbids comparison between pointer and integer [[01;31m[K]8;;https://gcc.gnu.org/onlinedocs/gcc/Warning-Options.html#index-fpermissive-fpermissive]8;;[m[K]
[3.832s] [01m[K/home/ros_ws/ros_ws/b2_ws/src/b2_ctrl/src/b2_z1_control.cpp:356:26:[m[K [01;35m[Kwarning: [m[Kcomparison with string literal results in unspecified behavior [[01;35m[K]8;;https://gcc.gnu.org/onlinedocs/gcc/Warning-Options.html#index-Waddress-Waddress]8;;[m[K]
[3.832s]   356 |             else if ([01;35m[Kkey == "."[m[K) // Yaw -
[3.832s]       |                      [01;35m[K~~~~^~~~~~[m[K
[3.832s] [01m[K/home/ros_ws/ros_ws/b2_ws/src/b2_ctrl/src/b2_z1_control.cpp:356:26:[m[K [01;31m[Kerror: [m[KISO C++ forbids comparison between pointer and integer [[01;31m[K]8;;https://gcc.gnu.org/onlinedocs/gcc/Warning-Options.html#index-fpermissive-fpermissive]8;;[m[K]
[3.836s] [01m[K/home/ros_ws/ros_ws/b2_ws/src/b2_ctrl/src/b2_z1_control.cpp:435:26:[m[K [01;35m[Kwarning: [m[Kcomparison with string literal results in unspecified behavior [[01;35m[K]8;;https://gcc.gnu.org/onlinedocs/gcc/Warning-Options.html#index-Waddress-Waddress]8;;[m[K]
[3.837s]   435 |             else if ([01;35m[Kkey == "'"[m[K) // J2 -
[3.837s]       |                      [01;35m[K~~~~^~~~~~[m[K
[3.837s] [01m[K/home/ros_ws/ros_ws/b2_ws/src/b2_ctrl/src/b2_z1_control.cpp:435:26:[m[K [01;31m[Kerror: [m[KISO C++ forbids comparison between pointer and integer [[01;31m[K]8;;https://gcc.gnu.org/onlinedocs/gcc/Warning-Options.html#index-fpermissive-fpermissive]8;;[m[K]
[3.837s] [01m[K/home/ros_ws/ros_ws/b2_ws/src/b2_ctrl/src/b2_z1_control.cpp:447:26:[m[K [01;35m[Kwarning: [m[Kcomparison with string literal results in unspecified behavior [[01;35m[K]8;;https://gcc.gnu.org/onlinedocs/gcc/Warning-Options.html#index-Waddress-Waddress]8;;[m[K]
[3.837s]   447 |             else if ([01;35m[Kkey == "."[m[K) // J3 -
[3.837s]       |                      [01;35m[K~~~~^~~~~~[m[K
[3.837s] [01m[K/home/ros_ws/ros_ws/b2_ws/src/b2_ctrl/src/b2_z1_control.cpp:447:26:[m[K [01;31m[Kerror: [m[KISO C++ forbids comparison between pointer and integer [[01;31m[K]8;;https://gcc.gnu.org/onlinedocs/gcc/Warning-Options.html#index-fpermissive-fpermissive]8;;[m[K]
[3.846s] [01m[K/home/ros_ws/ros_ws/b2_ws/src/b2_ctrl/src/b2_z1_control.cpp:457:45:[m[K [01;31m[Kerror: [m[Kâ€˜[01m[Karm_delta[m[Kâ€™ was not declared in this scope; did you mean â€˜[01m[Karm_wdelta[m[Kâ€™?
[3.846s]   457 |                 arm_command.directions[3] = [01;31m[Karm_delta[m[K; // X+
[3.846s]       |                                             [01;31m[K^~~~~~~~~[m[K
[3.846s]       |                                             [32m[Karm_wdelta[m[K
[3.853s] [01m[K/home/ros_ws/ros_ws/b2_ws/src/b2_ctrl/src/b2_z1_control.cpp:463:46:[m[K [01;31m[Kerror: [m[Kâ€˜[01m[Karm_delta[m[Kâ€™ was not declared in this scope; did you mean â€˜[01m[Karm_wdelta[m[Kâ€™?
[3.853s]   463 |                 arm_command.directions[3] = -[01;31m[Karm_delta[m[K; // X-
[3.853s]       |                                              [01;31m[K^~~~~~~~~[m[K
[3.854s]       |                                              [32m[Karm_wdelta[m[K
[3.861s] [01m[K/home/ros_ws/ros_ws/b2_ws/src/b2_ctrl/src/b2_z1_control.cpp:469:46:[m[K [01;31m[Kerror: [m[Kâ€˜[01m[Karm_delta[m[Kâ€™ was not declared in this scope; did you mean â€˜[01m[Karm_wdelta[m[Kâ€™?
[3.861s]   469 |                 arm_command.directions[4] = -[01;31m[Karm_delta[m[K; // Y+
[3.861s]       |                                              [01;31m[K^~~~~~~~~[m[K
[3.861s]       |                                              [32m[Karm_wdelta[m[K
[3.868s] [01m[K/home/ros_ws/ros_ws/b2_ws/src/b2_ctrl/src/b2_z1_control.cpp:475:45:[m[K [01;31m[Kerror: [m[Kâ€˜[01m[Karm_delta[m[Kâ€™ was not declared in this scope; did you mean â€˜[01m[Karm_wdelta[m[Kâ€™?
[3.868s]   475 |                 arm_command.directions[4] = [01;31m[Karm_delta[m[K; // Y-
[3.868s]       |                                             [01;31m[K^~~~~~~~~[m[K
[3.868s]       |                                             [32m[Karm_wdelta[m[K
[3.875s] [01m[K/home/ros_ws/ros_ws/b2_ws/src/b2_ctrl/src/b2_z1_control.cpp:481:45:[m[K [01;31m[Kerror: [m[Kâ€˜[01m[Karm_delta[m[Kâ€™ was not declared in this scope; did you mean â€˜[01m[Karm_wdelta[m[Kâ€™?
[3.876s]   481 |                 arm_command.directions[5] = [01;31m[Karm_delta[m[K; // Z+
[3.876s]       |                                             [01;31m[K^~~~~~~~~[m[K
[3.876s]       |                                             [32m[Karm_wdelta[m[K
[3.883s] [01m[K/home/ros_ws/ros_ws/b2_ws/src/b2_ctrl/src/b2_z1_control.cpp:487:46:[m[K [01;31m[Kerror: [m[Kâ€˜[01m[Karm_delta[m[Kâ€™ was not declared in this scope; did you mean â€˜[01m[Karm_wdelta[m[Kâ€™?
[3.883s]   487 |                 arm_command.directions[5] = -[01;31m[Karm_delta[m[K; // Z-
[3.883s]       |                                              [01;31m[K^~~~~~~~~[m[K
[3.883s]       |                                              [32m[Karm_wdelta[m[K
[3.892s] [01m[K/home/ros_ws/ros_ws/b2_ws/src/b2_ctrl/src/b2_z1_control.cpp:493:45:[m[K [01;31m[Kerror: [m[Kâ€˜[01m[Karm_delta[m[Kâ€™ was not declared in this scope; did you mean â€˜[01m[Karm_wdelta[m[Kâ€™?
[3.892s]   493 |                 arm_command.directions[6] = [01;31m[Karm_delta[m[K; // Gripper aberto
[3.892s]       |                                             [01;31m[K^~~~~~~~~[m[K
[3.892s]       |                                             [32m[Karm_wdelta[m[K
[3.899s] [01m[K/home/ros_ws/ros_ws/b2_ws/src/b2_ctrl/src/b2_z1_control.cpp:499:46:[m[K [01;31m[Kerror: [m[Kâ€˜[01m[Karm_delta[m[Kâ€™ was not declared in this scope; did you mean â€˜[01m[Karm_wdelta[m[Kâ€™?
[3.900s]   499 |                 arm_command.directions[6] = -[01;31m[Karm_delta[m[K; // Gripper fechado
[3.900s]       |                                              [01;31m[K^~~~~~~~~[m[K
[3.900s]       |                                              [32m[Karm_wdelta[m[K
[7.386s] gmake[2]: *** [CMakeFiles/b2_z1_control.dir/build.make:76: CMakeFiles/b2_z1_control.dir/src/b2_z1_control.cpp.o] Error 1
[7.387s] gmake[1]: *** [CMakeFiles/Makefile2:361: CMakeFiles/b2_z1_control.dir/all] Error 2
[7.387s] gmake: *** [Makefile:146: all] Error 2
[7.390s] Invoked command in '/home/ros_ws/ros_ws/b2_ws/build/b2_ctrl' returned '2': CMAKE_PREFIX_PATH=/home/ros_ws/ros_ws/b2_ws/install/z1_interfaces:/home/ros_ws/ros_ws/b2_ws/install/z1_urdf:/home/ros_ws/ros_ws/b2_ws/install/z1_nodes:/home/ros_ws/ros_ws/b2_ws/install/b2_ctrl:/home/ros_ws/ros_ws/b2_ws/install/py_cpp:/home/ros_ws/ros_ws/b2_ws/install/b2_urdf:/home/ros_ws/ros_ws/unitree_ros2/cyclonedds_ws/install/unitree_hg:/home/ros_ws/ros_ws/unitree_ros2/cyclonedds_ws/install/unitree_go:/home/ros_ws/ros_ws/unitree_ros2/cyclonedds_ws/install/unitree_api:/home/ros_ws/ros_ws/unitree_ros2/cyclonedds_ws/install/rmw_cyclonedds_cpp:/home/ros_ws/ros_ws/unitree_ros2/cyclonedds_ws/install/cyclonedds:/unitree_sdk2:/home/ros_ws/ros_ws/b2_ws/install/b2_nodes:/opt/ros/humble: LD_LIBRARY_PATH=/home/ros_ws/ros_ws/b2_ws/install/z1_interfaces/lib:/home/ros_ws/ros_ws/unitree_ros2/cyclonedds_ws/install/unitree_hg/lib:/home/ros_ws/ros_ws/unitree_ros2/cyclonedds_ws/install/unitree_go/lib:/home/ros_ws/ros_ws/unitree_ros2/cyclonedds_ws/install/unitree_api/lib:/home/ros_ws/ros_ws/unitree_ros2/cyclonedds_ws/install/rmw_cyclonedds_cpp/lib:/home/ros_ws/ros_ws/unitree_ros2/cyclonedds_ws/install/cyclonedds/lib:/usr/lib/x86_64-linux-gnu/gazebo-11/plugins:/opt/ros/humble/opt/rviz_ogre_vendor/lib:/opt/ros/humble/lib/x86_64-linux-gnu:/opt/ros/humble/lib:/z1_controller/lib:/z1_sdk/lib:/z1_controller/lib:/z1_sdk/lib /usr/bin/cmake --build /home/ros_ws/ros_ws/b2_ws/build/b2_ctrl -- -j16 -l16
