[35m[1mConsolidate compiler generated dependencies of target sport_mode_ctrl[0m
[ 35%] Built target low_level_ctrl_hg
[ 35%] Built target read_low_state_hg
[ 35%] Built target read_wireless_controller
[ 50%] Built target read_low_state
[ 65%] Built target low_level_ctrl
[ 70%] Built target read_motion_state
[ 85%] Built target g1_low_level_example
[ 95%] [32mBuilding CXX object CMakeFiles/sport_mode_ctrl.dir/src/common/ros2_sport_client.cpp.o[0m
[ 95%] [32mBuilding CXX object CMakeFiles/sport_mode_ctrl.dir/src/sport_mode_ctrl.cpp.o[0m
[01m[K/home/ros_ws/ros_ws/b2_ws/src/b2_ctrl/src/sport_mode_ctrl.cpp:[m[K In member function â€˜[01m[Kvoid SportManager::key_loop()[m[Kâ€™:
[01m[K/home/ros_ws/ros_ws/b2_ws/src/b2_ctrl/src/sport_mode_ctrl.cpp:148:23:[m[K [01;31m[Kerror: [m[Kâ€˜[01m[Kclass SportClient[m[Kâ€™ has no member named â€˜[01m[KSwitchMoveMode[m[Kâ€™
  148 |             sport_req.[01;31m[KSwitchMoveMode[m[K(request, true);
      |                       [01;31m[K^~~~~~~~~~~~~~[m[K
gmake[2]: *** [CMakeFiles/sport_mode_ctrl.dir/build.make:76: CMakeFiles/sport_mode_ctrl.dir/src/sport_mode_ctrl.cpp.o] Error 1
gmake[1]: *** [CMakeFiles/Makefile2:333: CMakeFiles/sport_mode_ctrl.dir/all] Error 2
gmake: *** [Makefile:146: all] Error 2
