[0.254s] Invoking command in '/home/ros_ws/ros_ws/b2_ws/build/slam_example': /usr/bin/cmake /home/ros_ws/ros_ws/b2_ws/src/unitree_slam -DCMAKE_INSTALL_PREFIX=/home/ros_ws/ros_ws/b2_ws/install/slam_example
[0.357s] -- The C compiler identification is GNU 11.4.0
[0.457s] -- The CXX compiler identification is GNU 11.4.0
[0.470s] -- Detecting C compiler ABI info
[0.561s] -- Detecting C compiler ABI info - done
[0.568s] -- Check for working C compiler: /usr/bin/cc - skipped
[0.569s] -- Detecting C compile features
[0.569s] -- Detecting C compile features - done
[0.572s] -- Detecting CXX compiler ABI info
[0.666s] -- Detecting CXX compiler ABI info - done
[0.677s] -- Check for working CXX compiler: /usr/bin/c++ - skipped
[0.678s] -- Detecting CXX compile features
[0.679s] -- Detecting CXX compile features - done
[0.688s] -- Looking for pthread.h
[0.779s] -- Looking for pthread.h - found
[0.779s] -- Performing Test CMAKE_HAVE_LIBC_PTHREAD
[0.868s] -- Performing Test CMAKE_HAVE_LIBC_PTHREAD - Success
[0.868s] -- Found Threads: TRUE  
[0.870s] -- Configuring done
[0.903s] -- Generating done
[0.905s] -- Build files have been written to: /home/ros_ws/ros_ws/b2_ws/build/slam_example
[0.912s] Invoked command in '/home/ros_ws/ros_ws/b2_ws/build/slam_example' returned '0': /usr/bin/cmake /home/ros_ws/ros_ws/b2_ws/src/unitree_slam -DCMAKE_INSTALL_PREFIX=/home/ros_ws/ros_ws/b2_ws/install/slam_example
[0.912s] Invoking command in '/home/ros_ws/ros_ws/b2_ws/build/slam_example': /usr/bin/cmake --build /home/ros_ws/ros_ws/b2_ws/build/slam_example -- -j16 -l16
[0.986s] [  2%] [32mBuilding CXX object CMakeFiles/add_node.dir/unitree_slam_example/add_node.cpp.o[0m
[0.987s] [  4%] [32mBuilding CXX object CMakeFiles/start_mappping.dir/unitree_slam_example/start_mapping.cpp.o[0m
[0.991s] [  6%] [32mBuilding CXX object CMakeFiles/end_mappping.dir/unitree_slam_example/end_mapping.cpp.o[0m
[0.991s] [  9%] [32mBuilding CXX object CMakeFiles/delete_node.dir/unitree_slam_example/delete_node.cpp.o[0m
[0.991s] [ 11%] [32mBuilding CXX object CMakeFiles/query_edge.dir/unitree_slam_example/query_edge.cpp.o[0m
[0.993s] [ 13%] [32mBuilding CXX object CMakeFiles/query_node.dir/unitree_slam_example/query_node.cpp.o[0m
[0.994s] [ 15%] [32mBuilding CXX object CMakeFiles/delete_edge.dir/unitree_slam_example/delete_edge.cpp.o[0m
[0.995s] [ 18%] [32mBuilding CXX object CMakeFiles/add_edge.dir/unitree_slam_example/add_edge.cpp.o[0m
[0.996s] [ 20%] [32mBuilding CXX object CMakeFiles/start_relocation.dir/unitree_slam_example/start_relocation.cpp.o[0m
[0.996s] [ 22%] [32mBuilding CXX object CMakeFiles/pose_init.dir/unitree_slam_example/pose_init.cpp.o[0m
[0.997s] [ 25%] [32mBuilding CXX object CMakeFiles/single_nav.dir/unitree_slam_example/single_nav.cpp.o[0m
[0.998s] [ 27%] [32mBuilding CXX object CMakeFiles/start_nav.dir/unitree_slam_example/start_nav.cpp.o[0m
[1.005s] [ 29%] [32mBuilding CXX object CMakeFiles/multiple_nav_default.dir/unitree_slam_example/multiple_nav_default.cpp.o[0m
[1.013s] [ 31%] [32mBuilding CXX object CMakeFiles/multiple_nav_set.dir/unitree_slam_example/multiple_nav_set.cpp.o[0m
[1.019s] [ 34%] [32mBuilding CXX object CMakeFiles/pause_nav.dir/unitree_slam_example/pause_nav.cpp.o[0m
[1.019s] [ 36%] [32mBuilding CXX object CMakeFiles/recover_nav.dir/unitree_slam_example/recover_nav.cpp.o[0m
[1.210s] [01m[K/home/ros_ws/ros_ws/b2_ws/src/unitree_slam/unitree_slam_example/pose_init.cpp:2:10:[m[K [01;31m[Kfatal error: [m[Kunitree/ros2_idl/QtCommand_.hpp: No such file or directory
[1.210s]     2 | #include [01;31m[K<unitree/ros2_idl/QtCommand_.hpp>[m[K
[1.210s]       |          [01;31m[K^~~~~~~~~~~~~~~~~~~~~~~~~~~~~~~~~[m[K
[1.210s] compilation terminated.
[1.210s] [01m[K/home/ros_ws/ros_ws/b2_ws/src/unitree_slam/unitree_slam_example/delete_edge.cpp:2:10:[m[K [01;31m[Kfatal error: [m[Kunitree/ros2_idl/QtCommand_.hpp: No such file or directory
[1.210s]     2 | #include [01;31m[K<unitree/ros2_idl/QtCommand_.hpp>[m[K
[1.210s]       |          [01;31m[K^~~~~~~~~~~~~~~~~~~~~~~~~~~~~~~~~[m[K
[1.210s] compilation terminated.
[1.213s] gmake[2]: *** [CMakeFiles/pose_init.dir/build.make:76: CMakeFiles/pose_init.dir/unitree_slam_example/pose_init.cpp.o] Error 1
[1.213s] [01m[K/home/ros_ws/ros_ws/b2_ws/src/unitree_slam/unitree_slam_example/add_node.cpp:2:10:[m[K [01;31m[Kfatal error: [m[Kunitree/ros2_idl/QtNode_.hpp: No such file or directory
[1.213s]     2 | #include [01;31m[K<unitree/ros2_idl/QtNode_.hpp>[m[K
[1.213s]       |          [01;31m[K^~~~~~~~~~~~~~~~~~~~~~~~~~~~~~[m[K
[1.213s] compilation terminated.
[1.213s] gmake[1]: *** [CMakeFiles/Makefile2:359: CMakeFiles/pose_init.dir/all] Error 2
[1.213s] gmake[1]: *** Waiting for unfinished jobs....
[1.214s] gmake[2]: *** [CMakeFiles/delete_edge.dir/build.make:76: CMakeFiles/delete_edge.dir/unitree_slam_example/delete_edge.cpp.o] Error 1
[1.214s] gmake[1]: *** [CMakeFiles/Makefile2:255: CMakeFiles/delete_edge.dir/all] Error 2
[1.221s] gmake[2]: *** [CMakeFiles/add_node.dir/build.make:76: CMakeFiles/add_node.dir/unitree_slam_example/add_node.cpp.o] Error 1
[1.228s] gmake[1]: *** [CMakeFiles/Makefile2:177: CMakeFiles/add_node.dir/all] Error 2
[1.228s] [01m[K/home/ros_ws/ros_ws/b2_ws/src/unitree_slam/unitree_slam_example/add_edge.cpp:2:10:[m[K [01;31m[Kfatal error: [m[Kunitree/ros2_idl/QtEdge_.hpp: No such file or directory
[1.228s]     2 | #include [01;31m[K<unitree/ros2_idl/QtEdge_.hpp>[m[K
[1.228s]       |          [01;31m[K^~~~~~~~~~~~~~~~~~~~~~~~~~~~~~[m[K
[1.229s] compilation terminated.
[1.229s] [01m[K/home/ros_ws/ros_ws/b2_ws/src/unitree_slam/unitree_slam_example/single_nav.cpp:2:10:[m[K [01;31m[Kfatal error: [m[Kunitree/ros2_idl/QtCommand_.hpp: No such file or directory
[1.229s]     2 | #include [01;31m[K<unitree/ros2_idl/QtCommand_.hpp>[m[K
[1.229s]       |          [01;31m[K^~~~~~~~~~~~~~~~~~~~~~~~~~~~~~~~~[m[K
[1.229s] compilation terminated.
[1.229s] gmake[2]: *** [CMakeFiles/add_edge.dir/build.make:76: CMakeFiles/add_edge.dir/unitree_slam_example/add_edge.cpp.o] Error 1
[1.229s] gmake[2]: *** [CMakeFiles/single_nav.dir/build.make:76: CMakeFiles/single_nav.dir/unitree_slam_example/single_nav.cpp.o] Error 1
[1.229s] gmake[1]: *** [CMakeFiles/Makefile2:203: CMakeFiles/add_edge.dir/all] Error 2
[1.229s] gmake[1]: *** [CMakeFiles/Makefile2:411: CMakeFiles/single_nav.dir/all] Error 2
[1.230s] [01m[K/home/ros_ws/ros_ws/b2_ws/src/unitree_slam/unitree_slam_example/start_mapping.cpp:2:10:[m[K [01;31m[Kfatal error: [m[Kunitree/ros2_idl/QtCommand_.hpp: No such file or directory
[1.230s]     2 | #include [01;31m[K<unitree/ros2_idl/QtCommand_.hpp>[m[K
[1.230s]       |          [01;31m[K^~~~~~~~~~~~~~~~~~~~~~~~~~~~~~~~~[m[K
[1.230s] compilation terminated.
[1.237s] gmake[2]: *** [CMakeFiles/start_mappping.dir/build.make:76: CMakeFiles/start_mappping.dir/unitree_slam_example/start_mapping.cpp.o] Error 1
[1.237s] [01m[K/home/ros_ws/ros_ws/b2_ws/src/unitree_slam/unitree_slam_example/delete_node.cpp:2:10:[m[K [01;31m[Kfatal error: [m[Kunitree/ros2_idl/QtCommand_.hpp: No such file or directory
[1.237s]     2 | #include [01;31m[K<unitree/ros2_idl/QtCommand_.hpp>[m[K
[1.237s]       |          [01;31m[K^~~~~~~~~~~~~~~~~~~~~~~~~~~~~~~~~[m[K
[1.237s] compilation terminated.
[1.237s] gmake[1]: *** [CMakeFiles/Makefile2:125: CMakeFiles/start_mappping.dir/all] Error 2
[1.241s] gmake[2]: *** [CMakeFiles/delete_node.dir/build.make:76: CMakeFiles/delete_node.dir/unitree_slam_example/delete_node.cpp.o] Error 1
[1.241s] gmake[1]: *** [CMakeFiles/Makefile2:229: CMakeFiles/delete_node.dir/all] Error 2
[1.247s] [01m[K/home/ros_ws/ros_ws/b2_ws/src/unitree_slam/unitree_slam_example/pause_nav.cpp:2:10:[m[K [01;31m[Kfatal error: [m[Kunitree/ros2_idl/QtCommand_.hpp: No such file or directory
[1.247s]     2 | #include [01;31m[K<unitree/ros2_idl/QtCommand_.hpp>[m[K
[1.247s]       |          [01;31m[K^~~~~~~~~~~~~~~~~~~~~~~~~~~~~~~~~[m[K
[1.248s] compilation terminated.
[1.250s] gmake[2]: *** [CMakeFiles/pause_nav.dir/build.make:76: CMakeFiles/pause_nav.dir/unitree_slam_example/pause_nav.cpp.o] Error 1
[1.251s] gmake[1]: *** [CMakeFiles/Makefile2:489: CMakeFiles/pause_nav.dir/all] Error 2
[1.253s] [01m[K/home/ros_ws/ros_ws/b2_ws/src/unitree_slam/unitree_slam_example/multiple_nav_set.cpp:2:10:[m[K [01;31m[Kfatal error: [m[Kunitree/ros2_idl/QtCommand_.hpp: No such file or directory
[1.253s]     2 | #include [01;31m[K<unitree/ros2_idl/QtCommand_.hpp>[m[K
[1.253s]       |          [01;31m[K^~~~~~~~~~~~~~~~~~~~~~~~~~~~~~~~~[m[K
[1.254s] compilation terminated.
[1.257s] [01m[K/home/ros_ws/ros_ws/b2_ws/src/unitree_slam/unitree_slam_example/start_relocation.cpp:2:10:[m[K [01;31m[Kfatal error: [m[Kunitree/ros2_idl/QtCommand_.hpp: No such file or directory
[1.257s]     2 | #include [01;31m[K<unitree/ros2_idl/QtCommand_.hpp>[m[K
[1.257s]       |          [01;31m[K^~~~~~~~~~~~~~~~~~~~~~~~~~~~~~~~~[m[K
[1.257s] compilation terminated.
[1.259s] gmake[2]: *** [CMakeFiles/multiple_nav_set.dir/build.make:76: CMakeFiles/multiple_nav_set.dir/unitree_slam_example/multiple_nav_set.cpp.o] Error 1
[1.260s] gmake[1]: *** [CMakeFiles/Makefile2:463: CMakeFiles/multiple_nav_set.dir/all] Error 2
[1.260s] [01m[K/home/ros_ws/ros_ws/b2_ws/src/unitree_slam/unitree_slam_example/end_mapping.cpp:2:10:[m[K [01;31m[Kfatal error: [m[Kunitree/ros2_idl/QtCommand_.hpp: No such file or directory
[1.260s]     2 | #include [01;31m[K<unitree/ros2_idl/QtCommand_.hpp>[m[K
[1.260s]       |          [01;31m[K^~~~~~~~~~~~~~~~~~~~~~~~~~~~~~~~~[m[K
[1.260s] compilation terminated.
[1.261s] gmake[2]: *** [CMakeFiles/start_relocation.dir/build.make:76: CMakeFiles/start_relocation.dir/unitree_slam_example/start_relocation.cpp.o] Error 1
[1.261s] [01m[K/home/ros_ws/ros_ws/b2_ws/src/unitree_slam/unitree_slam_example/recover_nav.cpp:2:10:[m[K [01;31m[Kfatal error: [m[Kunitree/ros2_idl/QtCommand_.hpp: No such file or directory
[1.261s]     2 | #include [01;31m[K<unitree/ros2_idl/QtCommand_.hpp>[m[K
[1.261s]       |          [01;31m[K^~~~~~~~~~~~~~~~~~~~~~~~~~~~~~~~~[m[K
[1.261s] compilation terminated.
[1.261s] gmake[1]: *** [CMakeFiles/Makefile2:333: CMakeFiles/start_relocation.dir/all] Error 2
[1.264s] gmake[2]: *** [CMakeFiles/end_mappping.dir/build.make:76: CMakeFiles/end_mappping.dir/unitree_slam_example/end_mapping.cpp.o] Error 1
[1.265s] gmake[1]: *** [CMakeFiles/Makefile2:151: CMakeFiles/end_mappping.dir/all] Error 2
[1.265s] gmake[2]: *** [CMakeFiles/recover_nav.dir/build.make:76: CMakeFiles/recover_nav.dir/unitree_slam_example/recover_nav.cpp.o] Error 1
[1.266s] gmake[1]: *** [CMakeFiles/Makefile2:515: CMakeFiles/recover_nav.dir/all] Error 2
[1.268s] [01m[K/home/ros_ws/ros_ws/b2_ws/src/unitree_slam/unitree_slam_example/query_node.cpp:2:10:[m[K [01;31m[Kfatal error: [m[Kunitree/ros2_idl/QtCommand_.hpp: No such file or directory
[1.268s]     2 | #include [01;31m[K<unitree/ros2_idl/QtCommand_.hpp>[m[K
[1.268s]       |          [01;31m[K^~~~~~~~~~~~~~~~~~~~~~~~~~~~~~~~~[m[K
[1.269s] compilation terminated.
[1.273s] gmake[2]: *** [CMakeFiles/query_node.dir/build.make:76: CMakeFiles/query_node.dir/unitree_slam_example/query_node.cpp.o] Error 1
[1.273s] gmake[1]: *** [CMakeFiles/Makefile2:307: CMakeFiles/query_node.dir/all] Error 2
[1.279s] [01m[K/home/ros_ws/ros_ws/b2_ws/src/unitree_slam/unitree_slam_example/start_nav.cpp:2:10:[m[K [01;31m[Kfatal error: [m[Kunitree/ros2_idl/QtCommand_.hpp: No such file or directory
[1.280s]     2 | #include [01;31m[K<unitree/ros2_idl/QtCommand_.hpp>[m[K
[1.280s]       |          [01;31m[K^~~~~~~~~~~~~~~~~~~~~~~~~~~~~~~~~[m[K
[1.280s] compilation terminated.
[1.281s] [01m[K/home/ros_ws/ros_ws/b2_ws/src/unitree_slam/unitree_slam_example/multiple_nav_default.cpp:2:10:[m[K [01;31m[Kfatal error: [m[Kunitree/ros2_idl/QtCommand_.hpp: No such file or directory
[1.281s]     2 | #include [01;31m[K<unitree/ros2_idl/QtCommand_.hpp>[m[K
[1.281s]       |          [01;31m[K^~~~~~~~~~~~~~~~~~~~~~~~~~~~~~~~~[m[K
[1.281s] compilation terminated.
[1.284s] gmake[2]: *** [CMakeFiles/start_nav.dir/build.make:76: CMakeFiles/start_nav.dir/unitree_slam_example/start_nav.cpp.o] Error 1
[1.284s] gmake[1]: *** [CMakeFiles/Makefile2:385: CMakeFiles/start_nav.dir/all] Error 2
[1.285s] gmake[2]: *** [CMakeFiles/multiple_nav_default.dir/build.make:76: CMakeFiles/multiple_nav_default.dir/unitree_slam_example/multiple_nav_default.cpp.o] Error 1
[1.285s] gmake[1]: *** [CMakeFiles/Makefile2:437: CMakeFiles/multiple_nav_default.dir/all] Error 2
[1.298s] [01m[K/home/ros_ws/ros_ws/b2_ws/src/unitree_slam/unitree_slam_example/query_edge.cpp:2:10:[m[K [01;31m[Kfatal error: [m[Kunitree/ros2_idl/QtCommand_.hpp: No such file or directory
[1.298s]     2 | #include [01;31m[K<unitree/ros2_idl/QtCommand_.hpp>[m[K
[1.298s]       |          [01;31m[K^~~~~~~~~~~~~~~~~~~~~~~~~~~~~~~~~[m[K
[1.298s] compilation terminated.
[1.302s] gmake[2]: *** [CMakeFiles/query_edge.dir/build.make:76: CMakeFiles/query_edge.dir/unitree_slam_example/query_edge.cpp.o] Error 1
[1.302s] gmake[1]: *** [CMakeFiles/Makefile2:281: CMakeFiles/query_edge.dir/all] Error 2
[1.302s] gmake: *** [Makefile:91: all] Error 2
[1.305s] Invoked command in '/home/ros_ws/ros_ws/b2_ws/build/slam_example' returned '2': /usr/bin/cmake --build /home/ros_ws/ros_ws/b2_ws/build/slam_example -- -j16 -l16
