[0.034s] Invoking command in '/home/ros_ws/ros_ws/b2_ws/build/b2_ctrl': CMAKE_PREFIX_PATH=${CMAKE_PREFIX_PATH}:/unitree_sdk2:/home/ros_ws/ros_ws/b2_ws/install/b2_nodes:/opt/ros/humble: /usr/bin/cmake --build /home/ros_ws/ros_ws/b2_ws/build/b2_ctrl -- -j16 -l16
[0.327s] [35m[1mConsolidate compiler generated dependencies of target sport_mode_ctrl[0m
[0.327s] [ 10%] Built target read_low_state
[0.327s] [ 30%] Built target read_motion_state
[0.327s] [ 35%] Built target low_level_ctrl
[0.329s] [ 55%] Built target g1_low_level_example
[0.329s] [ 65%] Built target low_level_ctrl_hg
[0.330s] [ 75%] Built target read_wireless_controller
[0.330s] [ 85%] Built target read_low_state_hg
[0.331s] [ 90%] [32mBuilding CXX object CMakeFiles/sport_mode_ctrl.dir/src/sport_mode_ctrl.cpp.o[0m
[2.690s] [01m[K/home/ros_ws/ros_ws/b2_ws/src/b2_ctrl/src/sport_mode_ctrl.cpp:126:5:[m[K [01;31m[Kerror: [m[Kâ€˜[01m[Kuint8[m[Kâ€™ does not name a type; did you mean â€˜[01m[Kuint[m[Kâ€™?
[2.690s]   126 |     [01;31m[Kuint8[m[K mode;
[2.690s]       |     [01;31m[K^~~~~[m[K
[2.691s]       |     [32m[Kuint[m[K
[2.715s] [01m[K/home/ros_ws/ros_ws/b2_ws/src/b2_ctrl/src/sport_mode_ctrl.cpp:[m[K In member function â€˜[01m[Kvoid SportManager::state_callback(unitree_go::msg::SportModeState_<std::allocator<void> >::SharedPtr)[m[Kâ€™:
[2.715s] [01m[K/home/ros_ws/ros_ws/b2_ws/src/b2_ctrl/src/sport_mode_ctrl.cpp:118:9:[m[K [01;31m[Kerror: [m[Kâ€˜[01m[Kmode[m[Kâ€™ was not declared in this scope; did you mean â€˜[01m[KNode[m[Kâ€™?
[2.715s]   118 |         [01;31m[Kmode[m[K = data->mode;
[2.715s]       |         [01;31m[K^~~~[m[K
[2.716s]       |         [32m[KNode[m[K
[5.067s] gmake[2]: *** [CMakeFiles/sport_mode_ctrl.dir/build.make:76: CMakeFiles/sport_mode_ctrl.dir/src/sport_mode_ctrl.cpp.o] Error 1
[5.067s] gmake[1]: *** [CMakeFiles/Makefile2:333: CMakeFiles/sport_mode_ctrl.dir/all] Error 2
[5.067s] gmake: *** [Makefile:146: all] Error 2
[5.069s] Invoked command in '/home/ros_ws/ros_ws/b2_ws/build/b2_ctrl' returned '2': CMAKE_PREFIX_PATH=${CMAKE_PREFIX_PATH}:/unitree_sdk2:/home/ros_ws/ros_ws/b2_ws/install/b2_nodes:/opt/ros/humble: /usr/bin/cmake --build /home/ros_ws/ros_ws/b2_ws/build/b2_ctrl -- -j16 -l16
