[0.021s] Invoking command in '/home/ros_ws/ros_ws/b2_ws/build/z1_nodes': CMAKE_PREFIX_PATH=/home/ros_ws/ros_ws/b2_ws/install/z1_interfaces:/home/ros_ws/ros_ws/b2_ws/install/z1_urdf:/home/ros_ws/ros_ws/b2_ws/install/z1_nodes:/home/ros_ws/ros_ws/b2_ws/install/b2_ctrl:/home/ros_ws/ros_ws/b2_ws/install/py_cpp:/home/ros_ws/ros_ws/b2_ws/install/b2_urdf:/home/ros_ws/ros_ws/unitree_ros2/cyclonedds_ws/install/unitree_hg:/home/ros_ws/ros_ws/unitree_ros2/cyclonedds_ws/install/unitree_go:/home/ros_ws/ros_ws/unitree_ros2/cyclonedds_ws/install/unitree_api:/home/ros_ws/ros_ws/unitree_ros2/cyclonedds_ws/install/rmw_cyclonedds_cpp:/home/ros_ws/ros_ws/unitree_ros2/cyclonedds_ws/install/cyclonedds:/unitree_sdk2:/home/ros_ws/ros_ws/b2_ws/install/b2_nodes:/opt/ros/humble: LD_LIBRARY_PATH=/home/ros_ws/ros_ws/b2_ws/install/z1_interfaces/lib:/home/ros_ws/ros_ws/unitree_ros2/cyclonedds_ws/install/unitree_hg/lib:/home/ros_ws/ros_ws/unitree_ros2/cyclonedds_ws/install/unitree_go/lib:/home/ros_ws/ros_ws/unitree_ros2/cyclonedds_ws/install/unitree_api/lib:/home/ros_ws/ros_ws/unitree_ros2/cyclonedds_ws/install/rmw_cyclonedds_cpp/lib:/home/ros_ws/ros_ws/unitree_ros2/cyclonedds_ws/install/cyclonedds/lib:/usr/lib/x86_64-linux-gnu/gazebo-11/plugins:/opt/ros/humble/opt/rviz_ogre_vendor/lib:/opt/ros/humble/lib/x86_64-linux-gnu:/opt/ros/humble/lib:/z1_controller/lib:/z1_sdk/lib:/z1_controller/lib:/z1_sdk/lib /usr/bin/cmake --build /home/ros_ws/ros_ws/b2_ws/build/z1_nodes -- -j16 -l16
[0.137s] [ 25%] [32mBuilding CXX object CMakeFiles/z1_manager.dir/src/z1_manager.cpp.o[0m
[0.144s] [ 75%] Built target z1_parse_joint_state
[4.508s] [01m[K/home/ros_ws/ros_ws/b2_ws/src/z1_nodes/src/z1_manager.cpp:[m[K In member function â€˜[01m[Kvoid Z1ManagerNode::back_to_start_callback(std::shared_ptr<z1_interfaces::srv::NoInputCommand_Request_<std::allocator<void> > >, std::shared_ptr<z1_interfaces::srv::NoInputCommand_Response_<std::allocator<void> > >)[m[Kâ€™:
[4.509s] [01m[K/home/ros_ws/ros_ws/b2_ws/src/z1_nodes/src/z1_manager.cpp:158:13:[m[K [01;35m[Kwarning: [m[Kstatement has no effect [[01;35m[K]8;;https://gcc.gnu.org/onlinedocs/gcc/Warning-Options.html#index-Wunused-value-Wunused-value]8;;[m[K]
[4.509s]   158 |             [01;35m[Krequest[m[K; //Aqui so para evitar avisos no console
[4.509s]       |             [01;35m[K^~~~~~~[m[K
[4.509s] [01m[K/home/ros_ws/ros_ws/b2_ws/src/z1_nodes/src/z1_manager.cpp:[m[K In member function â€˜[01m[Kvoid Z1ManagerNode::set_zero_callback(std::shared_ptr<z1_interfaces::srv::NoInputCommand_Request_<std::allocator<void> > >, std::shared_ptr<z1_interfaces::srv::NoInputCommand_Response_<std::allocator<void> > >)[m[Kâ€™:
[4.509s] [01m[K/home/ros_ws/ros_ws/b2_ws/src/z1_nodes/src/z1_manager.cpp:177:13:[m[K [01;35m[Kwarning: [m[Kstatement has no effect [[01;35m[K]8;;https://gcc.gnu.org/onlinedocs/gcc/Warning-Options.html#index-Wunused-value-Wunused-value]8;;[m[K]
[4.509s]   177 |             [01;35m[Krequest[m[K; //Aqui so para evitar avisos no console
[4.509s]       |             [01;35m[K^~~~~~~[m[K
[4.510s] [01m[K/home/ros_ws/ros_ws/b2_ws/src/z1_nodes/src/z1_manager.cpp:[m[K In member function â€˜[01m[Kvoid Z1ManagerNode::set_passive_callback(std::shared_ptr<z1_interfaces::srv::NoInputCommand_Request_<std::allocator<void> > >, std::shared_ptr<z1_interfaces::srv::NoInputCommand_Response_<std::allocator<void> > >)[m[Kâ€™:
[4.510s] [01m[K/home/ros_ws/ros_ws/b2_ws/src/z1_nodes/src/z1_manager.cpp:196:13:[m[K [01;35m[Kwarning: [m[Kstatement has no effect [[01;35m[K]8;;https://gcc.gnu.org/onlinedocs/gcc/Warning-Options.html#index-Wunused-value-Wunused-value]8;;[m[K]
[4.510s]   196 |             [01;35m[Krequest[m[K; //Aqui so para evitar avisos no console
[4.510s]       |             [01;35m[K^~~~~~~[m[K
[4.557s] [01m[K/home/ros_ws/ros_ws/b2_ws/src/z1_nodes/src/z1_manager.cpp:[m[K In member function â€˜[01m[Kvoid Z1ManagerNode::publish_joint_states()[m[Kâ€™:
[4.557s] [01m[K/home/ros_ws/ros_ws/b2_ws/src/z1_nodes/src/z1_manager.cpp:443:95:[m[K [01;31m[Kerror: [m[Kâ€˜[01m[Karm_dq[m[Kâ€™ was not declared in this scope; did you mean â€˜[01m[Karm_qd[m[Kâ€™?
[4.557s]   443 |         message.velocity = {arm_qd[0], arm_qd[1], arm_qd[2], arm_qd[3], arm_qd[4], arm_qd[5], [01;31m[Karm_dq[m[K[6]};
[4.557s]       |                                                                                               [01;31m[K^~~~~~[m[K
[4.557s]       |                                                                                               [32m[Karm_qd[m[K
[4.557s] [01m[K/home/ros_ws/ros_ws/b2_ws/src/z1_nodes/src/z1_manager.cpp:443:104:[m[K [01;31m[Kerror: [m[Kno match for â€˜[01m[Koperator=[m[Kâ€™ (operand types are â€˜[01m[Ksensor_msgs::msg::JointState_<std::allocator<void> >::_velocity_type[m[Kâ€™ {aka â€˜[01m[Kstd::vector<double>[m[Kâ€™} and â€˜[01m[K<brace-enclosed initializer list>[m[Kâ€™)
[4.558s]   443 |         message.velocity = {arm_qd[0], arm_qd[1], arm_qd[2], arm_qd[3], arm_qd[4], arm_qd[5], arm_dq[6][01;31m[K}[m[K;
[4.558s]       |                                                                                                        [01;31m[K^[m[K
[4.558s] In file included from [01m[K/usr/include/c++/11/vector:72[m[K,
[4.558s]                  from [01m[K/usr/include/c++/11/functional:62[m[K,
[4.558s]                  from [01m[K/usr/include/eigen3/Eigen/Core:85[m[K,
[4.558s]                  from [01m[K/usr/include/eigen3/Eigen/Dense:1[m[K,
[4.558s]                  from [01m[K/home/ros_ws/ros_ws/b2_ws/src/z1_nodes/include/unitree_arm_sdk/math/mathTypes.h:4[m[K,
[4.558s]                  from [01m[K/home/ros_ws/ros_ws/b2_ws/src/z1_nodes/include/unitree_arm_sdk/message/LowlevelCmd.h:4[m[K,
[4.558s]                  from [01m[K/home/ros_ws/ros_ws/b2_ws/src/z1_nodes/include/unitree_arm_sdk/control/ctrlComponents.h:5[m[K,
[4.558s]                  from [01m[K/home/ros_ws/ros_ws/b2_ws/src/z1_nodes/include/unitree_arm_sdk/control/unitreeArm.h:4[m[K,
[4.558s]                  from [01m[K/home/ros_ws/ros_ws/b2_ws/src/z1_nodes/src/z1_manager.cpp:1[m[K:
[4.558s] [01m[K/usr/include/c++/11/bits/vector.tcc:198:5:[m[K [01;36m[Knote: [m[Kcandidate: â€˜[01m[Kstd::vector<_Tp, _Alloc>& std::vector<_Tp, _Alloc>::operator=(const std::vector<_Tp, _Alloc>&) [with _Tp = double; _Alloc = std::allocator<double>][m[Kâ€™
[4.559s]   198 |     [01;36m[Kvector<_Tp, _Alloc>[m[K::
[4.559s]       |     [01;36m[K^~~~~~~~~~~~~~~~~~~[m[K
[4.559s] [01m[K/usr/include/c++/11/bits/vector.tcc:199:42:[m[K [01;36m[Knote: [m[K  no known conversion for argument 1 from â€˜[01m[K<brace-enclosed initializer list>[m[Kâ€™ to â€˜[01m[Kconst std::vector<double>&[m[Kâ€™
[4.559s]   199 |     operator=([01;36m[Kconst vector<_Tp, _Alloc>& __x[m[K)
[4.559s]       |               [01;36m[K~~~~~~~~~~~~~~~~~~~~~~~~~~~^~~[m[K
[4.559s] In file included from [01m[K/usr/include/c++/11/vector:67[m[K,
[4.559s]                  from [01m[K/usr/include/c++/11/functional:62[m[K,
[4.559s]                  from [01m[K/usr/include/eigen3/Eigen/Core:85[m[K,
[4.559s]                  from [01m[K/usr/include/eigen3/Eigen/Dense:1[m[K,
[4.559s]                  from [01m[K/home/ros_ws/ros_ws/b2_ws/src/z1_nodes/include/unitree_arm_sdk/math/mathTypes.h:4[m[K,
[4.559s]                  from [01m[K/home/ros_ws/ros_ws/b2_ws/src/z1_nodes/include/unitree_arm_sdk/message/LowlevelCmd.h:4[m[K,
[4.559s]                  from [01m[K/home/ros_ws/ros_ws/b2_ws/src/z1_nodes/include/unitree_arm_sdk/control/ctrlComponents.h:5[m[K,
[4.559s]                  from [01m[K/home/ros_ws/ros_ws/b2_ws/src/z1_nodes/include/unitree_arm_sdk/control/unitreeArm.h:4[m[K,
[4.560s]                  from [01m[K/home/ros_ws/ros_ws/b2_ws/src/z1_nodes/src/z1_manager.cpp:1[m[K:
[4.560s] [01m[K/usr/include/c++/11/bits/stl_vector.h:709:7:[m[K [01;36m[Knote: [m[Kcandidate: â€˜[01m[Kstd::vector<_Tp, _Alloc>& std::vector<_Tp, _Alloc>::operator=(std::vector<_Tp, _Alloc>&&) [with _Tp = double; _Alloc = std::allocator<double>][m[Kâ€™
[4.560s]   709 |       [01;36m[Koperator[m[K=(vector&& __x) noexcept(_Alloc_traits::_S_nothrow_move())
[4.560s]       |       [01;36m[K^~~~~~~~[m[K
[4.560s] [01m[K/usr/include/c++/11/bits/stl_vector.h:709:26:[m[K [01;36m[Knote: [m[K  no known conversion for argument 1 from â€˜[01m[K<brace-enclosed initializer list>[m[Kâ€™ to â€˜[01m[Kstd::vector<double>&&[m[Kâ€™
[4.560s]   709 |       operator=([01;36m[Kvector&& __x[m[K) noexcept(_Alloc_traits::_S_nothrow_move())
[4.560s]       |                 [01;36m[K~~~~~~~~~^~~[m[K
[4.560s] [01m[K/usr/include/c++/11/bits/stl_vector.h:730:7:[m[K [01;36m[Knote: [m[Kcandidate: â€˜[01m[Kstd::vector<_Tp, _Alloc>& std::vector<_Tp, _Alloc>::operator=(std::initializer_list<_Tp>) [with _Tp = double; _Alloc = std::allocator<double>][m[Kâ€™
[4.560s]   730 |       [01;36m[Koperator[m[K=(initializer_list<value_type> __l)
[4.560s]       |       [01;36m[K^~~~~~~~[m[K
[4.560s] [01m[K/usr/include/c++/11/bits/stl_vector.h:730:46:[m[K [01;36m[Knote: [m[K  no known conversion for argument 1 from â€˜[01m[K<brace-enclosed initializer list>[m[Kâ€™ to â€˜[01m[Kstd::initializer_list<double>[m[Kâ€™
[4.560s]   730 |       operator=([01;36m[Kinitializer_list<value_type> __l[m[K)
[4.560s]       |                 [01;36m[K~~~~~~~~~~~~~~~~~~~~~~~~~~~~~^~~[m[K
[8.948s] gmake[2]: *** [CMakeFiles/z1_manager.dir/build.make:76: CMakeFiles/z1_manager.dir/src/z1_manager.cpp.o] Error 1
[8.948s] gmake[1]: *** [CMakeFiles/Makefile2:139: CMakeFiles/z1_manager.dir/all] Error 2
[8.950s] gmake: *** [Makefile:146: all] Error 2
[8.953s] Invoked command in '/home/ros_ws/ros_ws/b2_ws/build/z1_nodes' returned '2': CMAKE_PREFIX_PATH=/home/ros_ws/ros_ws/b2_ws/install/z1_interfaces:/home/ros_ws/ros_ws/b2_ws/install/z1_urdf:/home/ros_ws/ros_ws/b2_ws/install/z1_nodes:/home/ros_ws/ros_ws/b2_ws/install/b2_ctrl:/home/ros_ws/ros_ws/b2_ws/install/py_cpp:/home/ros_ws/ros_ws/b2_ws/install/b2_urdf:/home/ros_ws/ros_ws/unitree_ros2/cyclonedds_ws/install/unitree_hg:/home/ros_ws/ros_ws/unitree_ros2/cyclonedds_ws/install/unitree_go:/home/ros_ws/ros_ws/unitree_ros2/cyclonedds_ws/install/unitree_api:/home/ros_ws/ros_ws/unitree_ros2/cyclonedds_ws/install/rmw_cyclonedds_cpp:/home/ros_ws/ros_ws/unitree_ros2/cyclonedds_ws/install/cyclonedds:/unitree_sdk2:/home/ros_ws/ros_ws/b2_ws/install/b2_nodes:/opt/ros/humble: LD_LIBRARY_PATH=/home/ros_ws/ros_ws/b2_ws/install/z1_interfaces/lib:/home/ros_ws/ros_ws/unitree_ros2/cyclonedds_ws/install/unitree_hg/lib:/home/ros_ws/ros_ws/unitree_ros2/cyclonedds_ws/install/unitree_go/lib:/home/ros_ws/ros_ws/unitree_ros2/cyclonedds_ws/install/unitree_api/lib:/home/ros_ws/ros_ws/unitree_ros2/cyclonedds_ws/install/rmw_cyclonedds_cpp/lib:/home/ros_ws/ros_ws/unitree_ros2/cyclonedds_ws/install/cyclonedds/lib:/usr/lib/x86_64-linux-gnu/gazebo-11/plugins:/opt/ros/humble/opt/rviz_ogre_vendor/lib:/opt/ros/humble/lib/x86_64-linux-gnu:/opt/ros/humble/lib:/z1_controller/lib:/z1_sdk/lib:/z1_controller/lib:/z1_sdk/lib /usr/bin/cmake --build /home/ros_ws/ros_ws/b2_ws/build/z1_nodes -- -j16 -l16
