[01m[K/home/ros_ws/ros_ws/b2_ws/src/z1_nodes/src/z1_manager.cpp:100:54:[m[K [01;31m[Kerror: [m[Kâ€˜[01m[KArmControlCommand[m[Kâ€™ in namespace â€˜[01m[Krcl_interfaces::msg[m[Kâ€™ does not name a type
  100 |     void control_callback(const rcl_interfaces::msg::[01;31m[KArmControlCommand[m[K::SharedPtr msg) {
      |                                                      [01;31m[K^~~~~~~~~~~~~~~~~[m[K
[01m[K/home/ros_ws/ros_ws/b2_ws/src/z1_nodes/src/z1_manager.cpp:100:83:[m[K [01;31m[Kerror: [m[Kexpected unqualified-id before â€˜[01m[Kmsg[m[Kâ€™
  100 |     void control_callback(const rcl_interfaces::msg::ArmControlCommand::SharedPtr [01;31m[Kmsg[m[K) {
      |                                                                                   [01;31m[K^~~[m[K
[01m[K/home/ros_ws/ros_ws/b2_ws/src/z1_nodes/src/z1_manager.cpp:100:82:[m[K [01;31m[Kerror: [m[Kexpected â€˜[01m[K)[m[Kâ€™ before â€˜[01m[Kmsg[m[Kâ€™
  100 |     void control_callback[34m[K([m[Kconst rcl_interfaces::msg::ArmControlCommand::SharedPtr[01;31m[K [m[K[32m[Kmsg[m[K) {
      |                          [34m[K~[m[K                                                       [01;31m[K^[m[K[32m[K~~~[m[K
      |                                                                                  [32m[K)[m[K
[01m[K/home/ros_ws/ros_ws/b2_ws/src/z1_nodes/src/z1_manager.cpp:100:73:[m[K [01;31m[Kerror: [m[Kexpected â€˜[01m[K;[m[Kâ€™ at end of member declaration
  100 |     void control_callback(const rcl_interfaces::msg::ArmControlCommand::[01;31m[KSharedPtr[m[K msg) {
      |                                                                         [01;31m[K^~~~~~~~~[m[K
      |                                                                                  [32m[K;[m[K
[01m[K/home/ros_ws/ros_ws/b2_ws/src/z1_nodes/src/z1_manager.cpp:100:83:[m[K [01;31m[Kerror: [m[Kâ€˜[01m[Kmsg[m[Kâ€™ does not name a type
  100 |     void control_callback(const rcl_interfaces::msg::ArmControlCommand::SharedPtr [01;31m[Kmsg[m[K) {
      |                                                                                   [01;31m[K^~~[m[K
[01m[K/home/ros_ws/ros_ws/b2_ws/src/z1_nodes/src/z1_manager.cpp:152:47:[m[K [01;31m[Kerror: [m[Kâ€˜[01m[KArmControlCommand[m[Kâ€™ is not a member of â€˜[01m[Krcl_interfaces::msg[m[Kâ€™
  152 |     rclcpp::Subscription<rcl_interfaces::msg::[01;31m[KArmControlCommand[m[K>::SharedPtr subscription_;
      |                                               [01;31m[K^~~~~~~~~~~~~~~~~[m[K
[01m[K/home/ros_ws/ros_ws/b2_ws/src/z1_nodes/src/z1_manager.cpp:152:64:[m[K [01;31m[Kerror: [m[Ktemplate argument 1 is invalid
  152 |     rclcpp::Subscription<rcl_interfaces::msg::ArmControlCommand[01;31m[K>[m[K::SharedPtr subscription_;
      |                                                                [01;31m[K^[m[K
[01m[K/home/ros_ws/ros_ws/b2_ws/src/z1_nodes/src/z1_manager.cpp:152:64:[m[K [01;31m[Kerror: [m[Ktemplate argument 3 is invalid
[01m[K/home/ros_ws/ros_ws/b2_ws/src/z1_nodes/src/z1_manager.cpp:152:64:[m[K [01;31m[Kerror: [m[Ktemplate argument 4 is invalid
[01m[K/home/ros_ws/ros_ws/b2_ws/src/z1_nodes/src/z1_manager.cpp:152:64:[m[K [01;31m[Kerror: [m[Ktemplate argument 5 is invalid
[01m[K/home/ros_ws/ros_ws/b2_ws/src/z1_nodes/src/z1_manager.cpp:152:67:[m[K [01;31m[Kerror: [m[Kexpected â€˜[01m[K;[m[Kâ€™ at end of member declaration
  152 |     rclcpp::Subscription<rcl_interfaces::msg::ArmControlCommand>::[01;31m[KSharedPtr[m[K subscription_;
      |                                                                   [01;31m[K^~~~~~~~~[m[K
      |                                                                            [32m[K;[m[K
[01m[K/home/ros_ws/ros_ws/b2_ws/src/z1_nodes/src/z1_manager.cpp:152:77:[m[K [01;31m[Kerror: [m[Kâ€˜[01m[Ksubscription_[m[Kâ€™ does not name a type; did you mean â€˜[01m[Krmw_subscription_t[m[Kâ€™?
  152 |     rclcpp::Subscription<rcl_interfaces::msg::ArmControlCommand>::SharedPtr [01;31m[Ksubscription_[m[K;
      |                                                                             [01;31m[K^~~~~~~~~~~~~[m[K
      |                                                                             [32m[Krmw_subscription_t[m[K
[01m[K/home/ros_ws/ros_ws/b2_ws/src/z1_nodes/src/z1_manager.cpp:[m[K In constructor â€˜[01m[KZ1ManagerNode::Z1ManagerNode()[m[Kâ€™:
[01m[K/home/ros_ws/ros_ws/b2_ws/src/z1_nodes/src/z1_manager.cpp:79:9:[m[K [01;31m[Kerror: [m[Kâ€˜[01m[Ksubscription_[m[Kâ€™ was not declared in this scope; did you mean â€˜[01m[Krmw_subscription_t[m[Kâ€™?
   79 |         [01;31m[Ksubscription_[m[K = this->create_subscription<rcl_interfaces::msg::ArmControlCommand>(
      |         [01;31m[K^~~~~~~~~~~~~[m[K
      |         [32m[Krmw_subscription_t[m[K
[01m[K/home/ros_ws/ros_ws/b2_ws/src/z1_nodes/src/z1_manager.cpp:79:72:[m[K [01;31m[Kerror: [m[Kâ€˜[01m[KArmControlCommand[m[Kâ€™ is not a member of â€˜[01m[Krcl_interfaces::msg[m[Kâ€™
   79 |         subscription_ = this->create_subscription<rcl_interfaces::msg::[01;31m[KArmControlCommand[m[K>(
      |                                                                        [01;31m[K^~~~~~~~~~~~~~~~~[m[K
[01m[K/home/ros_ws/ros_ws/b2_ws/src/z1_nodes/src/z1_manager.cpp:80:91:[m[K [01;31m[Kerror: [m[Kâ€˜[01m[K_1[m[Kâ€™ was not declared in this scope; did you mean â€˜[01m[Kstd::placeholders::_1[m[Kâ€™?
   80 |             "z1_cartesian_control", 10, std::bind(&Z1ManagerNode::control_callback, this, [01;31m[K_1[m[K));
      |                                                                                           [01;31m[K^~[m[K
      |                                                                                           [32m[Kstd::placeholders::_1[m[K
In file included from [01m[K/usr/include/eigen3/Eigen/Core:85[m[K,
                 from [01m[K/usr/include/eigen3/Eigen/Dense:1[m[K,
                 from [01m[K/home/ros_ws/ros_ws/b2_ws/src/z1_nodes/include/unitree_arm_sdk/math/mathTypes.h:4[m[K,
                 from [01m[K/home/ros_ws/ros_ws/b2_ws/src/z1_nodes/include/unitree_arm_sdk/message/LowlevelCmd.h:4[m[K,
                 from [01m[K/home/ros_ws/ros_ws/b2_ws/src/z1_nodes/include/unitree_arm_sdk/control/ctrlComponents.h:5[m[K,
                 from [01m[K/home/ros_ws/ros_ws/b2_ws/src/z1_nodes/include/unitree_arm_sdk/control/unitreeArm.h:4[m[K,
                 from [01m[K/home/ros_ws/ros_ws/b2_ws/src/z1_nodes/src/z1_manager.cpp:1[m[K:
[01m[K/usr/include/c++/11/functional:225:34:[m[K [01;36m[Knote: [m[Kâ€˜[01m[Kstd::placeholders::_1[m[Kâ€™ declared here
  225 |     extern const _Placeholder<1> [01;36m[K_1[m[K;
      |                                  [01;36m[K^~[m[K
gmake[2]: *** [CMakeFiles/z1_manager.dir/build.make:76: CMakeFiles/z1_manager.dir/src/z1_manager.cpp.o] Error 1
gmake[1]: *** [CMakeFiles/Makefile2:139: CMakeFiles/z1_manager.dir/all] Error 2
gmake: *** [Makefile:146: all] Error 2
