[35m[1mConsolidate compiler generated dependencies of target sport_mode_ctrl[0m
[ 10%] Built target read_motion_state
[ 25%] Built target read_low_state
[ 40%] Built target low_level_ctrl_hg
[ 50%] Built target low_level_ctrl
[ 60%] Built target read_wireless_controller
[ 75%] Built target g1_low_level_example
[ 85%] Built target read_low_state_hg
[ 90%] [32mBuilding CXX object CMakeFiles/sport_mode_ctrl.dir/src/sport_mode_ctrl.cpp.o[0m
[01m[K/home/ros_ws/ros_ws/b2_ws/src/b2_ctrl/src/sport_mode_ctrl.cpp:[m[K In member function â€˜[01m[Kvoid SportManager::key_loop()[m[Kâ€™:
[01m[K/home/ros_ws/ros_ws/b2_ws/src/b2_ctrl/src/sport_mode_ctrl.cpp:183:18:[m[K [01;31m[Kerror: [m[Kâ€˜[01m[Ksleep[m[Kâ€™ is not a member of â€˜[01m[Kstd[m[Kâ€™; did you mean â€˜[01m[Ksleep[m[Kâ€™?
  183 |             std::[01;31m[Ksleep[m[K(1);
      |                  [01;31m[K^~~~~[m[K
In file included from [01m[K/home/ros_ws/ros_ws/b2_ws/src/b2_ctrl/src/sport_mode_ctrl.cpp:1[m[K:
[01m[K/usr/include/unistd.h:464:21:[m[K [01;36m[Knote: [m[Kâ€˜[01m[Ksleep[m[Kâ€™ declared here
  464 | extern unsigned int [01;36m[Ksleep[m[K (unsigned int __seconds);
      |                     [01;36m[K^~~~~[m[K
[01m[K/home/ros_ws/ros_ws/b2_ws/src/b2_ctrl/src/sport_mode_ctrl.cpp:187:18:[m[K [01;31m[Kerror: [m[Kâ€˜[01m[Ksleep[m[Kâ€™ is not a member of â€˜[01m[Kstd[m[Kâ€™; did you mean â€˜[01m[Ksleep[m[Kâ€™?
  187 |             std::[01;31m[Ksleep[m[K(1);
      |                  [01;31m[K^~~~~[m[K
In file included from [01m[K/home/ros_ws/ros_ws/b2_ws/src/b2_ctrl/src/sport_mode_ctrl.cpp:1[m[K:
[01m[K/usr/include/unistd.h:464:21:[m[K [01;36m[Knote: [m[Kâ€˜[01m[Ksleep[m[Kâ€™ declared here
  464 | extern unsigned int [01;36m[Ksleep[m[K (unsigned int __seconds);
      |                     [01;36m[K^~~~~[m[K
[01m[K/home/ros_ws/ros_ws/b2_ws/src/b2_ctrl/src/sport_mode_ctrl.cpp:191:18:[m[K [01;31m[Kerror: [m[Kâ€˜[01m[Ksleep[m[Kâ€™ is not a member of â€˜[01m[Kstd[m[Kâ€™; did you mean â€˜[01m[Ksleep[m[Kâ€™?
  191 |             std::[01;31m[Ksleep[m[K(1);
      |                  [01;31m[K^~~~~[m[K
In file included from [01m[K/home/ros_ws/ros_ws/b2_ws/src/b2_ctrl/src/sport_mode_ctrl.cpp:1[m[K:
[01m[K/usr/include/unistd.h:464:21:[m[K [01;36m[Knote: [m[Kâ€˜[01m[Ksleep[m[Kâ€™ declared here
  464 | extern unsigned int [01;36m[Ksleep[m[K (unsigned int __seconds);
      |                     [01;36m[K^~~~~[m[K
[01m[K/home/ros_ws/ros_ws/b2_ws/src/b2_ctrl/src/sport_mode_ctrl.cpp:195:18:[m[K [01;31m[Kerror: [m[Kâ€˜[01m[Ksleep[m[Kâ€™ is not a member of â€˜[01m[Kstd[m[Kâ€™; did you mean â€˜[01m[Ksleep[m[Kâ€™?
  195 |             std::[01;31m[Ksleep[m[K(1);
      |                  [01;31m[K^~~~~[m[K
In file included from [01m[K/home/ros_ws/ros_ws/b2_ws/src/b2_ctrl/src/sport_mode_ctrl.cpp:1[m[K:
[01m[K/usr/include/unistd.h:464:21:[m[K [01;36m[Knote: [m[Kâ€˜[01m[Ksleep[m[Kâ€™ declared here
  464 | extern unsigned int [01;36m[Ksleep[m[K (unsigned int __seconds);
      |                     [01;36m[K^~~~~[m[K
gmake[2]: *** [CMakeFiles/sport_mode_ctrl.dir/build.make:76: CMakeFiles/sport_mode_ctrl.dir/src/sport_mode_ctrl.cpp.o] Error 1
gmake[1]: *** [CMakeFiles/Makefile2:333: CMakeFiles/sport_mode_ctrl.dir/all] Error 2
gmake: *** [Makefile:146: all] Error 2
