[01m[K/home/ros_ws/ros_ws/b2_ws/src/z1_nodes/src/z1_manager.cpp:96:33:[m[K [01;31m[Kerror: [m[Kâ€˜[01m[Kz1_interfaces[m[Kâ€™ does not name a type
   96 |     void control_callback(const [01;31m[Kz1_interfaces[m[K::msg::ArmControlCommand::SharedPtr msg) {
      |                                 [01;31m[K^~~~~~~~~~~~~[m[K
[01m[K/home/ros_ws/ros_ws/b2_ws/src/z1_nodes/src/z1_manager.cpp:96:51:[m[K [01;31m[Kerror: [m[Kexpected unqualified-id before â€˜[01m[K::[m[Kâ€™ token
   96 |     void control_callback(const z1_interfaces::msg[01;31m[K::[m[KArmControlCommand::SharedPtr msg) {
      |                                                   [01;31m[K^~[m[K
[01m[K/home/ros_ws/ros_ws/b2_ws/src/z1_nodes/src/z1_manager.cpp:96:51:[m[K [01;31m[Kerror: [m[Kexpected â€˜[01m[K)[m[Kâ€™ before â€˜[01m[K::[m[Kâ€™ token
   96 |     void control_callback[34m[K([m[Kconst z1_interfaces::msg[01;31m[K:[m[K[32m[K:[m[KArmControlCommand::SharedPtr msg) {
      |                          [34m[K~[m[K                        [01;31m[K^[m[K[32m[K~[m[K
      |                                                   [32m[K)[m[K
[01m[K/home/ros_ws/ros_ws/b2_ws/src/z1_nodes/src/z1_manager.cpp:96:48:[m[K [01;31m[Kerror: [m[Kexpected â€˜[01m[K;[m[Kâ€™ at end of member declaration
   96 |     void control_callback(const z1_interfaces::[01;31m[Kmsg[m[K::ArmControlCommand::SharedPtr msg) {
      |                                                [01;31m[K^~~[m[K
      |                                                   [32m[K;[m[K
[01m[K/home/ros_ws/ros_ws/b2_ws/src/z1_nodes/src/z1_manager.cpp:96:53:[m[K [01;31m[Kerror: [m[Kâ€˜[01m[KArmControlCommand[m[Kâ€™ in namespace â€˜[01m[K::[m[Kâ€™ does not name a type
   96 |     void control_callback(const z1_interfaces::msg::[01;31m[KArmControlCommand[m[K::SharedPtr msg) {
      |                                                     [01;31m[K^~~~~~~~~~~~~~~~~[m[K
gmake[2]: *** [CMakeFiles/z1_manager.dir/build.make:76: CMakeFiles/z1_manager.dir/src/z1_manager.cpp.o] Error 1
gmake[1]: *** [CMakeFiles/Makefile2:139: CMakeFiles/z1_manager.dir/all] Error 2
gmake: *** [Makefile:146: all] Error 2
