[01m[K/home/ros_ws/ros_ws/b2_ws/src/b2_ctrl/src/b2_z1_control.cpp:[m[K In member function â€˜[01m[Kvoid SportManager::key_loop()[m[Kâ€™:
[01m[K/home/ros_ws/ros_ws/b2_ws/src/b2_ctrl/src/b2_z1_control.cpp:70:17:[m[K [01;31m[Kerror: [m[Kâ€˜[01m[Kpath_point_tmp[m[Kâ€™ was not declared in this scope
   70 |                 [01;31m[Kpath_point_tmp[m[K.vx = 0.3;
      |                 [01;31m[K^~~~~~~~~~~~~~[m[K
[01m[K/home/ros_ws/ros_ws/b2_ws/src/b2_ctrl/src/b2_z1_control.cpp:78:17:[m[K [01;31m[Kerror: [m[Kâ€˜[01m[Kpath_point_tmp[m[Kâ€™ was not declared in this scope
   78 |                 [01;31m[Kpath_point_tmp[m[K.vx = -0.3;
      |                 [01;31m[K^~~~~~~~~~~~~~[m[K
[01m[K/home/ros_ws/ros_ws/b2_ws/src/b2_ctrl/src/b2_z1_control.cpp:86:17:[m[K [01;31m[Kerror: [m[Kâ€˜[01m[Kpath_point_tmp[m[Kâ€™ was not declared in this scope
   86 |                 [01;31m[Kpath_point_tmp[m[K.vx = 0.0;
      |                 [01;31m[K^~~~~~~~~~~~~~[m[K
[01m[K/home/ros_ws/ros_ws/b2_ws/src/b2_ctrl/src/b2_z1_control.cpp:94:17:[m[K [01;31m[Kerror: [m[Kâ€˜[01m[Kpath_point_tmp[m[Kâ€™ was not declared in this scope
   94 |                 [01;31m[Kpath_point_tmp[m[K.vx = 0.0;
      |                 [01;31m[K^~~~~~~~~~~~~~[m[K
[01m[K/home/ros_ws/ros_ws/b2_ws/src/b2_ctrl/src/b2_z1_control.cpp:102:17:[m[K [01;31m[Kerror: [m[Kâ€˜[01m[Kpath_point_tmp[m[Kâ€™ was not declared in this scope
  102 |                 [01;31m[Kpath_point_tmp[m[K.vx = 0.0;
      |                 [01;31m[K^~~~~~~~~~~~~~[m[K
[01m[K/home/ros_ws/ros_ws/b2_ws/src/b2_ctrl/src/b2_z1_control.cpp:110:17:[m[K [01;31m[Kerror: [m[Kâ€˜[01m[Kpath_point_tmp[m[Kâ€™ was not declared in this scope
  110 |                 [01;31m[Kpath_point_tmp[m[K.vx = 0.0;
      |                 [01;31m[K^~~~~~~~~~~~~~[m[K
[01m[K/home/ros_ws/ros_ws/b2_ws/src/b2_ctrl/src/b2_z1_control.cpp:282:41:[m[K [01;31m[Kerror: [m[Kexpected primary-expression before â€˜[01m[K=[m[Kâ€™ token
  282 |             arm_command.directions[3] = [01;31m[K=[m[K arm_command.directions[3] - 0.05; // X-
      |                                         [01;31m[K^[m[K
gmake[2]: *** [CMakeFiles/b2_z1_control.dir/build.make:76: CMakeFiles/b2_z1_control.dir/src/b2_z1_control.cpp.o] Error 1
gmake[1]: *** [CMakeFiles/Makefile2:361: CMakeFiles/b2_z1_control.dir/all] Error 2
gmake: *** [Makefile:146: all] Error 2
