[01m[K/home/ros_ws/ros_ws/b2_ws/src/z1_nodes/src/z1_manager.cpp:97:33:[m[K [01;31m[Kerror: [m[Kâ€˜[01m[Kz1_interfaces[m[Kâ€™ does not name a type
   97 |     void control_callback(const [01;31m[Kz1_interfaces[m[K::msg::ArmControlCommand::SharedPtr msg) {
      |                                 [01;31m[K^~~~~~~~~~~~~[m[K
[01m[K/home/ros_ws/ros_ws/b2_ws/src/z1_nodes/src/z1_manager.cpp:97:51:[m[K [01;31m[Kerror: [m[Kexpected unqualified-id before â€˜[01m[K::[m[Kâ€™ token
   97 |     void control_callback(const z1_interfaces::msg[01;31m[K::[m[KArmControlCommand::SharedPtr msg) {
      |                                                   [01;31m[K^~[m[K
[01m[K/home/ros_ws/ros_ws/b2_ws/src/z1_nodes/src/z1_manager.cpp:97:51:[m[K [01;31m[Kerror: [m[Kexpected â€˜[01m[K)[m[Kâ€™ before â€˜[01m[K::[m[Kâ€™ token
   97 |     void control_callback[34m[K([m[Kconst z1_interfaces::msg[01;31m[K:[m[K[32m[K:[m[KArmControlCommand::SharedPtr msg) {
      |                          [34m[K~[m[K                        [01;31m[K^[m[K[32m[K~[m[K
      |                                                   [32m[K)[m[K
[01m[K/home/ros_ws/ros_ws/b2_ws/src/z1_nodes/src/z1_manager.cpp:97:48:[m[K [01;31m[Kerror: [m[Kexpected â€˜[01m[K;[m[Kâ€™ at end of member declaration
   97 |     void control_callback(const z1_interfaces::[01;31m[Kmsg[m[K::ArmControlCommand::SharedPtr msg) {
      |                                                [01;31m[K^~~[m[K
      |                                                   [32m[K;[m[K
[01m[K/home/ros_ws/ros_ws/b2_ws/src/z1_nodes/src/z1_manager.cpp:97:53:[m[K [01;31m[Kerror: [m[Kâ€˜[01m[KArmControlCommand[m[Kâ€™ in namespace â€˜[01m[K::[m[Kâ€™ does not name a type
   97 |     void control_callback(const z1_interfaces::msg::[01;31m[KArmControlCommand[m[K::SharedPtr msg) {
      |                                                     [01;31m[K^~~~~~~~~~~~~~~~~[m[K
[01m[K/home/ros_ws/ros_ws/b2_ws/src/z1_nodes/src/z1_manager.cpp:149:26:[m[K [01;31m[Kerror: [m[Kâ€˜[01m[Kz1_interfaces[m[Kâ€™ was not declared in this scope; did you mean â€˜[01m[Krcl_interfaces[m[Kâ€™?
  149 |     rclcpp::Subscription<[01;31m[Kz1_interfaces[m[K::msg::ArmControlCommand>::SharedPtr subscription_;
      |                          [01;31m[K^~~~~~~~~~~~~[m[K
      |                          [32m[Krcl_interfaces[m[K
[01m[K/home/ros_ws/ros_ws/b2_ws/src/z1_nodes/src/z1_manager.cpp:149:63:[m[K [01;31m[Kerror: [m[Ktemplate argument 1 is invalid
  149 |     rclcpp::Subscription<z1_interfaces::msg::ArmControlCommand[01;31m[K>[m[K::SharedPtr subscription_;
      |                                                               [01;31m[K^[m[K
[01m[K/home/ros_ws/ros_ws/b2_ws/src/z1_nodes/src/z1_manager.cpp:149:63:[m[K [01;31m[Kerror: [m[Ktemplate argument 3 is invalid
[01m[K/home/ros_ws/ros_ws/b2_ws/src/z1_nodes/src/z1_manager.cpp:149:63:[m[K [01;31m[Kerror: [m[Ktemplate argument 4 is invalid
[01m[K/home/ros_ws/ros_ws/b2_ws/src/z1_nodes/src/z1_manager.cpp:149:63:[m[K [01;31m[Kerror: [m[Ktemplate argument 5 is invalid
[01m[K/home/ros_ws/ros_ws/b2_ws/src/z1_nodes/src/z1_manager.cpp:149:66:[m[K [01;31m[Kerror: [m[Kexpected â€˜[01m[K;[m[Kâ€™ at end of member declaration
  149 |     rclcpp::Subscription<z1_interfaces::msg::ArmControlCommand>::[01;31m[KSharedPtr[m[K subscription_;
      |                                                                  [01;31m[K^~~~~~~~~[m[K
      |                                                                           [32m[K;[m[K
[01m[K/home/ros_ws/ros_ws/b2_ws/src/z1_nodes/src/z1_manager.cpp:149:76:[m[K [01;31m[Kerror: [m[Kâ€˜[01m[Ksubscription_[m[Kâ€™ does not name a type; did you mean â€˜[01m[Krmw_subscription_t[m[Kâ€™?
  149 |     rclcpp::Subscription<z1_interfaces::msg::ArmControlCommand>::SharedPtr [01;31m[Ksubscription_[m[K;
      |                                                                            [01;31m[K^~~~~~~~~~~~~[m[K
      |                                                                            [32m[Krmw_subscription_t[m[K
gmake[2]: *** [CMakeFiles/z1_manager.dir/build.make:76: CMakeFiles/z1_manager.dir/src/z1_manager.cpp.o] Error 1
gmake[1]: *** [CMakeFiles/Makefile2:139: CMakeFiles/z1_manager.dir/all] Error 2
gmake: *** [Makefile:146: all] Error 2
