[0.018s] Invoking command in '/home/ros_ws/ros_ws/b2_ws/build/z1_nodes': CMAKE_PREFIX_PATH=/home/ros_ws/ros_ws/b2_ws/install/z1_interfaces:/home/ros_ws/ros_ws/b2_ws/install/z1_urdf:/home/ros_ws/ros_ws/b2_ws/install/z1_nodes:/home/ros_ws/ros_ws/b2_ws/install/py_cpp:/home/ros_ws/ros_ws/b2_ws/install/b2_urdf:/home/ros_ws/ros_ws/b2_ws/install/b2_ctrl:/home/ros_ws/ros_ws/unitree_ros2/cyclonedds_ws/install/unitree_hg:/home/ros_ws/ros_ws/unitree_ros2/cyclonedds_ws/install/unitree_go:/home/ros_ws/ros_ws/unitree_ros2/cyclonedds_ws/install/unitree_api:/home/ros_ws/ros_ws/unitree_ros2/cyclonedds_ws/install/rmw_cyclonedds_cpp:/home/ros_ws/ros_ws/unitree_ros2/cyclonedds_ws/install/cyclonedds:/unitree_sdk2:/home/ros_ws/ros_ws/b2_ws/install/b2_nodes:/opt/ros/humble: LD_LIBRARY_PATH=/home/ros_ws/ros_ws/b2_ws/install/z1_interfaces/lib:/home/ros_ws/ros_ws/unitree_ros2/cyclonedds_ws/install/unitree_hg/lib:/home/ros_ws/ros_ws/unitree_ros2/cyclonedds_ws/install/unitree_go/lib:/home/ros_ws/ros_ws/unitree_ros2/cyclonedds_ws/install/unitree_api/lib:/home/ros_ws/ros_ws/unitree_ros2/cyclonedds_ws/install/rmw_cyclonedds_cpp/lib:/home/ros_ws/ros_ws/unitree_ros2/cyclonedds_ws/install/cyclonedds/lib:/usr/lib/x86_64-linux-gnu/gazebo-11/plugins:/opt/ros/humble/opt/rviz_ogre_vendor/lib:/opt/ros/humble/lib/x86_64-linux-gnu:/opt/ros/humble/lib:/z1_controller/lib:/z1_sdk/lib:/z1_controller/lib:/z1_sdk/lib /usr/bin/cmake --build /home/ros_ws/ros_ws/b2_ws/build/z1_nodes -- -j16 -l16
[0.076s] [35m[1mConsolidate compiler generated dependencies of target z1_manager[0m
[0.093s] [ 50%] Built target z1_parse_joint_state
[0.109s] [ 75%] [32mBuilding CXX object CMakeFiles/z1_manager.dir/src/z1_manager.cpp.o[0m
[3.227s] [01m[K/home/ros_ws/ros_ws/b2_ws/src/z1_nodes/src/z1_manager.cpp:97:33:[m[K [01;31m[Kerror: [m[Kâ€˜[01m[Kz1_interfaces[m[Kâ€™ does not name a type
[3.227s]    97 |     void control_callback(const [01;31m[Kz1_interfaces[m[K::msg::ArmControlCommand::SharedPtr msg) {
[3.228s]       |                                 [01;31m[K^~~~~~~~~~~~~[m[K
[3.228s] [01m[K/home/ros_ws/ros_ws/b2_ws/src/z1_nodes/src/z1_manager.cpp:97:51:[m[K [01;31m[Kerror: [m[Kexpected unqualified-id before â€˜[01m[K::[m[Kâ€™ token
[3.228s]    97 |     void control_callback(const z1_interfaces::msg[01;31m[K::[m[KArmControlCommand::SharedPtr msg) {
[3.228s]       |                                                   [01;31m[K^~[m[K
[3.228s] [01m[K/home/ros_ws/ros_ws/b2_ws/src/z1_nodes/src/z1_manager.cpp:97:51:[m[K [01;31m[Kerror: [m[Kexpected â€˜[01m[K)[m[Kâ€™ before â€˜[01m[K::[m[Kâ€™ token
[3.228s]    97 |     void control_callback[34m[K([m[Kconst z1_interfaces::msg[01;31m[K:[m[K[32m[K:[m[KArmControlCommand::SharedPtr msg) {
[3.228s]       |                          [34m[K~[m[K                        [01;31m[K^[m[K[32m[K~[m[K
[3.228s]       |                                                   [32m[K)[m[K
[3.228s] [01m[K/home/ros_ws/ros_ws/b2_ws/src/z1_nodes/src/z1_manager.cpp:97:48:[m[K [01;31m[Kerror: [m[Kexpected â€˜[01m[K;[m[Kâ€™ at end of member declaration
[3.228s]    97 |     void control_callback(const z1_interfaces::[01;31m[Kmsg[m[K::ArmControlCommand::SharedPtr msg) {
[3.228s]       |                                                [01;31m[K^~~[m[K
[3.228s]       |                                                   [32m[K;[m[K
[3.231s] [01m[K/home/ros_ws/ros_ws/b2_ws/src/z1_nodes/src/z1_manager.cpp:97:53:[m[K [01;31m[Kerror: [m[Kâ€˜[01m[KArmControlCommand[m[Kâ€™ in namespace â€˜[01m[K::[m[Kâ€™ does not name a type
[3.231s]    97 |     void control_callback(const z1_interfaces::msg::[01;31m[KArmControlCommand[m[K::SharedPtr msg) {
[3.231s]       |                                                     [01;31m[K^~~~~~~~~~~~~~~~~[m[K
[3.239s] [01m[K/home/ros_ws/ros_ws/b2_ws/src/z1_nodes/src/z1_manager.cpp:149:26:[m[K [01;31m[Kerror: [m[Kâ€˜[01m[Kz1_interfaces[m[Kâ€™ was not declared in this scope; did you mean â€˜[01m[Krcl_interfaces[m[Kâ€™?
[3.239s]   149 |     rclcpp::Subscription<[01;31m[Kz1_interfaces[m[K::msg::ArmControlCommand>::SharedPtr subscription_;
[3.239s]       |                          [01;31m[K^~~~~~~~~~~~~[m[K
[3.239s]       |                          [32m[Krcl_interfaces[m[K
[3.239s] [01m[K/home/ros_ws/ros_ws/b2_ws/src/z1_nodes/src/z1_manager.cpp:149:63:[m[K [01;31m[Kerror: [m[Ktemplate argument 1 is invalid
[3.239s]   149 |     rclcpp::Subscription<z1_interfaces::msg::ArmControlCommand[01;31m[K>[m[K::SharedPtr subscription_;
[3.240s]       |                                                               [01;31m[K^[m[K
[3.240s] [01m[K/home/ros_ws/ros_ws/b2_ws/src/z1_nodes/src/z1_manager.cpp:149:63:[m[K [01;31m[Kerror: [m[Ktemplate argument 3 is invalid
[3.240s] [01m[K/home/ros_ws/ros_ws/b2_ws/src/z1_nodes/src/z1_manager.cpp:149:63:[m[K [01;31m[Kerror: [m[Ktemplate argument 4 is invalid
[3.240s] [01m[K/home/ros_ws/ros_ws/b2_ws/src/z1_nodes/src/z1_manager.cpp:149:63:[m[K [01;31m[Kerror: [m[Ktemplate argument 5 is invalid
[3.240s] [01m[K/home/ros_ws/ros_ws/b2_ws/src/z1_nodes/src/z1_manager.cpp:149:66:[m[K [01;31m[Kerror: [m[Kexpected â€˜[01m[K;[m[Kâ€™ at end of member declaration
[3.240s]   149 |     rclcpp::Subscription<z1_interfaces::msg::ArmControlCommand>::[01;31m[KSharedPtr[m[K subscription_;
[3.240s]       |                                                                  [01;31m[K^~~~~~~~~[m[K
[3.240s]       |                                                                           [32m[K;[m[K
[3.241s] [01m[K/home/ros_ws/ros_ws/b2_ws/src/z1_nodes/src/z1_manager.cpp:149:76:[m[K [01;31m[Kerror: [m[Kâ€˜[01m[Ksubscription_[m[Kâ€™ does not name a type; did you mean â€˜[01m[Krmw_subscription_t[m[Kâ€™?
[3.241s]   149 |     rclcpp::Subscription<z1_interfaces::msg::ArmControlCommand>::SharedPtr [01;31m[Ksubscription_[m[K;
[3.241s]       |                                                                            [01;31m[K^~~~~~~~~~~~~[m[K
[3.241s]       |                                                                            [32m[Krmw_subscription_t[m[K
[4.425s] gmake[2]: *** [CMakeFiles/z1_manager.dir/build.make:76: CMakeFiles/z1_manager.dir/src/z1_manager.cpp.o] Error 1
[4.426s] gmake[1]: *** [CMakeFiles/Makefile2:139: CMakeFiles/z1_manager.dir/all] Error 2
[4.426s] gmake: *** [Makefile:146: all] Error 2
[4.428s] Invoked command in '/home/ros_ws/ros_ws/b2_ws/build/z1_nodes' returned '2': CMAKE_PREFIX_PATH=/home/ros_ws/ros_ws/b2_ws/install/z1_interfaces:/home/ros_ws/ros_ws/b2_ws/install/z1_urdf:/home/ros_ws/ros_ws/b2_ws/install/z1_nodes:/home/ros_ws/ros_ws/b2_ws/install/py_cpp:/home/ros_ws/ros_ws/b2_ws/install/b2_urdf:/home/ros_ws/ros_ws/b2_ws/install/b2_ctrl:/home/ros_ws/ros_ws/unitree_ros2/cyclonedds_ws/install/unitree_hg:/home/ros_ws/ros_ws/unitree_ros2/cyclonedds_ws/install/unitree_go:/home/ros_ws/ros_ws/unitree_ros2/cyclonedds_ws/install/unitree_api:/home/ros_ws/ros_ws/unitree_ros2/cyclonedds_ws/install/rmw_cyclonedds_cpp:/home/ros_ws/ros_ws/unitree_ros2/cyclonedds_ws/install/cyclonedds:/unitree_sdk2:/home/ros_ws/ros_ws/b2_ws/install/b2_nodes:/opt/ros/humble: LD_LIBRARY_PATH=/home/ros_ws/ros_ws/b2_ws/install/z1_interfaces/lib:/home/ros_ws/ros_ws/unitree_ros2/cyclonedds_ws/install/unitree_hg/lib:/home/ros_ws/ros_ws/unitree_ros2/cyclonedds_ws/install/unitree_go/lib:/home/ros_ws/ros_ws/unitree_ros2/cyclonedds_ws/install/unitree_api/lib:/home/ros_ws/ros_ws/unitree_ros2/cyclonedds_ws/install/rmw_cyclonedds_cpp/lib:/home/ros_ws/ros_ws/unitree_ros2/cyclonedds_ws/install/cyclonedds/lib:/usr/lib/x86_64-linux-gnu/gazebo-11/plugins:/opt/ros/humble/opt/rviz_ogre_vendor/lib:/opt/ros/humble/lib/x86_64-linux-gnu:/opt/ros/humble/lib:/z1_controller/lib:/z1_sdk/lib:/z1_controller/lib:/z1_sdk/lib /usr/bin/cmake --build /home/ros_ws/ros_ws/b2_ws/build/z1_nodes -- -j16 -l16
